2025-05-13 19:26:02.864 [info] [main] Log level: Info
2025-05-13 19:26:02.864 [info] [main] Validating found git in: "git"
2025-05-13 19:26:02.864 [info] [main] Using git "2.47.2" from "git"
2025-05-13 19:26:02.864 [info] [Model][doInitialScan] Initial repository scan started
2025-05-13 19:26:02.867 [info] > git rev-parse --show-toplevel [8ms]
2025-05-13 19:26:02.867 [info] fatal: not a git repository (or any of the parent directories): .git
2025-05-13 19:26:02.907 [info] > git rev-parse --show-toplevel [2ms]
2025-05-13 19:26:02.907 [info] fatal: not a git repository (or any of the parent directories): .git
2025-05-13 19:26:02.915 [info] > git rev-parse --show-toplevel [1ms]
2025-05-13 19:26:02.915 [info] fatal: not a git repository (or any of the parent directories): .git
2025-05-13 19:26:02.923 [info] > git rev-parse --show-toplevel [1ms]
2025-05-13 19:26:02.923 [info] fatal: not a git repository (or any of the parent directories): .git
2025-05-13 19:26:02.930 [info] > git rev-parse --show-toplevel [1ms]
2025-05-13 19:26:02.930 [info] fatal: not a git repository (or any of the parent directories): .git
2025-05-13 19:26:02.937 [info] > git rev-parse --show-toplevel [2ms]
2025-05-13 19:26:02.937 [info] fatal: not a git repository (or any of the parent directories): .git
2025-05-13 19:26:02.943 [info] > git rev-parse --show-toplevel [1ms]
2025-05-13 19:26:02.943 [info] fatal: not a git repository (or any of the parent directories): .git
2025-05-13 19:26:02.951 [info] > git rev-parse --show-toplevel [1ms]
2025-05-13 19:26:02.951 [info] fatal: not a git repository (or any of the parent directories): .git
2025-05-13 19:26:02.959 [info] > git rev-parse --show-toplevel [1ms]
2025-05-13 19:26:02.959 [info] fatal: not a git repository (or any of the parent directories): .git
2025-05-13 19:26:02.966 [info] > git rev-parse --show-toplevel [1ms]
2025-05-13 19:26:02.966 [info] fatal: not a git repository (or any of the parent directories): .git
2025-05-13 19:26:02.973 [info] > git rev-parse --show-toplevel [1ms]
2025-05-13 19:26:02.973 [info] fatal: not a git repository (or any of the parent directories): .git
2025-05-13 19:26:02.979 [info] > git rev-parse --show-toplevel [1ms]
2025-05-13 19:26:02.979 [info] fatal: not a git repository (or any of the parent directories): .git
2025-05-13 19:26:02.985 [info] > git rev-parse --show-toplevel [1ms]
2025-05-13 19:26:02.985 [info] fatal: not a git repository (or any of the parent directories): .git
2025-05-13 19:26:02.991 [info] > git rev-parse --show-toplevel [1ms]
2025-05-13 19:26:02.991 [info] fatal: not a git repository (or any of the parent directories): .git
2025-05-13 19:26:02.998 [info] > git rev-parse --show-toplevel [1ms]
2025-05-13 19:26:02.998 [info] fatal: not a git repository (or any of the parent directories): .git
2025-05-13 19:26:03.004 [info] > git rev-parse --show-toplevel [0ms]
2025-05-13 19:26:03.005 [info] fatal: not a git repository (or any of the parent directories): .git
2025-05-13 19:26:03.012 [info] > git rev-parse --show-toplevel [2ms]
2025-05-13 19:26:03.012 [info] fatal: not a git repository (or any of the parent directories): .git
2025-05-13 19:26:03.019 [info] > git rev-parse --show-toplevel [1ms]
2025-05-13 19:26:03.019 [info] fatal: not a git repository (or any of the parent directories): .git
2025-05-13 19:26:03.019 [info] [Model][doInitialScan] Initial repository scan completed - repositories (0), closed repositories (0), parent repositories (0), unsafe repositories (0)
2025-05-13 19:26:03.377 [info] > git rev-parse --show-toplevel [4ms]
2025-05-13 19:26:03.377 [info] fatal: not a git repository (or any of the parent directories): .git
2025-05-13 19:26:03.926 [info] > git rev-parse --show-toplevel [1ms]
2025-05-13 19:26:03.926 [info] fatal: not a git repository (or any of the parent directories): .git
2025-05-13 19:26:16.850 [info] > git rev-parse --show-toplevel [2ms]
2025-05-13 19:26:16.851 [info] fatal: not a git repository (or any of the parent directories): .git
2025-05-13 19:26:32.125 [info] > git rev-parse --show-toplevel [1ms]
2025-05-13 19:26:32.125 [info] fatal: not a git repository (or any of the parent directories): .git
2025-05-13 19:26:42.607 [info] > git rev-parse --show-toplevel [2ms]
2025-05-13 19:26:42.607 [info] fatal: not a git repository (or any of the parent directories): .git
2025-05-13 19:26:49.788 [info] > git rev-parse --show-toplevel [1ms]
2025-05-13 19:26:49.788 [info] fatal: not a git repository (or any of the parent directories): .git
2025-05-13 19:26:55.318 [info] > git rev-parse --show-toplevel [1ms]
2025-05-13 19:26:55.318 [info] fatal: not a git repository (or any of the parent directories): .git
2025-05-13 19:26:56.540 [info] > git rev-parse --show-toplevel [1ms]
2025-05-13 19:26:56.540 [info] fatal: not a git repository (or any of the parent directories): .git
2025-05-13 19:29:53.891 [info] > git rev-parse --show-toplevel [1ms]
2025-05-13 19:29:53.891 [info] fatal: not a git repository (or any of the parent directories): .git
2025-05-13 19:31:51.965 [info] > git rev-parse --show-toplevel [2ms]
2025-05-13 19:31:51.965 [info] fatal: not a git repository (or any of the parent directories): .git
2025-05-13 19:32:18.583 [info] > git rev-parse --show-toplevel [1ms]
2025-05-13 19:32:18.583 [info] fatal: not a git repository (or any of the parent directories): .git
2025-05-13 19:32:22.466 [info] > git rev-parse --show-toplevel [1ms]
2025-05-13 19:32:22.466 [info] fatal: not a git repository (or any of the parent directories): .git
2025-05-13 19:32:23.734 [info] > git rev-parse --show-toplevel [2ms]
2025-05-13 19:32:23.734 [info] fatal: not a git repository (or any of the parent directories): .git
2025-05-13 19:32:30.885 [info] > git rev-parse --show-toplevel [1ms]
2025-05-13 19:32:30.885 [info] fatal: not a git repository (or any of the parent directories): .git
2025-05-13 19:32:56.001 [info] > git rev-parse --show-toplevel [1ms]
2025-05-13 19:32:56.001 [info] fatal: not a git repository (or any of the parent directories): .git
