2025-07-06 16:45:12.879 [info] Extension host with pid 2721 started
2025-07-06 16:45:12.879 [info] Skipping acquiring lock for /home/jordi/.config/VSCodium/User/workspaceStorage/e723760bd62d6c90507ab1e039c5355f.
2025-07-06 16:45:13.238 [info] ExtensionService#_doActivateExtension vscode.emmet, startup: false, activationEvent: 'onLanguage'
2025-07-06 16:45:13.255 [info] ExtensionService#_doActivateExtension REditorSupport.r, startup: false, activationEvent: 'onLanguage:rmd'
2025-07-06 16:45:13.576 [info] ExtensionService#_doActivateExtension vscode.git-base, startup: true, activationEvent: '*', root cause: vscode.git
2025-07-06 16:45:13.599 [info] ExtensionService#_doActivateExtension vscode.git, startup: true, activationEvent: '*'
2025-07-06 16:45:13.641 [info] ExtensionService#_doActivateExtension vscode.github, startup: true, activationEvent: '*'
2025-07-06 16:45:13.708 [info] Eager extensions activated
2025-07-06 16:45:13.737 [info] ExtensionService#_doActivateExtension vscode.debug-auto-launch, startup: false, activationEvent: 'onStartupFinished'
2025-07-06 16:45:13.740 [info] ExtensionService#_doActivateExtension vscode.merge-conflict, startup: false, activationEvent: 'onStartupFinished'
2025-07-06 16:45:13.833 [info] ExtensionService#_doActivateExtension vscode.configuration-editing, startup: false, activationEvent: 'onLanguage:jsonc'
2025-07-06 16:45:13.841 [info] ExtensionService#_doActivateExtension vscode.json-language-features, startup: false, activationEvent: 'onLanguage:jsonc'
2025-07-06 16:45:13.886 [info] ExtensionService#_doActivateExtension vscode.typescript-language-features, startup: false, activationEvent: 'onLanguage:jsonc'
2025-07-06 16:45:14.687 [error] Error: Client is not running and can't be stopped. It's current state is: starting
	at v.shutdown (/nix/store/x77i4vl2ny33h7719z90m1awf283mmiy-vscode-extension-reditorsupport-r-2.8.5/share/vscode/extensions/reditorsupport.r/dist/extension.js:2:538273)
	at v.stop (/nix/store/x77i4vl2ny33h7719z90m1awf283mmiy-vscode-extension-reditorsupport-r-2.8.5/share/vscode/extensions/reditorsupport.r/dist/extension.js:2:537854)
	at v.stop (/nix/store/x77i4vl2ny33h7719z90m1awf283mmiy-vscode-extension-reditorsupport-r-2.8.5/share/vscode/extensions/reditorsupport.r/dist/extension.js:2:704241)
	at ChildProcess.<anonymous> (/nix/store/x77i4vl2ny33h7719z90m1awf283mmiy-vscode-extension-reditorsupport-r-2.8.5/share/vscode/extensions/reditorsupport.r/dist/extension.js:2:345288)
	at ChildProcess.emit (node:events:530:35)
	at ChildProcess._handle.onexit (node:internal/child_process:293:12)
2025-07-06 16:49:40.393 [info] ExtensionService#_doActivateExtension vscode.media-preview, startup: false, activationEvent: 'onCustomEditor:imagePreview.previewEditor'
2025-07-06 16:54:43.667 [info] ExtensionService#_doActivateExtension vscode.html-language-features, startup: false, activationEvent: 'onLanguage:html'
2025-07-06 22:48:54.064 [info] Extension host terminating: renderer closed the MessagePort
2025-07-06 22:48:54.074 [info] Extension host with pid 2721 exiting with code 0
