2025-05-13 19:46:02.737 [info] [main] Log level: Info
2025-05-13 19:46:02.737 [info] [main] Validating found git in: "git"
2025-05-13 19:46:02.737 [info] [main] Using git "2.47.2" from "git"
2025-05-13 19:46:02.737 [info] [Model][doInitialScan] Initial repository scan started
2025-05-13 19:46:02.737 [info] > git rev-parse --show-toplevel [2ms]
2025-05-13 19:46:02.737 [info] fatal: not a git repository (or any of the parent directories): .git
2025-05-13 19:46:02.737 [info] > git rev-parse --show-toplevel [4ms]
2025-05-13 19:46:02.737 [info] fatal: not a git repository (or any of the parent directories): .git
2025-05-13 19:46:02.737 [info] > git rev-parse --show-toplevel [4ms]
2025-05-13 19:46:02.737 [info] fatal: not a git repository (or any of the parent directories): .git
2025-05-13 19:46:02.747 [info] > git rev-parse --show-toplevel [1ms]
2025-05-13 19:46:02.747 [info] fatal: not a git repository (or any of the parent directories): .git
2025-05-13 19:46:02.757 [info] > git rev-parse --show-toplevel [2ms]
2025-05-13 19:46:02.757 [info] fatal: not a git repository (or any of the parent directories): .git
2025-05-13 19:46:02.772 [info] > git rev-parse --show-toplevel [5ms]
2025-05-13 19:46:02.772 [info] fatal: not a git repository (or any of the parent directories): .git
2025-05-13 19:46:02.782 [info] > git rev-parse --show-toplevel [1ms]
2025-05-13 19:46:02.782 [info] fatal: not a git repository (or any of the parent directories): .git
2025-05-13 19:46:02.792 [info] > git rev-parse --show-toplevel [2ms]
2025-05-13 19:46:02.792 [info] fatal: not a git repository (or any of the parent directories): .git
2025-05-13 19:46:02.823 [info] > git rev-parse --show-toplevel [23ms]
2025-05-13 19:46:02.823 [info] fatal: not a git repository (or any of the parent directories): .git
2025-05-13 19:46:02.832 [info] > git rev-parse --show-toplevel [1ms]
2025-05-13 19:46:02.832 [info] fatal: not a git repository (or any of the parent directories): .git
2025-05-13 19:46:02.841 [info] > git rev-parse --show-toplevel [2ms]
2025-05-13 19:46:02.841 [info] fatal: not a git repository (or any of the parent directories): .git
2025-05-13 19:46:02.858 [info] > git rev-parse --show-toplevel [6ms]
2025-05-13 19:46:02.858 [info] fatal: not a git repository (or any of the parent directories): .git
2025-05-13 19:46:02.870 [info] > git rev-parse --show-toplevel [1ms]
2025-05-13 19:46:02.870 [info] fatal: not a git repository (or any of the parent directories): .git
2025-05-13 19:46:02.881 [info] > git rev-parse --show-toplevel [2ms]
2025-05-13 19:46:02.881 [info] fatal: not a git repository (or any of the parent directories): .git
2025-05-13 19:46:02.889 [info] > git rev-parse --show-toplevel [1ms]
2025-05-13 19:46:02.889 [info] fatal: not a git repository (or any of the parent directories): .git
2025-05-13 19:46:02.896 [info] > git rev-parse --show-toplevel [1ms]
2025-05-13 19:46:02.896 [info] fatal: not a git repository (or any of the parent directories): .git
2025-05-13 19:46:02.906 [info] > git rev-parse --show-toplevel [3ms]
2025-05-13 19:46:02.906 [info] fatal: not a git repository (or any of the parent directories): .git
2025-05-13 19:46:02.920 [info] > git rev-parse --show-toplevel [6ms]
2025-05-13 19:46:02.920 [info] fatal: not a git repository (or any of the parent directories): .git
2025-05-13 19:46:02.931 [info] > git rev-parse --show-toplevel [2ms]
2025-05-13 19:46:02.931 [info] fatal: not a git repository (or any of the parent directories): .git
2025-05-13 19:46:02.931 [info] [Model][doInitialScan] Initial repository scan completed - repositories (0), closed repositories (0), parent repositories (0), unsafe repositories (0)
2025-05-13 19:46:02.942 [info] > git rev-parse --show-toplevel [2ms]
2025-05-13 19:46:02.942 [info] fatal: not a git repository (or any of the parent directories): .git
2025-05-13 19:46:03.073 [info] > git rev-parse --show-toplevel [5ms]
2025-05-13 19:46:03.073 [info] fatal: not a git repository (or any of the parent directories): .git
2025-05-13 19:46:03.266 [info] > git rev-parse --show-toplevel [2ms]
2025-05-13 19:46:03.266 [info] fatal: not a git repository (or any of the parent directories): .git
2025-05-13 19:46:03.824 [info] > git rev-parse --show-toplevel [1ms]
2025-05-13 19:46:03.824 [info] fatal: not a git repository (or any of the parent directories): .git
