2025-05-10 15:50:21.324 [info] Extension host with pid 23223 started
2025-05-10 15:50:21.324 [info] Skipping acquiring lock for /home/jordi/.config/VSCodium/User/workspaceStorage/d7d389b45f6924c0fc310b6f662f561e.
2025-05-10 15:50:21.440 [info] ExtensionService#_doActivateExtension vscode.emmet, startup: false, activationEvent: 'onLanguage'
2025-05-10 15:50:21.456 [info] ExtensionService#_doActivateExtension REditorSupport.r, startup: false, activationEvent: 'onLanguage:r'
2025-05-10 15:50:21.631 [info] ExtensionService#_doActivateExtension vscode.git-base, startup: true, activationEvent: '*', root cause: vscode.git
2025-05-10 15:50:21.634 [info] ExtensionService#_doActivateExtension vscode.git, startup: true, activationEvent: '*'
2025-05-10 15:50:21.688 [info] ExtensionService#_doActivateExtension vscode.github, startup: true, activationEvent: '*'
2025-05-10 15:50:21.737 [info] Eager extensions activated
2025-05-10 15:50:21.764 [info] ExtensionService#_doActivateExtension vscode.debug-auto-launch, startup: false, activationEvent: 'onStartupFinished'
2025-05-10 15:50:21.767 [info] ExtensionService#_doActivateExtension vscode.merge-conflict, startup: false, activationEvent: 'onStartupFinished'
2025-05-10 15:50:22.889 [error] Error: Client is not running and can't be stopped. It's current state is: starting
	at v.shutdown (/nix/store/bkgwf2x3kjx97d6ll79gscnlhjydx9xb-vscode-extension-reditorsupport-r-2.8.5/share/vscode/extensions/reditorsupport.r/dist/extension.js:2:538273)
	at v.stop (/nix/store/bkgwf2x3kjx97d6ll79gscnlhjydx9xb-vscode-extension-reditorsupport-r-2.8.5/share/vscode/extensions/reditorsupport.r/dist/extension.js:2:537854)
	at v.stop (/nix/store/bkgwf2x3kjx97d6ll79gscnlhjydx9xb-vscode-extension-reditorsupport-r-2.8.5/share/vscode/extensions/reditorsupport.r/dist/extension.js:2:704241)
	at ChildProcess.<anonymous> (/nix/store/bkgwf2x3kjx97d6ll79gscnlhjydx9xb-vscode-extension-reditorsupport-r-2.8.5/share/vscode/extensions/reditorsupport.r/dist/extension.js:2:345288)
	at ChildProcess.emit (node:events:530:35)
	at ChildProcess._handle.onexit (node:internal/child_process:293:12)
2025-05-10 15:51:57.789 [info] ExtensionService#_doActivateExtension vscode.npm, startup: false, activationEvent: 'onTerminalQuickFixRequest:ms-vscode.npm-command'
2025-05-10 15:52:02.840 [info] ExtensionService#_doActivateExtension vscode.configuration-editing, startup: false, activationEvent: 'onLanguage:json'
2025-05-10 15:52:02.848 [info] ExtensionService#_doActivateExtension vscode.extension-editing, startup: false, activationEvent: 'onLanguage:json'
2025-05-10 15:52:02.857 [info] ExtensionService#_doActivateExtension vscode.json-language-features, startup: false, activationEvent: 'onLanguage:json'
2025-05-10 15:54:01.206 [info] Extension host terminating: renderer closed the MessagePort
2025-05-10 15:54:01.212 [info] Extension host with pid 23223 exiting with code 0
