2025-05-10 15:50:21.795 [info] [main] Log level: Info
2025-05-10 15:50:21.795 [info] [main] Validating found git in: "git"
2025-05-10 15:50:21.795 [info] [main] Using git "2.47.2" from "git"
2025-05-10 15:50:21.795 [info] [Model][doInitialScan] Initial repository scan started
2025-05-10 15:50:21.795 [info] > git rev-parse --show-toplevel [6ms]
2025-05-10 15:50:21.795 [info] fatal: not a git repository (or any of the parent directories): .git
2025-05-10 15:50:21.795 [info] > git rev-parse --show-toplevel [20ms]
2025-05-10 15:50:21.795 [info] fatal: not a git repository (or any of the parent directories): .git
2025-05-10 15:50:21.795 [info] > git rev-parse --show-toplevel [3ms]
2025-05-10 15:50:21.795 [info] fatal: not a git repository (or any of the parent directories): .git
2025-05-10 15:50:21.802 [info] > git rev-parse --show-toplevel [1ms]
2025-05-10 15:50:21.802 [info] fatal: not a git repository (or any of the parent directories): .git
2025-05-10 15:50:21.809 [info] > git rev-parse --show-toplevel [2ms]
2025-05-10 15:50:21.809 [info] fatal: not a git repository (or any of the parent directories): .git
2025-05-10 15:50:21.815 [info] > git rev-parse --show-toplevel [2ms]
2025-05-10 15:50:21.815 [info] fatal: not a git repository (or any of the parent directories): .git
2025-05-10 15:50:21.822 [info] > git rev-parse --show-toplevel [2ms]
2025-05-10 15:50:21.822 [info] fatal: not a git repository (or any of the parent directories): .git
2025-05-10 15:50:21.829 [info] > git rev-parse --show-toplevel [1ms]
2025-05-10 15:50:21.829 [info] fatal: not a git repository (or any of the parent directories): .git
2025-05-10 15:50:21.835 [info] > git rev-parse --show-toplevel [1ms]
2025-05-10 15:50:21.835 [info] fatal: not a git repository (or any of the parent directories): .git
2025-05-10 15:50:21.841 [info] > git rev-parse --show-toplevel [1ms]
2025-05-10 15:50:21.841 [info] fatal: not a git repository (or any of the parent directories): .git
2025-05-10 15:50:21.847 [info] > git rev-parse --show-toplevel [1ms]
2025-05-10 15:50:21.848 [info] fatal: not a git repository (or any of the parent directories): .git
2025-05-10 15:50:21.854 [info] > git rev-parse --show-toplevel [1ms]
2025-05-10 15:50:21.854 [info] fatal: not a git repository (or any of the parent directories): .git
2025-05-10 15:50:21.860 [info] > git rev-parse --show-toplevel [1ms]
2025-05-10 15:50:21.860 [info] fatal: not a git repository (or any of the parent directories): .git
2025-05-10 15:50:21.865 [info] > git rev-parse --show-toplevel [1ms]
2025-05-10 15:50:21.865 [info] fatal: not a git repository (or any of the parent directories): .git
2025-05-10 15:50:21.871 [info] > git rev-parse --show-toplevel [1ms]
2025-05-10 15:50:21.871 [info] fatal: not a git repository (or any of the parent directories): .git
2025-05-10 15:50:21.876 [info] > git rev-parse --show-toplevel [1ms]
2025-05-10 15:50:21.876 [info] fatal: not a git repository (or any of the parent directories): .git
2025-05-10 15:50:21.881 [info] > git rev-parse --show-toplevel [1ms]
2025-05-10 15:50:21.881 [info] fatal: not a git repository (or any of the parent directories): .git
2025-05-10 15:50:21.887 [info] > git rev-parse --show-toplevel [1ms]
2025-05-10 15:50:21.887 [info] fatal: not a git repository (or any of the parent directories): .git
2025-05-10 15:50:21.893 [info] > git rev-parse --show-toplevel [1ms]
2025-05-10 15:50:21.893 [info] fatal: not a git repository (or any of the parent directories): .git
2025-05-10 15:50:21.898 [info] > git rev-parse --show-toplevel [1ms]
2025-05-10 15:50:21.898 [info] fatal: not a git repository (or any of the parent directories): .git
2025-05-10 15:50:21.898 [info] [Model][doInitialScan] Initial repository scan completed - repositories (0), closed repositories (0), parent repositories (0), unsafe repositories (0)
2025-05-10 15:50:22.675 [info] > git rev-parse --show-toplevel [2ms]
2025-05-10 15:50:22.675 [info] fatal: not a git repository (or any of the parent directories): .git
2025-05-10 15:50:23.254 [info] > git rev-parse --show-toplevel [1ms]
2025-05-10 15:50:23.254 [info] fatal: not a git repository (or any of the parent directories): .git
