2025-04-25 17:49:21.767 [info] Getting Manifest... ms-python.python
2025-04-25 17:49:22.457 [info] Installing extension: ms-python.python {"isMachineScoped":false,"installPreReleaseVersion":false,"pinned":false,"profileLocation":{"$mid":1,"external":"vscode-userdata:/home/jordi/.vscode-oss/extensions/extensions.json","path":"/home/jordi/.vscode-oss/extensions/extensions.json","scheme":"vscode-userdata"},"installOnlyNewlyAddedFromExtensionPack":true,"isApplicationScoped":false,"productVersion":{"version":"1.97.2","date":"2025-02-14T18:21:12.766Z"}}
2025-04-25 17:49:22.602 [info] Getting Manifest... ms-python.debugpy
2025-04-25 17:49:22.787 [info] Installing extension: ms-python.debugpy {"isMachineScoped":false,"installPreReleaseVersion":false,"pinned":false,"profileLocation":{"$mid":1,"external":"vscode-userdata:/home/jordi/.vscode-oss/extensions/extensions.json","path":"/home/jordi/.vscode-oss/extensions/extensions.json","scheme":"vscode-userdata"},"installOnlyNewlyAddedFromExtensionPack":true,"isApplicationScoped":false,"productVersion":{"version":"1.97.2","date":"2025-02-14T18:21:12.766Z"},"context":{"dependecyOrPackExtensionInstall":true}}
2025-04-25 17:49:24.426 [info] Extracted extension to file:///home/jordi/.vscode-oss/extensions/ms-python.debugpy-2025.6.0-linux-x64: ms-python.debugpy
2025-04-25 17:49:24.440 [info] Renamed to /home/jordi/.vscode-oss/extensions/ms-python.debugpy-2025.6.0-linux-x64
2025-04-25 17:49:24.578 [info] Getting Manifest... ms-toolsai.jupyter
2025-04-25 17:49:24.717 [info] Extracted extension to file:///home/jordi/.vscode-oss/extensions/ms-python.python-2025.4.0-universal: ms-python.python
2025-04-25 17:49:24.763 [info] Installing extension: ms-toolsai.jupyter {"isMachineScoped":false,"installPreReleaseVersion":false,"pinned":false,"profileLocation":{"$mid":1,"external":"vscode-userdata:/home/jordi/.vscode-oss/extensions/extensions.json","path":"/home/jordi/.vscode-oss/extensions/extensions.json","scheme":"vscode-userdata"},"installOnlyNewlyAddedFromExtensionPack":true,"isApplicationScoped":false,"productVersion":{"version":"1.97.2","date":"2025-02-14T18:21:12.766Z"}}
2025-04-25 17:49:24.773 [info] Renamed to /home/jordi/.vscode-oss/extensions/ms-python.python-2025.4.0-universal
2025-04-25 17:49:24.788 [info] Extension installed successfully: ms-python.debugpy vscode-userdata:/home/jordi/.vscode-oss/extensions/extensions.json
2025-04-25 17:49:24.788 [info] Extension installed successfully: ms-python.python vscode-userdata:/home/jordi/.vscode-oss/extensions/extensions.json
2025-04-25 17:49:26.103 [info] Getting Manifest... ms-toolsai.jupyter-renderers
2025-04-25 17:49:26.276 [info] Getting Manifest... ms-toolsai.jupyter-keymap
2025-04-25 17:49:26.454 [info] Getting Manifest... ms-toolsai.vscode-jupyter-cell-tags
2025-04-25 17:49:26.631 [info] Getting Manifest... ms-toolsai.vscode-jupyter-slideshow
2025-04-25 17:49:26.820 [info] Installing extension: ms-toolsai.jupyter-renderers {"isMachineScoped":false,"installPreReleaseVersion":false,"pinned":false,"profileLocation":{"$mid":1,"external":"vscode-userdata:/home/jordi/.vscode-oss/extensions/extensions.json","path":"/home/jordi/.vscode-oss/extensions/extensions.json","scheme":"vscode-userdata"},"installOnlyNewlyAddedFromExtensionPack":true,"isApplicationScoped":false,"productVersion":{"version":"1.97.2","date":"2025-02-14T18:21:12.766Z"},"context":{"dependecyOrPackExtensionInstall":true}}
2025-04-25 17:49:26.820 [info] Installing extension: ms-toolsai.jupyter-keymap {"isMachineScoped":false,"installPreReleaseVersion":false,"pinned":false,"profileLocation":{"$mid":1,"external":"vscode-userdata:/home/jordi/.vscode-oss/extensions/extensions.json","path":"/home/jordi/.vscode-oss/extensions/extensions.json","scheme":"vscode-userdata"},"installOnlyNewlyAddedFromExtensionPack":true,"isApplicationScoped":false,"productVersion":{"version":"1.97.2","date":"2025-02-14T18:21:12.766Z"},"context":{"dependecyOrPackExtensionInstall":true}}
2025-04-25 17:49:26.820 [info] Installing extension: ms-toolsai.vscode-jupyter-cell-tags {"isMachineScoped":false,"installPreReleaseVersion":false,"pinned":false,"profileLocation":{"$mid":1,"external":"vscode-userdata:/home/jordi/.vscode-oss/extensions/extensions.json","path":"/home/jordi/.vscode-oss/extensions/extensions.json","scheme":"vscode-userdata"},"installOnlyNewlyAddedFromExtensionPack":true,"isApplicationScoped":false,"productVersion":{"version":"1.97.2","date":"2025-02-14T18:21:12.766Z"},"context":{"dependecyOrPackExtensionInstall":true}}
2025-04-25 17:49:26.821 [info] Installing extension: ms-toolsai.vscode-jupyter-slideshow {"isMachineScoped":false,"installPreReleaseVersion":false,"pinned":false,"profileLocation":{"$mid":1,"external":"vscode-userdata:/home/jordi/.vscode-oss/extensions/extensions.json","path":"/home/jordi/.vscode-oss/extensions/extensions.json","scheme":"vscode-userdata"},"installOnlyNewlyAddedFromExtensionPack":true,"isApplicationScoped":false,"productVersion":{"version":"1.97.2","date":"2025-02-14T18:21:12.766Z"},"context":{"dependecyOrPackExtensionInstall":true}}
2025-04-25 17:49:27.283 [info] Extracted extension to file:///home/jordi/.vscode-oss/extensions/ms-toolsai.jupyter-keymap-1.1.2-universal: ms-toolsai.jupyter-keymap
2025-04-25 17:49:27.286 [info] Renamed to /home/jordi/.vscode-oss/extensions/ms-toolsai.jupyter-keymap-1.1.2-universal
2025-04-25 17:49:27.374 [info] Extracted extension to file:///home/jordi/.vscode-oss/extensions/ms-toolsai.vscode-jupyter-cell-tags-0.1.9-universal: ms-toolsai.vscode-jupyter-cell-tags
2025-04-25 17:49:27.378 [info] Renamed to /home/jordi/.vscode-oss/extensions/ms-toolsai.vscode-jupyter-cell-tags-0.1.9-universal
2025-04-25 17:49:27.421 [info] Extracted extension to file:///home/jordi/.vscode-oss/extensions/ms-toolsai.vscode-jupyter-slideshow-0.1.6-universal: ms-toolsai.vscode-jupyter-slideshow
2025-04-25 17:49:27.424 [info] Renamed to /home/jordi/.vscode-oss/extensions/ms-toolsai.vscode-jupyter-slideshow-0.1.6-universal
2025-04-25 17:49:27.750 [info] Extracted extension to file:///home/jordi/.vscode-oss/extensions/ms-toolsai.jupyter-2025.1.0-universal: ms-toolsai.jupyter
2025-04-25 17:49:27.769 [info] Renamed to /home/jordi/.vscode-oss/extensions/ms-toolsai.jupyter-2025.1.0-universal
2025-04-25 17:49:27.778 [info] Extracted extension to file:///home/jordi/.vscode-oss/extensions/ms-toolsai.jupyter-renderers-1.1.0-universal: ms-toolsai.jupyter-renderers
2025-04-25 17:49:27.785 [info] Renamed to /home/jordi/.vscode-oss/extensions/ms-toolsai.jupyter-renderers-1.1.0-universal
2025-04-25 17:49:27.796 [info] Extension installed successfully: ms-toolsai.jupyter-keymap vscode-userdata:/home/jordi/.vscode-oss/extensions/extensions.json
2025-04-25 17:49:27.796 [info] Extension installed successfully: ms-toolsai.vscode-jupyter-cell-tags vscode-userdata:/home/jordi/.vscode-oss/extensions/extensions.json
2025-04-25 17:49:27.797 [info] Extension installed successfully: ms-toolsai.vscode-jupyter-slideshow vscode-userdata:/home/jordi/.vscode-oss/extensions/extensions.json
2025-04-25 17:49:27.797 [info] Extension installed successfully: ms-toolsai.jupyter vscode-userdata:/home/jordi/.vscode-oss/extensions/extensions.json
2025-04-25 17:49:27.797 [info] Extension installed successfully: ms-toolsai.jupyter-renderers vscode-userdata:/home/jordi/.vscode-oss/extensions/extensions.json
