2025-04-25 17:49:25.074 [info] Telemetry level is off
2025-04-25 17:49:25.074 [info] Experiments are disabled, only manually opted experiments are active.
2025-04-25 17:49:25.074 [info] Starting Environment refresh
2025-04-25 17:49:25.074 [info] Searching for interpreters in posix paths locator
2025-04-25 17:49:25.074 [info] Searching for pyenv environments
2025-04-25 17:49:25.074 [info] Searching for conda environments
2025-04-25 17:49:25.074 [info] Searching for global virtual environments
2025-04-25 17:49:25.074 [info] Searching for custom virtual environments
2025-04-25 17:49:25.074 [info] pyenv is not installed
2025-04-25 17:49:25.074 [info] Finished searching for pyenv environments: 12 milliseconds
2025-04-25 17:49:25.074 [info] Finished searching for custom virtual envs: 11 milliseconds
2025-04-25 17:49:25.074 [info] > conda info --json
2025-04-25 17:49:25.074 [info] Finished searching for global virtual envs: 20 milliseconds
2025-04-25 17:49:25.077 [info] Found: /run/current-system/sw/bin/python --> /nix/store/r0n3gx7wk8b8j3jsc8hmg4ayjyqc2c07-python3-3.14.0a4/bin/python3.14
2025-04-25 17:49:25.077 [info] Found: /run/current-system/sw/bin/python3 --> /nix/store/r0n3gx7wk8b8j3jsc8hmg4ayjyqc2c07-python3-3.14.0a4/bin/python3.14
2025-04-25 17:49:25.077 [info] Found: /run/current-system/sw/bin/python3.14 --> /nix/store/r0n3gx7wk8b8j3jsc8hmg4ayjyqc2c07-python3-3.14.0a4/bin/python3.14
2025-04-25 17:49:25.077 [info] Finished searching for interpreters in posix paths locator: 26 milliseconds
2025-04-25 17:49:25.087 [info] > /run/current-system/sw/bin/python -I ~/.vscode-oss/extensions/ms-python.python-2025.4.0-universal/python_files/get_output_via_markers.py ~/.vscode-oss/extensions/ms-python.python-2025.4.0-universal/python_files/interpreterInfo.py
2025-04-25 17:49:25.087 [info] Environments refresh paths discovered (event): 36 milliseconds
2025-04-25 17:49:25.087 [info] Environments refresh paths discovered: 36 milliseconds
2025-04-25 17:49:25.157 [info] Environments refresh finished (event): 106 milliseconds
2025-04-25 17:49:25.161 [info] Environment refresh took 110 milliseconds
2025-04-25 17:49:25.181 [info] Python interpreter path: /run/current-system/sw/bin/python
2025-04-25 17:49:26.089 [info] Starting Jedi language server for default.
