2025-05-13 20:09:41.915 [info] Extension host with pid 9851 started
2025-05-13 20:09:41.915 [info] Skipping acquiring lock for /home/jordi/.config/VSCodium/User/workspaceStorage/d7d389b45f6924c0fc310b6f662f561e.
2025-05-13 20:09:42.057 [info] ExtensionService#_doActivateExtension vscode.emmet, startup: false, activationEvent: 'onLanguage'
2025-05-13 20:09:42.075 [info] ExtensionService#_doActivateExtension REditorSupport.r, startup: false, activationEvent: 'onLanguage:rmd'
2025-05-13 20:09:42.362 [info] ExtensionService#_doActivateExtension vscode.git-base, startup: true, activationEvent: '*', root cause: vscode.git
2025-05-13 20:09:42.373 [info] ExtensionService#_doActivateExtension vscode.git, startup: true, activationEvent: '*'
2025-05-13 20:09:42.431 [info] ExtensionService#_doActivateExtension vscode.github, startup: true, activationEvent: '*'
2025-05-13 20:09:42.479 [info] Eager extensions activated
2025-05-13 20:09:42.542 [info] ExtensionService#_doActivateExtension vscode.debug-auto-launch, startup: false, activationEvent: 'onStartupFinished'
2025-05-13 20:09:42.543 [info] ExtensionService#_doActivateExtension vscode.merge-conflict, startup: false, activationEvent: 'onStartupFinished'
2025-05-13 20:09:44.297 [info] ExtensionService#_doActivateExtension vscode.configuration-editing, startup: false, activationEvent: 'onLanguage:jsonc'
2025-05-13 20:09:44.306 [info] ExtensionService#_doActivateExtension vscode.json-language-features, startup: false, activationEvent: 'onLanguage:jsonc'
2025-05-13 20:09:44.348 [info] ExtensionService#_doActivateExtension vscode.typescript-language-features, startup: false, activationEvent: 'onLanguage:jsonc'
2025-05-13 20:11:06.582 [info] Extension host terminating: renderer closed the MessagePort
2025-05-13 20:11:06.589 [info] Extension host with pid 9851 exiting with code 0
2025-05-13 20:11:07.466 [info] Extension host with pid 10395 started
2025-05-13 20:11:07.466 [info] Skipping acquiring lock for /home/jordi/.config/VSCodium/User/workspaceStorage/e723760bd62d6c90507ab1e039c5355f.
2025-05-13 20:11:07.556 [info] ExtensionService#_doActivateExtension vscode.git-base, startup: true, activationEvent: '*', root cause: vscode.git
2025-05-13 20:11:07.579 [info] ExtensionService#_doActivateExtension vscode.git, startup: true, activationEvent: '*'
2025-05-13 20:11:07.631 [info] ExtensionService#_doActivateExtension vscode.github, startup: true, activationEvent: '*'
2025-05-13 20:11:07.690 [info] ExtensionService#_doActivateExtension REditorSupport.r, startup: true, activationEvent: 'workspaceContains:**/*.{rproj,Rproj,r,R,rd,Rd,rmd,Rmd}'
2025-05-13 20:11:07.843 [info] Eager extensions activated
2025-05-13 20:11:07.862 [info] ExtensionService#_doActivateExtension vscode.debug-auto-launch, startup: false, activationEvent: 'onStartupFinished'
2025-05-13 20:11:07.863 [info] ExtensionService#_doActivateExtension vscode.merge-conflict, startup: false, activationEvent: 'onStartupFinished'
2025-05-13 20:11:08.980 [error] Error: Client is not running and can't be stopped. It's current state is: starting
	at v.shutdown (/nix/store/bkgwf2x3kjx97d6ll79gscnlhjydx9xb-vscode-extension-reditorsupport-r-2.8.5/share/vscode/extensions/reditorsupport.r/dist/extension.js:2:538273)
	at v.stop (/nix/store/bkgwf2x3kjx97d6ll79gscnlhjydx9xb-vscode-extension-reditorsupport-r-2.8.5/share/vscode/extensions/reditorsupport.r/dist/extension.js:2:537854)
	at v.stop (/nix/store/bkgwf2x3kjx97d6ll79gscnlhjydx9xb-vscode-extension-reditorsupport-r-2.8.5/share/vscode/extensions/reditorsupport.r/dist/extension.js:2:704241)
	at ChildProcess.<anonymous> (/nix/store/bkgwf2x3kjx97d6ll79gscnlhjydx9xb-vscode-extension-reditorsupport-r-2.8.5/share/vscode/extensions/reditorsupport.r/dist/extension.js:2:345288)
	at ChildProcess.emit (node:events:530:35)
	at ChildProcess._handle.onexit (node:internal/child_process:293:12)
2025-05-13 20:11:12.913 [info] ExtensionService#_doActivateExtension vscode.npm, startup: false, activationEvent: 'onTerminalQuickFixRequest:ms-vscode.npm-command'
2025-05-13 20:12:30.774 [info] Extension host terminating: renderer closed the MessagePort
2025-05-13 20:12:30.778 [info] Extension host with pid 10395 exiting with code 0
