2025-05-16 15:35:51.527 [info] Extension host with pid 11397 started
2025-05-16 15:35:51.527 [info] Skipping acquiring lock for /home/jordi/.config/VSCodium/User/workspaceStorage/e723760bd62d6c90507ab1e039c5355f.
2025-05-16 15:35:51.902 [info] ExtensionService#_doActivateExtension vscode.emmet, startup: false, activationEvent: 'onLanguage'
2025-05-16 15:35:51.969 [info] ExtensionService#_doActivateExtension vscode.git-base, startup: true, activationEvent: '*', root cause: vscode.git
2025-05-16 15:35:51.983 [info] ExtensionService#_doActivateExtension vscode.git, startup: true, activationEvent: '*'
2025-05-16 15:35:52.021 [info] ExtensionService#_doActivateExtension vscode.github, startup: true, activationEvent: '*'
2025-05-16 15:35:52.078 [info] ExtensionService#_doActivateExtension REditorSupport.r, startup: true, activationEvent: 'workspaceContains:**/*.{rproj,Rproj,r,R,rd,Rd,rmd,Rmd}'
2025-05-16 15:35:52.217 [info] Eager extensions activated
2025-05-16 15:35:52.238 [info] ExtensionService#_doActivateExtension vscode.debug-auto-launch, startup: false, activationEvent: 'onStartupFinished'
2025-05-16 15:35:52.240 [info] ExtensionService#_doActivateExtension vscode.merge-conflict, startup: false, activationEvent: 'onStartupFinished'
2025-05-16 15:35:52.259 [info] ExtensionService#_doActivateExtension vscode.configuration-editing, startup: false, activationEvent: 'onLanguage:jsonc'
2025-05-16 15:35:52.265 [info] ExtensionService#_doActivateExtension vscode.json-language-features, startup: false, activationEvent: 'onLanguage:jsonc'
2025-05-16 15:35:52.307 [info] ExtensionService#_doActivateExtension vscode.typescript-language-features, startup: false, activationEvent: 'onLanguage:jsonc'
2025-05-16 15:35:53.373 [error] Error: Client is not running and can't be stopped. It's current state is: starting
	at v.shutdown (/nix/store/x77i4vl2ny33h7719z90m1awf283mmiy-vscode-extension-reditorsupport-r-2.8.5/share/vscode/extensions/reditorsupport.r/dist/extension.js:2:538273)
	at v.stop (/nix/store/x77i4vl2ny33h7719z90m1awf283mmiy-vscode-extension-reditorsupport-r-2.8.5/share/vscode/extensions/reditorsupport.r/dist/extension.js:2:537854)
	at v.stop (/nix/store/x77i4vl2ny33h7719z90m1awf283mmiy-vscode-extension-reditorsupport-r-2.8.5/share/vscode/extensions/reditorsupport.r/dist/extension.js:2:704241)
	at ChildProcess.<anonymous> (/nix/store/x77i4vl2ny33h7719z90m1awf283mmiy-vscode-extension-reditorsupport-r-2.8.5/share/vscode/extensions/reditorsupport.r/dist/extension.js:2:345288)
	at ChildProcess.emit (node:events:530:35)
	at ChildProcess._handle.onexit (node:internal/child_process:293:12)
2025-05-16 15:36:04.778 [info] ExtensionService#_doActivateExtension vscode.npm, startup: false, activationEvent: 'onTerminalQuickFixRequest:ms-vscode.npm-command'
2025-05-16 16:17:22.245 [info] Extension host terminating: renderer closed the MessagePort
2025-05-16 16:17:22.253 [info] Extension host with pid 11397 exiting with code 0
