2025-04-25 17:51:10.779 [info] Getting Manifest... reditorsupport.r
2025-04-25 17:51:11.501 [info] Installing extension: reditorsupport.r {"isMachineScoped":false,"installPreReleaseVersion":false,"pinned":false,"profileLocation":{"$mid":1,"external":"vscode-userdata:/home/jordi/.vscode-oss/extensions/extensions.json","path":"/home/jordi/.vscode-oss/extensions/extensions.json","scheme":"vscode-userdata"},"installOnlyNewlyAddedFromExtensionPack":true,"isApplicationScoped":false,"productVersion":{"version":"1.97.2","date":"2025-02-14T18:21:12.766Z"}}
2025-04-25 17:51:12.257 [info] Extracted extension to file:///home/jordi/.vscode-oss/extensions/reditorsupport.r-2.8.5-universal: reditorsupport.r
2025-04-25 17:51:12.265 [info] Renamed to /home/jordi/.vscode-oss/extensions/reditorsupport.r-2.8.5-universal
2025-04-25 17:51:12.277 [info] Extension installed successfully: reditorsupport.r vscode-userdata:/home/jordi/.vscode-oss/extensions/extensions.json
2025-04-25 17:51:15.468 [info] Getting Manifest... redhat.vscode-xml
2025-04-25 17:51:15.649 [info] Installing extension: redhat.vscode-xml {"isMachineScoped":false,"installPreReleaseVersion":false,"pinned":false,"profileLocation":{"$mid":1,"external":"vscode-userdata:/home/jordi/.vscode-oss/extensions/extensions.json","path":"/home/jordi/.vscode-oss/extensions/extensions.json","scheme":"vscode-userdata"},"installOnlyNewlyAddedFromExtensionPack":true,"isApplicationScoped":false,"productVersion":{"version":"1.97.2","date":"2025-02-14T18:21:12.766Z"}}
2025-04-25 17:51:19.102 [info] Extracted extension to file:///home/jordi/.vscode-oss/extensions/redhat.vscode-xml-0.28.1-linux-x64: redhat.vscode-xml
2025-04-25 17:51:19.110 [info] Renamed to /home/jordi/.vscode-oss/extensions/redhat.vscode-xml-0.28.1-linux-x64
2025-04-25 17:51:19.123 [info] Extension installed successfully: redhat.vscode-xml vscode-userdata:/home/jordi/.vscode-oss/extensions/extensions.json
2025-04-25 17:51:45.233 [info] Getting Manifest... myriad-dreamin.tinymist
2025-04-25 17:51:45.425 [info] Installing extension: myriad-dreamin.tinymist {"isMachineScoped":false,"installPreReleaseVersion":false,"pinned":false,"profileLocation":{"$mid":1,"external":"vscode-userdata:/home/jordi/.vscode-oss/extensions/extensions.json","path":"/home/jordi/.vscode-oss/extensions/extensions.json","scheme":"vscode-userdata"},"installOnlyNewlyAddedFromExtensionPack":true,"isApplicationScoped":false,"productVersion":{"version":"1.97.2","date":"2025-02-14T18:21:12.766Z"}}
2025-04-25 17:51:47.114 [info] Extracted extension to file:///home/jordi/.vscode-oss/extensions/myriad-dreamin.tinymist-0.13.10-linux-x64: myriad-dreamin.tinymist
2025-04-25 17:51:47.119 [info] Renamed to /home/jordi/.vscode-oss/extensions/myriad-dreamin.tinymist-0.13.10-linux-x64
2025-04-25 17:51:47.135 [info] Extension installed successfully: myriad-dreamin.tinymist vscode-userdata:/home/jordi/.vscode-oss/extensions/extensions.json
2025-04-25 17:53:11.098 [info] Getting Manifest... james-yu.latex-workshop
2025-04-25 17:53:11.609 [info] Installing extension: james-yu.latex-workshop {"isMachineScoped":false,"installPreReleaseVersion":false,"pinned":false,"profileLocation":{"$mid":1,"external":"vscode-userdata:/home/jordi/.vscode-oss/extensions/extensions.json","path":"/home/jordi/.vscode-oss/extensions/extensions.json","scheme":"vscode-userdata"},"installOnlyNewlyAddedFromExtensionPack":true,"isApplicationScoped":false,"productVersion":{"version":"1.97.2","date":"2025-02-14T18:21:12.766Z"}}
2025-04-25 17:53:12.747 [info] Extracted extension to file:///home/jordi/.vscode-oss/extensions/james-yu.latex-workshop-10.9.0-universal: james-yu.latex-workshop
2025-04-25 17:53:12.796 [info] Renamed to /home/jordi/.vscode-oss/extensions/james-yu.latex-workshop-10.9.0-universal
2025-04-25 17:53:12.814 [info] Extension installed successfully: james-yu.latex-workshop vscode-userdata:/home/jordi/.vscode-oss/extensions/extensions.json
2025-04-25 17:53:17.499 [info] Getting Manifest... tecosaur.latex-utilities
2025-04-25 17:53:17.797 [info] Installing extension: tecosaur.latex-utilities {"isMachineScoped":false,"installPreReleaseVersion":false,"pinned":false,"profileLocation":{"$mid":1,"external":"vscode-userdata:/home/jordi/.vscode-oss/extensions/extensions.json","path":"/home/jordi/.vscode-oss/extensions/extensions.json","scheme":"vscode-userdata"},"installOnlyNewlyAddedFromExtensionPack":true,"isApplicationScoped":false,"productVersion":{"version":"1.97.2","date":"2025-02-14T18:21:12.766Z"}}
2025-04-25 17:53:18.054 [info] Extracted extension to file:///home/jordi/.vscode-oss/extensions/tecosaur.latex-utilities-0.4.14-universal: tecosaur.latex-utilities
2025-04-25 17:53:18.059 [info] Renamed to /home/jordi/.vscode-oss/extensions/tecosaur.latex-utilities-0.4.14-universal
2025-04-25 17:53:18.074 [info] Extension installed successfully: tecosaur.latex-utilities vscode-userdata:/home/jordi/.vscode-oss/extensions/extensions.json
