2025-05-10 16:00:43.575 [info] [main] Log level: Info
2025-05-10 16:00:43.575 [info] [main] Validating found git in: "git"
2025-05-10 16:00:43.575 [info] [main] Using git "2.47.2" from "git"
2025-05-10 16:00:43.575 [info] [Model][doInitialScan] Initial repository scan started
2025-05-10 16:00:43.575 [info] > git rev-parse --show-toplevel [3ms]
2025-05-10 16:00:43.575 [info] fatal: not a git repository (or any of the parent directories): .git
2025-05-10 16:00:43.575 [info] > git rev-parse --show-toplevel [25ms]
2025-05-10 16:00:43.575 [info] fatal: not a git repository (or any of the parent directories): .git
2025-05-10 16:00:43.575 [info] > git rev-parse --show-toplevel [2ms]
2025-05-10 16:00:43.575 [info] fatal: not a git repository (or any of the parent directories): .git
2025-05-10 16:00:43.587 [info] > git rev-parse --show-toplevel [4ms]
2025-05-10 16:00:43.587 [info] fatal: not a git repository (or any of the parent directories): .git
2025-05-10 16:00:43.596 [info] > git rev-parse --show-toplevel [2ms]
2025-05-10 16:00:43.596 [info] fatal: not a git repository (or any of the parent directories): .git
2025-05-10 16:00:43.603 [info] > git rev-parse --show-toplevel [2ms]
2025-05-10 16:00:43.603 [info] fatal: not a git repository (or any of the parent directories): .git
2025-05-10 16:00:43.609 [info] > git rev-parse --show-toplevel [1ms]
2025-05-10 16:00:43.609 [info] fatal: not a git repository (or any of the parent directories): .git
2025-05-10 16:00:43.616 [info] > git rev-parse --show-toplevel [1ms]
2025-05-10 16:00:43.616 [info] fatal: not a git repository (or any of the parent directories): .git
2025-05-10 16:00:43.623 [info] > git rev-parse --show-toplevel [2ms]
2025-05-10 16:00:43.623 [info] fatal: not a git repository (or any of the parent directories): .git
2025-05-10 16:00:43.631 [info] > git rev-parse --show-toplevel [1ms]
2025-05-10 16:00:43.631 [info] fatal: not a git repository (or any of the parent directories): .git
2025-05-10 16:00:43.639 [info] > git rev-parse --show-toplevel [1ms]
2025-05-10 16:00:43.639 [info] fatal: not a git repository (or any of the parent directories): .git
2025-05-10 16:00:43.645 [info] > git rev-parse --show-toplevel [1ms]
2025-05-10 16:00:43.645 [info] fatal: not a git repository (or any of the parent directories): .git
2025-05-10 16:00:43.652 [info] > git rev-parse --show-toplevel [1ms]
2025-05-10 16:00:43.652 [info] fatal: not a git repository (or any of the parent directories): .git
2025-05-10 16:00:43.658 [info] > git rev-parse --show-toplevel [1ms]
2025-05-10 16:00:43.658 [info] fatal: not a git repository (or any of the parent directories): .git
2025-05-10 16:00:43.665 [info] > git rev-parse --show-toplevel [1ms]
2025-05-10 16:00:43.665 [info] fatal: not a git repository (or any of the parent directories): .git
2025-05-10 16:00:43.670 [info] > git rev-parse --show-toplevel [1ms]
2025-05-10 16:00:43.670 [info] fatal: not a git repository (or any of the parent directories): .git
2025-05-10 16:00:43.676 [info] > git rev-parse --show-toplevel [1ms]
2025-05-10 16:00:43.676 [info] fatal: not a git repository (or any of the parent directories): .git
2025-05-10 16:00:43.681 [info] > git rev-parse --show-toplevel [1ms]
2025-05-10 16:00:43.681 [info] fatal: not a git repository (or any of the parent directories): .git
2025-05-10 16:00:43.686 [info] > git rev-parse --show-toplevel [1ms]
2025-05-10 16:00:43.686 [info] fatal: not a git repository (or any of the parent directories): .git
2025-05-10 16:00:43.691 [info] > git rev-parse --show-toplevel [0ms]
2025-05-10 16:00:43.691 [info] fatal: not a git repository (or any of the parent directories): .git
2025-05-10 16:00:43.691 [info] [Model][doInitialScan] Initial repository scan completed - repositories (0), closed repositories (0), parent repositories (0), unsafe repositories (0)
2025-05-10 16:00:43.697 [info] > git rev-parse --show-toplevel [1ms]
2025-05-10 16:00:43.697 [info] fatal: not a git repository (or any of the parent directories): .git
2025-05-10 16:00:44.425 [info] > git rev-parse --show-toplevel [1ms]
2025-05-10 16:00:44.425 [info] fatal: not a git repository (or any of the parent directories): .git
2025-05-10 16:00:45.016 [info] > git rev-parse --show-toplevel [1ms]
2025-05-10 16:00:45.016 [info] fatal: not a git repository (or any of the parent directories): .git
