2025-05-10 15:47:17.699 [info] Extension host with pid 21192 started
2025-05-10 15:47:17.720 [info] ExtensionService#_doActivateExtension vscode.emmet, startup: false, activationEvent: 'onLanguage'
2025-05-10 15:47:17.737 [info] ExtensionService#_doActivateExtension vscode.configuration-editing, startup: false, activationEvent: 'onLanguage:jsonc'
2025-05-10 15:47:17.745 [info] ExtensionService#_doActivateExtension vscode.json-language-features, startup: false, activationEvent: 'onLanguage:jsonc'
2025-05-10 15:47:17.788 [info] ExtensionService#_doActivateExtension vscode.typescript-language-features, startup: false, activationEvent: 'onLanguage:jsonc'
2025-05-10 15:47:18.013 [info] ExtensionService#_doActivateExtension vscode.git-base, startup: true, activationEvent: '*', root cause: vscode.git
2025-05-10 15:47:18.016 [info] ExtensionService#_doActivateExtension vscode.git, startup: true, activationEvent: '*'
2025-05-10 15:47:18.063 [info] ExtensionService#_doActivateExtension vscode.github, startup: true, activationEvent: '*'
2025-05-10 15:47:18.106 [info] Eager extensions activated
2025-05-10 15:47:18.134 [info] ExtensionService#_doActivateExtension vscode.debug-auto-launch, startup: false, activationEvent: 'onStartupFinished'
2025-05-10 15:47:18.135 [info] ExtensionService#_doActivateExtension vscode.merge-conflict, startup: false, activationEvent: 'onStartupFinished'
2025-05-10 15:47:46.074 [info] Extension host terminating: renderer closed the MessagePort
2025-05-10 15:47:46.080 [info] Extension host with pid 21192 exiting with code 0
2025-05-10 15:47:46.795 [info] Extension host with pid 21325 started
2025-05-10 15:47:46.795 [info] Skipping acquiring lock for /home/jordi/.config/VSCodium/User/workspaceStorage/78e52033e5b3bf1fd7fe9f47f698fa04.
2025-05-10 15:47:46.805 [info] ExtensionService#_doActivateExtension vscode.git-base, startup: true, activationEvent: '*', root cause: vscode.git
2025-05-10 15:47:46.820 [info] ExtensionService#_doActivateExtension vscode.git, startup: true, activationEvent: '*'
2025-05-10 15:47:46.875 [info] ExtensionService#_doActivateExtension vscode.github, startup: true, activationEvent: '*'
2025-05-10 15:47:46.904 [info] ExtensionService#_doActivateExtension REditorSupport.r, startup: true, activationEvent: 'workspaceContains:**/*.{rproj,Rproj,r,R,rd,Rd,rmd,Rmd}'
2025-05-10 15:47:47.056 [info] Eager extensions activated
2025-05-10 15:47:47.073 [info] ExtensionService#_doActivateExtension vscode.debug-auto-launch, startup: false, activationEvent: 'onStartupFinished'
2025-05-10 15:47:47.075 [info] ExtensionService#_doActivateExtension vscode.merge-conflict, startup: false, activationEvent: 'onStartupFinished'
2025-05-10 15:47:48.451 [info] ExtensionService#_doActivateExtension vscode.emmet, startup: false, activationEvent: 'onLanguage'
2025-05-10 15:47:49.421 [error] Error: Client is not running and can't be stopped. It's current state is: starting
	at v.shutdown (/nix/store/bkgwf2x3kjx97d6ll79gscnlhjydx9xb-vscode-extension-reditorsupport-r-2.8.5/share/vscode/extensions/reditorsupport.r/dist/extension.js:2:538273)
	at v.stop (/nix/store/bkgwf2x3kjx97d6ll79gscnlhjydx9xb-vscode-extension-reditorsupport-r-2.8.5/share/vscode/extensions/reditorsupport.r/dist/extension.js:2:537854)
	at v.stop (/nix/store/bkgwf2x3kjx97d6ll79gscnlhjydx9xb-vscode-extension-reditorsupport-r-2.8.5/share/vscode/extensions/reditorsupport.r/dist/extension.js:2:704241)
	at ChildProcess.<anonymous> (/nix/store/bkgwf2x3kjx97d6ll79gscnlhjydx9xb-vscode-extension-reditorsupport-r-2.8.5/share/vscode/extensions/reditorsupport.r/dist/extension.js:2:345288)
	at ChildProcess.emit (node:events:530:35)
	at ChildProcess._handle.onexit (node:internal/child_process:293:12)
2025-05-10 15:47:53.023 [info] Extension host terminating: renderer closed the MessagePort
2025-05-10 15:47:53.027 [info] Extension host with pid 21325 exiting with code 0
2025-05-10 15:47:53.761 [info] Extension host with pid 21465 started
2025-05-10 15:47:53.761 [info] Skipping acquiring lock for /home/jordi/.config/VSCodium/User/workspaceStorage/d7d389b45f6924c0fc310b6f662f561e.
2025-05-10 15:47:53.798 [info] ExtensionService#_doActivateExtension vscode.git-base, startup: true, activationEvent: '*', root cause: vscode.git
2025-05-10 15:47:53.821 [info] ExtensionService#_doActivateExtension vscode.git, startup: true, activationEvent: '*'
2025-05-10 15:47:53.867 [info] ExtensionService#_doActivateExtension vscode.github, startup: true, activationEvent: '*'
2025-05-10 15:47:53.912 [info] ExtensionService#_doActivateExtension REditorSupport.r, startup: true, activationEvent: 'workspaceContains:**/*.{rproj,Rproj,r,R,rd,Rd,rmd,Rmd}'
2025-05-10 15:47:54.042 [info] Eager extensions activated
2025-05-10 15:47:54.055 [info] ExtensionService#_doActivateExtension vscode.debug-auto-launch, startup: false, activationEvent: 'onStartupFinished'
2025-05-10 15:47:54.057 [info] ExtensionService#_doActivateExtension vscode.merge-conflict, startup: false, activationEvent: 'onStartupFinished'
2025-05-10 15:47:58.319 [info] ExtensionService#_doActivateExtension vscode.emmet, startup: false, activationEvent: 'onLanguage'
2025-05-10 15:48:02.621 [error] Error: Client is not running and can't be stopped. It's current state is: starting
	at v.shutdown (/nix/store/bkgwf2x3kjx97d6ll79gscnlhjydx9xb-vscode-extension-reditorsupport-r-2.8.5/share/vscode/extensions/reditorsupport.r/dist/extension.js:2:538273)
	at v.stop (/nix/store/bkgwf2x3kjx97d6ll79gscnlhjydx9xb-vscode-extension-reditorsupport-r-2.8.5/share/vscode/extensions/reditorsupport.r/dist/extension.js:2:537854)
	at v.stop (/nix/store/bkgwf2x3kjx97d6ll79gscnlhjydx9xb-vscode-extension-reditorsupport-r-2.8.5/share/vscode/extensions/reditorsupport.r/dist/extension.js:2:704241)
	at ChildProcess.<anonymous> (/nix/store/bkgwf2x3kjx97d6ll79gscnlhjydx9xb-vscode-extension-reditorsupport-r-2.8.5/share/vscode/extensions/reditorsupport.r/dist/extension.js:2:345288)
	at ChildProcess.emit (node:events:530:35)
	at ChildProcess._handle.onexit (node:internal/child_process:293:12)
2025-05-10 15:48:18.516 [info] ExtensionService#_doActivateExtension vscode.npm, startup: false, activationEvent: 'onTerminalQuickFixRequest:ms-vscode.npm-command'
2025-05-10 15:48:23.567 [info] ExtensionService#_doActivateExtension vscode.configuration-editing, startup: false, activationEvent: 'onLanguage:json'
2025-05-10 15:48:23.575 [info] ExtensionService#_doActivateExtension vscode.extension-editing, startup: false, activationEvent: 'onLanguage:json'
2025-05-10 15:48:23.586 [info] ExtensionService#_doActivateExtension vscode.json-language-features, startup: false, activationEvent: 'onLanguage:json'
2025-05-10 15:49:31.311 [info] Extension host terminating: renderer closed the MessagePort
2025-05-10 15:49:31.316 [info] Extension host with pid 21465 exiting with code 0
