2025-05-13 20:05:10.619 [info] [main] Log level: Info
2025-05-13 20:05:10.619 [info] [main] Validating found git in: "git"
2025-05-13 20:05:10.619 [info] [main] Using git "2.47.2" from "git"
2025-05-13 20:05:10.619 [info] [Model][doInitialScan] Initial repository scan started
2025-05-13 20:05:10.619 [info] > git rev-parse --show-toplevel [4ms]
2025-05-13 20:05:10.619 [info] fatal: not a git repository (or any of the parent directories): .git
2025-05-13 20:05:10.619 [info] > git rev-parse --show-toplevel [18ms]
2025-05-13 20:05:10.619 [info] fatal: not a git repository (or any of the parent directories): .git
2025-05-13 20:05:10.628 [info] > git rev-parse --show-toplevel [2ms]
2025-05-13 20:05:10.628 [info] fatal: not a git repository (or any of the parent directories): .git
2025-05-13 20:05:10.634 [info] > git rev-parse --show-toplevel [1ms]
2025-05-13 20:05:10.634 [info] fatal: not a git repository (or any of the parent directories): .git
2025-05-13 20:05:10.641 [info] > git rev-parse --show-toplevel [1ms]
2025-05-13 20:05:10.641 [info] fatal: not a git repository (or any of the parent directories): .git
2025-05-13 20:05:10.648 [info] > git rev-parse --show-toplevel [1ms]
2025-05-13 20:05:10.648 [info] fatal: not a git repository (or any of the parent directories): .git
2025-05-13 20:05:10.655 [info] > git rev-parse --show-toplevel [1ms]
2025-05-13 20:05:10.655 [info] fatal: not a git repository (or any of the parent directories): .git
2025-05-13 20:05:10.661 [info] > git rev-parse --show-toplevel [1ms]
2025-05-13 20:05:10.661 [info] fatal: not a git repository (or any of the parent directories): .git
2025-05-13 20:05:10.668 [info] > git rev-parse --show-toplevel [2ms]
2025-05-13 20:05:10.668 [info] fatal: not a git repository (or any of the parent directories): .git
2025-05-13 20:05:10.675 [info] > git rev-parse --show-toplevel [1ms]
2025-05-13 20:05:10.675 [info] fatal: not a git repository (or any of the parent directories): .git
2025-05-13 20:05:10.681 [info] > git rev-parse --show-toplevel [1ms]
2025-05-13 20:05:10.681 [info] fatal: not a git repository (or any of the parent directories): .git
2025-05-13 20:05:10.688 [info] > git rev-parse --show-toplevel [1ms]
2025-05-13 20:05:10.688 [info] fatal: not a git repository (or any of the parent directories): .git
2025-05-13 20:05:10.694 [info] > git rev-parse --show-toplevel [1ms]
2025-05-13 20:05:10.694 [info] fatal: not a git repository (or any of the parent directories): .git
2025-05-13 20:05:10.699 [info] > git rev-parse --show-toplevel [1ms]
2025-05-13 20:05:10.699 [info] fatal: not a git repository (or any of the parent directories): .git
2025-05-13 20:05:10.705 [info] > git rev-parse --show-toplevel [1ms]
2025-05-13 20:05:10.705 [info] fatal: not a git repository (or any of the parent directories): .git
2025-05-13 20:05:10.710 [info] > git rev-parse --show-toplevel [1ms]
2025-05-13 20:05:10.710 [info] fatal: not a git repository (or any of the parent directories): .git
2025-05-13 20:05:10.715 [info] > git rev-parse --show-toplevel [1ms]
2025-05-13 20:05:10.715 [info] fatal: not a git repository (or any of the parent directories): .git
2025-05-13 20:05:10.720 [info] > git rev-parse --show-toplevel [1ms]
2025-05-13 20:05:10.720 [info] fatal: not a git repository (or any of the parent directories): .git
2025-05-13 20:05:10.725 [info] > git rev-parse --show-toplevel [1ms]
2025-05-13 20:05:10.725 [info] fatal: not a git repository (or any of the parent directories): .git
2025-05-13 20:05:10.726 [info] [Model][doInitialScan] Initial repository scan completed - repositories (0), closed repositories (0), parent repositories (0), unsafe repositories (0)
2025-05-13 20:05:11.398 [info] > git rev-parse --show-toplevel [1ms]
2025-05-13 20:05:11.398 [info] fatal: not a git repository (or any of the parent directories): .git
2025-05-13 20:05:13.534 [info] > git rev-parse --show-toplevel [1ms]
2025-05-13 20:05:13.534 [info] fatal: not a git repository (or any of the parent directories): .git
2025-05-13 20:05:13.549 [info] > git rev-parse --show-toplevel [1ms]
2025-05-13 20:05:13.549 [info] fatal: not a git repository (or any of the parent directories): .git
2025-05-13 20:05:13.574 [info] > git rev-parse --show-toplevel [1ms]
2025-05-13 20:05:13.574 [info] fatal: not a git repository (or any of the parent directories): .git
