2025-05-10 15:42:47.973 [info] Extension host with pid 19380 started
2025-05-10 15:42:47.993 [info] ExtensionService#_doActivateExtension vscode.emmet, startup: false, activationEvent: 'onLanguage'
2025-05-10 15:42:48.008 [info] ExtensionService#_doActivateExtension vscode.configuration-editing, startup: false, activationEvent: 'onLanguage:jsonc'
2025-05-10 15:42:48.017 [info] ExtensionService#_doActivateExtension vscode.json-language-features, startup: false, activationEvent: 'onLanguage:jsonc'
2025-05-10 15:42:48.062 [info] ExtensionService#_doActivateExtension vscode.typescript-language-features, startup: false, activationEvent: 'onLanguage:jsonc'
2025-05-10 15:42:48.329 [info] ExtensionService#_doActivateExtension vscode.git-base, startup: true, activationEvent: '*', root cause: vscode.git
2025-05-10 15:42:48.333 [info] ExtensionService#_doActivateExtension vscode.git, startup: true, activationEvent: '*'
2025-05-10 15:42:48.380 [info] ExtensionService#_doActivateExtension vscode.github, startup: true, activationEvent: '*'
2025-05-10 15:42:48.430 [info] Eager extensions activated
2025-05-10 15:42:48.439 [info] ExtensionService#_doActivateExtension vscode.debug-auto-launch, startup: false, activationEvent: 'onStartupFinished'
2025-05-10 15:42:48.441 [info] ExtensionService#_doActivateExtension vscode.merge-conflict, startup: false, activationEvent: 'onStartupFinished'
2025-05-10 15:42:59.941 [info] ExtensionService#_doActivateExtension REditorSupport.r, startup: false, activationEvent: 'onView:workspaceViewer'
2025-05-10 15:43:01.205 [error] Error: Client is not running and can't be stopped. It's current state is: starting
	at v.shutdown (/nix/store/bkgwf2x3kjx97d6ll79gscnlhjydx9xb-vscode-extension-reditorsupport-r-2.8.5/share/vscode/extensions/reditorsupport.r/dist/extension.js:2:538273)
	at v.stop (/nix/store/bkgwf2x3kjx97d6ll79gscnlhjydx9xb-vscode-extension-reditorsupport-r-2.8.5/share/vscode/extensions/reditorsupport.r/dist/extension.js:2:537854)
	at v.stop (/nix/store/bkgwf2x3kjx97d6ll79gscnlhjydx9xb-vscode-extension-reditorsupport-r-2.8.5/share/vscode/extensions/reditorsupport.r/dist/extension.js:2:704241)
	at ChildProcess.<anonymous> (/nix/store/bkgwf2x3kjx97d6ll79gscnlhjydx9xb-vscode-extension-reditorsupport-r-2.8.5/share/vscode/extensions/reditorsupport.r/dist/extension.js:2:345288)
	at ChildProcess.emit (node:events:530:35)
	at ChildProcess._handle.onexit (node:internal/child_process:293:12)
2025-05-10 15:43:26.820 [info] Extension host terminating: renderer closed the MessagePort
2025-05-10 15:43:26.827 [info] Extension host with pid 19380 exiting with code 0
