2025-05-16 01:55:18.638 [info] Extension host with pid 9594 started
2025-05-16 01:55:18.638 [info] Skipping acquiring lock for /home/jordi/.config/VSCodium/User/workspaceStorage/e723760bd62d6c90507ab1e039c5355f.
2025-05-16 01:55:18.894 [info] ExtensionService#_doActivateExtension vscode.emmet, startup: false, activationEvent: 'onLanguage'
2025-05-16 01:55:18.910 [info] ExtensionService#_doActivateExtension REditorSupport.r, startup: false, activationEvent: 'onLanguage:r'
2025-05-16 01:55:19.096 [info] ExtensionService#_doActivateExtension vscode.git-base, startup: true, activationEvent: '*', root cause: vscode.git
2025-05-16 01:55:19.101 [info] ExtensionService#_doActivateExtension vscode.git, startup: true, activationEvent: '*'
2025-05-16 01:55:19.141 [info] ExtensionService#_doActivateExtension vscode.github, startup: true, activationEvent: '*'
2025-05-16 01:55:19.189 [info] Eager extensions activated
2025-05-16 01:55:19.197 [info] ExtensionService#_doActivateExtension vscode.configuration-editing, startup: false, activationEvent: 'onLanguage:jsonc'
2025-05-16 01:55:19.206 [info] ExtensionService#_doActivateExtension vscode.json-language-features, startup: false, activationEvent: 'onLanguage:jsonc'
2025-05-16 01:55:19.248 [info] ExtensionService#_doActivateExtension vscode.typescript-language-features, startup: false, activationEvent: 'onLanguage:jsonc'
2025-05-16 01:55:19.298 [info] ExtensionService#_doActivateExtension vscode.debug-auto-launch, startup: false, activationEvent: 'onStartupFinished'
2025-05-16 01:55:19.300 [info] ExtensionService#_doActivateExtension vscode.merge-conflict, startup: false, activationEvent: 'onStartupFinished'
2025-05-16 01:55:20.341 [error] Error: Client is not running and can't be stopped. It's current state is: starting
	at v.shutdown (/nix/store/x77i4vl2ny33h7719z90m1awf283mmiy-vscode-extension-reditorsupport-r-2.8.5/share/vscode/extensions/reditorsupport.r/dist/extension.js:2:538273)
	at v.stop (/nix/store/x77i4vl2ny33h7719z90m1awf283mmiy-vscode-extension-reditorsupport-r-2.8.5/share/vscode/extensions/reditorsupport.r/dist/extension.js:2:537854)
	at v.stop (/nix/store/x77i4vl2ny33h7719z90m1awf283mmiy-vscode-extension-reditorsupport-r-2.8.5/share/vscode/extensions/reditorsupport.r/dist/extension.js:2:704241)
	at ChildProcess.<anonymous> (/nix/store/x77i4vl2ny33h7719z90m1awf283mmiy-vscode-extension-reditorsupport-r-2.8.5/share/vscode/extensions/reditorsupport.r/dist/extension.js:2:345288)
	at ChildProcess.emit (node:events:530:35)
	at ChildProcess._handle.onexit (node:internal/child_process:293:12)
2025-05-16 01:55:22.167 [info] ExtensionService#_doActivateExtension vscode.npm, startup: false, activationEvent: 'onTerminalQuickFixRequest:ms-vscode.npm-command'
2025-05-16 02:33:35.157 [info] Extension host terminating: renderer closed the MessagePort
2025-05-16 02:33:35.166 [info] Extension host with pid 9594 exiting with code 0
