2025-07-06 16:35:25.352 [info] [main] Log level: Info
2025-07-06 16:35:25.352 [info] [main] Validating found git in: "git"
2025-07-06 16:35:25.352 [info] [main] Using git "2.49.0" from "git"
2025-07-06 16:35:25.352 [info] [Model][doInitialScan] Initial repository scan started
2025-07-06 16:35:25.352 [info] > git rev-parse --show-toplevel [2ms]
2025-07-06 16:35:25.352 [info] fatal: not a git repository (or any of the parent directories): .git
2025-07-06 16:35:25.352 [info] > git rev-parse --show-toplevel [1ms]
2025-07-06 16:35:25.352 [info] fatal: not a git repository (or any of the parent directories): .git
2025-07-06 16:35:25.359 [info] > git rev-parse --show-toplevel [1ms]
2025-07-06 16:35:25.359 [info] fatal: not a git repository (or any of the parent directories): .git
2025-07-06 16:35:25.368 [info] > git rev-parse --show-toplevel [4ms]
2025-07-06 16:35:25.368 [info] fatal: not a git repository (or any of the parent directories): .git
2025-07-06 16:35:25.394 [info] > git rev-parse --show-toplevel [18ms]
2025-07-06 16:35:25.394 [info] fatal: not a git repository (or any of the parent directories): .git
2025-07-06 16:35:25.405 [info] > git rev-parse --show-toplevel [1ms]
2025-07-06 16:35:25.405 [info] fatal: not a git repository (or any of the parent directories): .git
2025-07-06 16:35:25.412 [info] > git rev-parse --show-toplevel [2ms]
2025-07-06 16:35:25.412 [info] fatal: not a git repository (or any of the parent directories): .git
2025-07-06 16:35:25.419 [info] > git rev-parse --show-toplevel [2ms]
2025-07-06 16:35:25.419 [info] fatal: not a git repository (or any of the parent directories): .git
2025-07-06 16:35:25.426 [info] > git rev-parse --show-toplevel [1ms]
2025-07-06 16:35:25.426 [info] fatal: not a git repository (or any of the parent directories): .git
2025-07-06 16:35:25.436 [info] > git rev-parse --show-toplevel [3ms]
2025-07-06 16:35:25.436 [info] fatal: not a git repository (or any of the parent directories): .git
2025-07-06 16:35:25.446 [info] > git rev-parse --show-toplevel [2ms]
2025-07-06 16:35:25.446 [info] fatal: not a git repository (or any of the parent directories): .git
2025-07-06 16:35:25.452 [info] > git rev-parse --show-toplevel [1ms]
2025-07-06 16:35:25.452 [info] fatal: not a git repository (or any of the parent directories): .git
2025-07-06 16:35:25.460 [info] > git rev-parse --show-toplevel [1ms]
2025-07-06 16:35:25.460 [info] fatal: not a git repository (or any of the parent directories): .git
2025-07-06 16:35:25.468 [info] > git rev-parse --show-toplevel [1ms]
2025-07-06 16:35:25.468 [info] fatal: not a git repository (or any of the parent directories): .git
2025-07-06 16:35:25.477 [info] > git rev-parse --show-toplevel [4ms]
2025-07-06 16:35:25.477 [info] fatal: not a git repository (or any of the parent directories): .git
2025-07-06 16:35:25.485 [info] > git rev-parse --show-toplevel [2ms]
2025-07-06 16:35:25.485 [info] fatal: not a git repository (or any of the parent directories): .git
2025-07-06 16:35:25.492 [info] > git rev-parse --show-toplevel [1ms]
2025-07-06 16:35:25.492 [info] fatal: not a git repository (or any of the parent directories): .git
2025-07-06 16:35:25.499 [info] > git rev-parse --show-toplevel [1ms]
2025-07-06 16:35:25.499 [info] fatal: not a git repository (or any of the parent directories): .git
2025-07-06 16:35:25.500 [info] [Model][doInitialScan] Initial repository scan completed - repositories (0), closed repositories (0), parent repositories (0), unsafe repositories (0)
2025-07-06 16:35:25.632 [info] > git rev-parse --show-toplevel [4ms]
2025-07-06 16:35:25.632 [info] fatal: not a git repository (or any of the parent directories): .git
2025-07-06 16:35:26.910 [info] > git rev-parse --show-toplevel [2ms]
2025-07-06 16:35:26.910 [info] fatal: not a git repository (or any of the parent directories): .git
2025-07-06 16:36:12.406 [info] > git rev-parse --show-toplevel [1ms]
2025-07-06 16:36:12.406 [info] fatal: not a git repository (or any of the parent directories): .git
