2025-05-10 15:17:15.415 [info] Extension host with pid 14144 started
2025-05-10 15:17:15.437 [info] ExtensionService#_doActivateExtension vscode.emmet, startup: false, activationEvent: 'onLanguage'
2025-05-10 15:17:15.456 [info] ExtensionService#_doActivateExtension vscode.configuration-editing, startup: false, activationEvent: 'onLanguage:jsonc'
2025-05-10 15:17:15.465 [info] ExtensionService#_doActivateExtension vscode.json-language-features, startup: false, activationEvent: 'onLanguage:jsonc'
2025-05-10 15:17:15.507 [info] ExtensionService#_doActivateExtension vscode.typescript-language-features, startup: false, activationEvent: 'onLanguage:jsonc'
2025-05-10 15:17:15.778 [info] ExtensionService#_doActivateExtension vscode.git-base, startup: true, activationEvent: '*', root cause: vscode.git
2025-05-10 15:17:15.783 [info] ExtensionService#_doActivateExtension vscode.git, startup: true, activationEvent: '*'
2025-05-10 15:17:15.830 [info] ExtensionService#_doActivateExtension vscode.github, startup: true, activationEvent: '*'
2025-05-10 15:17:15.884 [info] Eager extensions activated
2025-05-10 15:17:15.891 [info] ExtensionService#_doActivateExtension vscode.debug-auto-launch, startup: false, activationEvent: 'onStartupFinished'
2025-05-10 15:17:15.892 [info] ExtensionService#_doActivateExtension vscode.merge-conflict, startup: false, activationEvent: 'onStartupFinished'
2025-05-10 15:18:14.386 [info] ExtensionService#_doActivateExtension REditorSupport.r, startup: false, activationEvent: 'onView:workspaceViewer'
2025-05-10 15:18:15.847 [error] Error: Client is not running and can't be stopped. It's current state is: starting
	at v.shutdown (/home/jordi/.vscode-oss/extensions/reditorsupport.r-2.8.5-universal/dist/extension.js:2:538273)
	at v.stop (/home/jordi/.vscode-oss/extensions/reditorsupport.r-2.8.5-universal/dist/extension.js:2:537854)
	at v.stop (/home/jordi/.vscode-oss/extensions/reditorsupport.r-2.8.5-universal/dist/extension.js:2:704241)
	at ChildProcess.<anonymous> (/home/jordi/.vscode-oss/extensions/reditorsupport.r-2.8.5-universal/dist/extension.js:2:345288)
	at ChildProcess.emit (node:events:530:35)
	at ChildProcess._handle.onexit (node:internal/child_process:293:12)
2025-05-10 15:26:20.960 [info] Extension host terminating: renderer closed the MessagePort
2025-05-10 15:26:20.966 [info] Extension host with pid 14144 exiting with code 0
