R Language Server (31982) started
R library paths: /nix/store/m1v2a2fhwkm0897pw4v54mbhl9jkkvdg-r-DBI-1.2.3/library
/nix/store/0pihgp0ldsvm09jpslkrcna369jv6lr8-r-Deriv-4.1.6/library
/nix/store/p043nlgmgjyx0mgvmxfi3f869hfshc37-r-ISOcodes-2024.02.12/library
/nix/store/h40894g3jds26wxx234br2q9lbfbz5q0-r-KernSmooth-2.23-26/library
/nix/store/yn7xg9crwbli97kx1xps4ayzb2rjw8gj-r-MASS-7.3-64/library
/nix/store/znhahr42m7ahh7kjwjzasf14zy70nq5m-r-Matrix-1.7-2/library
/nix/store/slrnac2di83pid3c6w4chaj1zksmn8w8-r-lattice-0.22-6/library
/nix/store/43kw9d83sic119f0z7vyz44ykm1gpymf-r-R6-2.6.1/library
/nix/store/2qqa71l5074vxfqbqpw0z6g8mym453rx-r-RColorBrewer-1.1-3/library
/nix/store/r29fpjdw3az13nj01x5wsscaf2xb2qaa-r-RCurl-1.98-1.16/library
/nix/store/9qgkhs3kcskhszs127g3gisjp1adkh58-r-bitops-1.0-9/library
/nix/store/297iqrnkyv44mg23amblmiwz6s91fi4b-r-RPostgres-1.4.7/library
/nix/store/zrqxpf3299vzcljrvsns6g3z712apcpa-r-bit64-4.6.0-1/library
/nix/store/m9xy3ffndiz7cyjwy4ar6rz60wz18ypi-r-bit-4.5.0.1/library
/nix/store/1cvzkjh918imgil85j4jqjbcil0xbwl9-r-blob-1.2.4/library
/nix/store/0ipck56r3lq59y6rzr584f3m0p9qscii-r-rlang-1.1.5/library
/nix/store/5q7bbg7bfirsnpjpwff7akjvnw05s1jn-r-vctrs-0.6.5/library
/nix/store/2yk5s5mwvwm0aw89adlfhwyzkkbwdq2n-r-cli-3.6.4/library
/nix/store/zhizxvs8hxh3k1svfz9pjnsjp515xvbd-r-glue-1.8.0/library
/nix/store/dc7ds8wk6qm02fphp3dlg1a0rdr73npj-r-lifecycle-1.0.4/library
/nix/store/pmhd5ixn42bir707pd78g1v61yjzmgqh-r-cpp11-0.5.1/library
/nix/store/679hwyi3722pn6kk4c8d9sgznfvvbxw7-r-hms-1.1.3/library
/nix/store/zmyqgq6r04gs44f82d1zkk8wqjavq814-r-pkgconfig-2.0.3/library
/nix/store/gxc3irmlgvhphv3cg1nd4hwx0x17hrf6-r-lubridate-1.9.4/library
/nix/store/b5lwrbv5gd4yq2dz3ja9ykw0gl0jnkzd-r-generics-0.1.3/library
/nix/store/gskdazv7ylzw4qd358drn7mdah24ynrh-r-timechange-0.3.0/library
/nix/store/z8c9agfxk5bzv2l1k5kvlcziy60sb3rh-r-plogr-0.2.0/library
/nix/store/mkcc624lavs44jx1skrh5v1f9nygz2c1-r-withr-3.0.2/library
/nix/store/xbgnbmwjp6x5a1gac69jv5r65v02qfqx-r-Rcpp-1.0.14/library
/nix/store/vz7rfgs3sxav5512ffj73za80j38jwpi-r-SnowballC-0.7.1/library
/nix/store/b93skrldx7s8lnbc3bbcbxjxrnqijn2d-r-antiword-1.3.4/library
/nix/store/fr93f644mz38v0xr617kvsph4zlfdmk4-r-sys-3.4.3/library
/nix/store/fc6qq1n8cajf8xyz37q0jz76pdr0c49k-r-askpass-1.2.1/library
/nix/store/6vbh0ciqdzjaqkwg9v8hhm76d86i39az-r-backports-1.5.0/library
/nix/store/zyjg93dvjcbdbkd0abm6mrvy0hdhfgy0-r-base64enc-0.1-3/library
/nix/store/irxys2v96683rak3apm17niw98mxviim-r-boot-1.3-31/library
/nix/store/2ms0znq3hrw66l2cdqr4mk82kglcj411-r-broom-1.0.7/library
/nix/store/8jxn67jrv66l9lpg12i14rzgcgimxsdc-r-dplyr-1.1.4/library
/nix/store/342mffn055xhda89kfcs610wi5nkf9wa-r-magrittr-2.0.3/library
/nix/store/n326k72x13gwzrx3nw4ypyj7aklksgfc-r-pillar-1.10.1/library
/nix/store/nfamjy6w9nbiaxl4vsvflbf8mp0f5iar-r-utf8-1.2.4/library
/nix/store/0i4amjcv8dc1bd3p24avbrzigjpy5big-r-tibble-3.2.1/library
/nix/store/39sjiphjm856lfrl4qysn9lgjgrna2lk-r-fansi-1.0.6/library
/nix/store/7cbi3zldyy7mpidc2qk5di8z856xfc3w-r-tidyselect-1.2.1/library
/nix/store/89mvg43syd6cl44m5j347kf4mcvbv0aa-r-purrr-1.0.4/library
/nix/store/dbbpswi5qsa9dnq2y9y1kjybl0l7brr1-r-stringr-1.5.1/library
/nix/store/8ckrsz9wn12y4nx9m0ig0plxgpqqd1yz-r-stringi-1.8.4/library
/nix/store/ps0v3zhafr7gg7g90gxs5m5z4hmckr7z-r-tidyr-1.3.1/library
/nix/store/89135gs6nszjhih5jzzrswfsw66gbnkb-r-bslib-0.9.0/library
/nix/store/w67nrja6pml5g8ifnqqx347krd0q41s5-r-cachem-1.1.0/library
/nix/store/apxm554z79c8hwm0bva6h2l717qi4lq6-r-fastmap-1.2.0/library
/nix/store/j2bg6hhkn359dafzc3rm0srjjisvq31f-r-htmltools-0.5.8.1/library
/nix/store/sdv5n5s9w6fkikhaxkcsa9m39cw5frac-r-digest-0.6.37/library
/nix/store/km9w550zs0hvk72kkpm1aplsi7xhhfzf-r-jquerylib-0.1.4/library
/nix/store/msfdwnar5fyafsj4yy8qc23qzrhsl62g-r-jsonlite-1.9.0/library
/nix/store/k0ic4n2vcxfrzl69466x9lg23i0f8nwc-r-memoise-2.0.1/library
/nix/store/5ckak2900zv7m2z0b8r1nqwq3z1ij00r-r-mime-0.12/library
/nix/store/xgyqcdnfr7giklq0sg23nx6jgj8xvi5j-r-sass-0.4.9/library
/nix/store/j1xy24dsqphjc8a0dhs4vfcz6hgsndnl-r-fs-1.6.5/library
/nix/store/pnr287qxh65zrbd0kknq9dllahsrlr7f-r-rappdirs-0.3.3/library
/nix/store/vwdmqqfkmnnlm7s8vg5dnw58mff78s56-r-callr-3.7.6/library
/nix/store/kh3zf13k3dl5p07vq41pjk866qdmhza2-r-processx-3.8.6/library
/nix/store/7nsssc248vi3ihyay98da9qpc62f8wk2-r-ps-1.9.0/library
/nix/store/i1pg9xziw0c50x9hp91m8d9hq4h6wgrn-r-cellranger-1.1.0/library
/nix/store/wdmr1p90qx848z8iv5ni9n719qr36aca-r-rematch-2.0.0/library
/nix/store/44ilymbsshyhrpqzgsgvr2ipamkh6m7l-r-class-7.3-23/library
/nix/store/yshgqsaqqsir7yv1sim7vx7m3qj0yx3p-r-classInt-0.4-11/library
/nix/store/xdzq3xrk6y8gqfikhnlxkg93ch60ky55-r-e1071-1.7-16/library
/nix/store/2sj7bv5msgabffkswyc29vfrch3d256q-r-proxy-0.4-27/library
/nix/store/qabxkkjm1k2xcjlr4spsxdd94v31d9ir-r-clipr-0.8.0/library
/nix/store/c7ia4ha8q7dc6ikfssij2i8w9i2vyipa-r-colorspace-2.1-1/library
/nix/store/kmzaz6jwisg8hfn93q1hzs8qwd737wy5-r-conflicted-1.2.0/library
/nix/store/v5yih8x48ggxv9gyfspcc4wszbg3alan-r-countrycode-1.6.0/library
/nix/store/j8nx24qnrhn8rl0izqlsds72b4cc917w-r-cowplot-1.1.3/library
/nix/store/z22nha8cnhvl118jvmnsv44mawjh7wkd-r-ggplot2-3.5.1/library
/nix/store/s6fr9sb9h91swpkx0fy0k6xg2gp14zi0-r-gtable-0.3.6/library
/nix/store/rvwnx2l01my21022811xymhvyb7mldfl-r-isoband-0.2.7/library
/nix/store/4qv450dqxzg2b3hlcdpbmqiw20hdr86r-r-mgcv-1.9-1/library
/nix/store/1zc2lmzp735ajz9n8bcklwmiafbnllgb-r-nlme-3.1-167/library
/nix/store/5kzd1z7fisypll88zbsm8ijk0nmslq00-r-scales-1.3.0/library
/nix/store/0phd2anpfplsv5yydc9x9qv11p2jxf72-r-farver-2.1.2/library
/nix/store/5pcn6p8nw6ghzyc67csmz3ggpcrbxz0k-r-labeling-0.4.3/library
/nix/store/g6w3vfz81l7kxn05kabpdg2hi0dgvdb1-r-munsell-0.5.1/library
/nix/store/9yjv2bls2x5d2pqk5qyf7m7fapr02njm-r-viridisLite-0.4.2/library
/nix/store/011aggbdaabywlgx7bxf3j9vwihhzkvc-r-crayon-1.5.3/library
/nix/store/9c3v2rs4sx9d484danmw73bl38lhgcas-r-curl-6.2.1/library
/nix/store/5hcqsr03ysrdl4gw3a7ffajpxpwkkxsq-r-data.table-1.17.0/library
/nix/store/vzx4ffzya1kj4hqlfdnrv37gn526yam7-r-dbplyr-2.5.0/library
/nix/store/608ixjs3az673fa7r4nizmyfr1l23v2i-r-doBy-4.6.25/library
/nix/store/3bnan6k5iv3rw618cbnsz2469sxjm07x-r-microbenchmark-1.5.0/library
/nix/store/in8kkhzzgibqjnqw0i2xb0hx0jrd2n6x-r-modelr-0.1.11/library
/nix/store/7lqw2wvdpx38cqr7vjpggxn1003vk66j-r-dtplyr-1.3.1/library
/nix/store/p23ham24ra4q036gkinfkkzsjc1pds9g-r-evaluate-1.0.3/library
/nix/store/5zh9b21pj9v58i823wvlfl63ghnzgnny-r-fastmatch-1.1-6/library
/nix/store/ik4vbyb6psvfck9429j23pic5v4p1vb3-r-fontawesome-0.5.3/library
/nix/store/lpzmi3i1w4sfsaly5jwypb3zhhyb3yjd-r-forcats-1.0.0/library
/nix/store/m1zbr99b0chcgazkln7w5r0v901agy3a-r-gargle-1.5.2/library
/nix/store/m8092dm12w5ry0fxqmgkkrw2q65kqi49-r-httr-1.4.7/library
/nix/store/6wmcqvcw5iv3xr91hrpdb7nh7cc3pbfi-r-openssl-2.3.2/library
/nix/store/aqka6nlsh5rqbwcizjq2nfym3k72wcrh-r-googledrive-2.1.1/library
/nix/store/gk90i6s1ap46h2h5z8gzcbylv0fhlxdk-r-uuid-1.2-1/library
/nix/store/xhz0wxvhcgy32s3xfxyg790d5xb1xrac-r-
googlesheets4-1.1.1/library
/nix/store/r3iw1xjaxn39v0s2vqql3qd8ydsnhk7x-r-ids-1.0.1/library
/nix/store/c5l3i1yszrgnlgs4b3qiary6byw9vlrh-r-rematch2-2.1.2/library
/nix/store/6mrwmsl5fcvmkprska39g7j420bgx8ds-r-haven-2.5.4/library
/nix/store/m0zvxykw6sza8kkrplaggb46qwk4kaf5-r-readr-2.1.5/library
/nix/store/mcfcnjsxkcflbq55fd04i8q0mx5gbda1-r-tzdb-0.4.0/library
/nix/store/lrj64vlkn1zcjfngaa40351la5rf2n69-r-vroom-1.6.5/library
/nix/store/r8z8ig5zla7yidc5bmg9gqx4b9y1y975-r-progress-1.2.3/library
/nix/store/zrlsabqy06y6mpfmj3h8j07mszh3jjjy-r-prettyunits-1.2.0/library
/nix/store/3srxi1kclzsbd5vlcgiqcpfy9sda6bcy-r-highr-0.11/library
/nix/store/0z49dsvhcvlkrc7i3wyl5wd2y563l0in-r-xfun-0.51/library
/nix/store/z09gr1vnhwp6ym19hdh72xayybb48m4b-r-igraph-2.1.4/library
/nix/store/5pcjfywcqvlgqf7rbj6dycs6v0vh3sq7-r-knitr-1.49/library
/nix/store/q07yk58fadqnxcpbdwxa7wrh3dqh6xcb-r-yaml-2.3.10/library
/nix/store/q8qq0426qms24kg1amgby30gmmfn6ic2-r-labelled-2.14.0/library
/nix/store/vkfndijqkjlqp6kllw1rwrg70ww519wf-r-minty-0.0.5/library
/nix/store/5knc32k6hm4gws0qdvpjv4fkvzn1j9xi-r-ndjson-0.9.0/library
/nix/store/alfcpq85sxxwmaxpx9zwafjil7dznd1c-r-pdftools-3.4.1/library
/nix/store/av09904hk8z0j8d9x9xgc4g1mk3krvdx-r-qpdf-1.3.4/library
/nix/store/g6fqsczn2fkfdq7fgq67yyabspw62c02-r-quanteda-4.2.0/library
/nix/store/f4m10kw4ap662mqkjb3sq3536aybkjfl-r-stopwords-2.3/library
/nix/store/im0qq8giq0950gizmmg7r38mjy2w7z3x-r-xml2-1.3.6/library
/nix/store/xyr81dhg267k89z457jg1czkiw6w52h2-r-ragg-1.3.3/library
/nix/store/88yqfafyk981y8glp34a4wbl61h0ymb9-r-systemfonts-1.2.1/library
/nix/store/5bxpa5zxg5f5ndrhfr00vhm6n9k0hq09-r-textshaping-1.0.0/library
/nix/store/7hyqc2b9jzkd4fjacv5z8whgrhg9jgpz-r-readODS-2.3.2/library
/nix/store/ramxsvgcwxhs4hmki9bpmlsq1a0232qv-r-zip-2.3.2/library
/nix/store/lzd53sva3ab6zl565ij92mc6mbml9jxz-r-readtext-0.91/library
/nix/store/8dg9df1h3rab1760g6wqfk64f9xmi6i2-r-readxl-1.4.3/library
/nix/store/058gai2qprqnfc8fndd2zl648gr9vy5i-r-streamR-0.4.5/library
/nix/store/127jw2d6cqyvgjljzcsngmwxsvs76m89-r-rjson-0.2.23/library
/nix/store/prsnhfl4qk69lnl2k98m9l7w50malz08-r-striprtf-0.6.0/library
/nix/store/gsfmqa8wd93cwwbylzi4rh0b3kznp5nl-r-renv-1.1.1/library
/nix/store/y0yz1qp3crjsvj743l77xbq9gky24b48-r-reprex-2.1.1/library
/nix/store/b4lcpsn2677vifkgfq36slywrz65laxz-r-rmarkdown-2.29/library
/nix/store/bk39ghgn8m1d36facd5bzvgkh78gv7mh-r-tinytex-0.55/library
/nix/store/k1h7009i90prwd8y3wnhbvjgbqd013nz-r-rstudioapi-0.17.1/library
/nix/store/ycr36cjf1xvmgcny6drh4a8lbnnw7kl7-r-rvest-1.0.4/library
/nix/store/xr1sbr7q7v4sbmabzpm1qwy1f1w9cplc-r-selectr-0.4-2/library
/nix/store/fg4h4j7xm715765bc1f2wfh95d5swr5f-r-s2-1.1.7/library
/nix/store/0x8na9jxc5ak7w7kaxd3k6dffzrjndk9-r-wk-0.9.4/library
/nix/store/znllhcqvsdrnhvpi510812csdhqyalhp-r-sf-1.0-19/library
/nix/store/77lxbprdks9hr7a6x6r560ksassql1i3-r-units-0.8-5/library
/nix/store/bwillpynm1s6wjnkswb6721v70mn3g4v-r-stringdist-0.9.15/library
/nix/store/fdq5ass38nlz1wi4jfbvp463j3sb9w9i-r-tidyverse-2.0.0/library
/nix/store/hk393gqm9az2fhscki3y8cjkkfyn27h2-R-4.4.2/lib/R/library

R Language Server (31982) exited with exit code 10
