2025-05-13 19:51:03.667 [info] [main] Log level: Info
2025-05-13 19:51:03.667 [info] [main] Validating found git in: "git"
2025-05-13 19:51:03.667 [info] [main] Using git "2.47.2" from "git"
2025-05-13 19:51:03.667 [info] [Model][doInitialScan] Initial repository scan started
2025-05-13 19:51:03.667 [info] > git rev-parse --show-toplevel [2ms]
2025-05-13 19:51:03.667 [info] fatal: not a git repository (or any of the parent directories): .git
2025-05-13 19:51:03.667 [info] > git rev-parse --show-toplevel [21ms]
2025-05-13 19:51:03.667 [info] fatal: not a git repository (or any of the parent directories): .git
2025-05-13 19:51:03.668 [info] > git rev-parse --show-toplevel [4ms]
2025-05-13 19:51:03.668 [info] fatal: not a git repository (or any of the parent directories): .git
2025-05-13 19:51:03.676 [info] > git rev-parse --show-toplevel [1ms]
2025-05-13 19:51:03.676 [info] fatal: not a git repository (or any of the parent directories): .git
2025-05-13 19:51:03.684 [info] > git rev-parse --show-toplevel [2ms]
2025-05-13 19:51:03.684 [info] fatal: not a git repository (or any of the parent directories): .git
2025-05-13 19:51:03.692 [info] > git rev-parse --show-toplevel [1ms]
2025-05-13 19:51:03.692 [info] fatal: not a git repository (or any of the parent directories): .git
2025-05-13 19:51:03.700 [info] > git rev-parse --show-toplevel [1ms]
2025-05-13 19:51:03.700 [info] fatal: not a git repository (or any of the parent directories): .git
2025-05-13 19:51:03.710 [info] > git rev-parse --show-toplevel [2ms]
2025-05-13 19:51:03.710 [info] fatal: not a git repository (or any of the parent directories): .git
2025-05-13 19:51:03.718 [info] > git rev-parse --show-toplevel [1ms]
2025-05-13 19:51:03.718 [info] fatal: not a git repository (or any of the parent directories): .git
2025-05-13 19:51:03.726 [info] > git rev-parse --show-toplevel [1ms]
2025-05-13 19:51:03.726 [info] fatal: not a git repository (or any of the parent directories): .git
2025-05-13 19:51:03.733 [info] > git rev-parse --show-toplevel [1ms]
2025-05-13 19:51:03.733 [info] fatal: not a git repository (or any of the parent directories): .git
2025-05-13 19:51:03.742 [info] > git rev-parse --show-toplevel [1ms]
2025-05-13 19:51:03.742 [info] fatal: not a git repository (or any of the parent directories): .git
2025-05-13 19:51:03.750 [info] > git rev-parse --show-toplevel [2ms]
2025-05-13 19:51:03.750 [info] fatal: not a git repository (or any of the parent directories): .git
2025-05-13 19:51:03.758 [info] > git rev-parse --show-toplevel [1ms]
2025-05-13 19:51:03.758 [info] fatal: not a git repository (or any of the parent directories): .git
2025-05-13 19:51:03.767 [info] > git rev-parse --show-toplevel [1ms]
2025-05-13 19:51:03.767 [info] fatal: not a git repository (or any of the parent directories): .git
2025-05-13 19:51:03.777 [info] > git rev-parse --show-toplevel [4ms]
2025-05-13 19:51:03.777 [info] fatal: not a git repository (or any of the parent directories): .git
2025-05-13 19:51:03.785 [info] > git rev-parse --show-toplevel [1ms]
2025-05-13 19:51:03.785 [info] fatal: not a git repository (or any of the parent directories): .git
2025-05-13 19:51:03.794 [info] > git rev-parse --show-toplevel [2ms]
2025-05-13 19:51:03.794 [info] fatal: not a git repository (or any of the parent directories): .git
2025-05-13 19:51:03.803 [info] > git rev-parse --show-toplevel [1ms]
2025-05-13 19:51:03.803 [info] fatal: not a git repository (or any of the parent directories): .git
2025-05-13 19:51:03.813 [info] > git rev-parse --show-toplevel [2ms]
2025-05-13 19:51:03.813 [info] fatal: not a git repository (or any of the parent directories): .git
2025-05-13 19:51:03.813 [info] [Model][doInitialScan] Initial repository scan completed - repositories (0), closed repositories (0), parent repositories (0), unsafe repositories (0)
2025-05-13 19:51:03.822 [info] > git rev-parse --show-toplevel [1ms]
2025-05-13 19:51:03.822 [info] fatal: not a git repository (or any of the parent directories): .git
2025-05-13 19:51:04.206 [info] > git rev-parse --show-toplevel [2ms]
2025-05-13 19:51:04.206 [info] fatal: not a git repository (or any of the parent directories): .git
2025-05-13 19:51:04.745 [info] > git rev-parse --show-toplevel [1ms]
2025-05-13 19:51:04.745 [info] fatal: not a git repository (or any of the parent directories): .git
