R Language Server (14277) started
R library paths: /nix/store/f0hxk4hl1n0nhw8zar199i4dhl1yigi2-r-boot-1.3-30/library
/nix/store/kcpawmnwpl5xa785dxwm5pri7l5gjk28-r-class-7.3-22/library
/nix/store/dlvsl6vnd31xv1k4r2b0d6d6ysdj9lfn-r-MASS-7.3-61/library
/nix/store/m71jmn58a97hk8zvknrjhi0iss1aplfh-r-cluster-2.1.6/library
/nix/store/5x61ahg2kxcr34wk7q84dysva5ij5hc1-r-codetools-0.2-20/library
/nix/store/ayrgg35zjxz7m8bqyq2p8nky2r5x4ybc-r-foreign-0.8-87/library
/nix/store/k6ni1h7kp2m4ksyib5qcgadi0srp0vhl-r-KernSmooth-2.23-24/library
/nix/store/sk4kxdw97nwzz7gsmji2fa2v0s5adypj-r-lattice-0.22-6/library
/nix/store/nhawrvwpwhayybgi63aqi1v9nww48fgg-r-Matrix-1.7-0/library
/nix/store/y4xigh82qbyxfya49w6v1a5dyq10h2d3-r-mgcv-1.9-1/library
/nix/store/1zcjz36n2hs37rpr8ycs1qqgzgli91gf-r-nlme-3.1-166/library
/nix/store/m462yij72dgszk86i8m0ylldin58zz01-r-nnet-7.3-19/library
/nix/store/wmh5kgp8wby9bszsj5fjn9s3c31p8ygi-r-rpart-4.1.23/library
/nix/store/gw76q6rg13lmiv6slp0rdacwwmw0hzgj-r-spatial-7.3-17/library
/nix/store/x6jmmvlcylz889mdjbnhpl57if0lv8xg-r-survival-3.7-0/library
/nix/store/bxii7zzsjn1rgpw5zhz70d2k0knhmkbm-r-tidyverse-2.0.0/library
/nix/store/6d9a1sx48v4v9nkfdhzjy9ky5m4z6yim-r-broom-1.0.7/library
/nix/store/nmysmmpkm03nci5xjh713jplyjgdchn0-r-backports-1.5.0/library
/nix/store/4qgnzdyp6j2xkv7m1r5gh72azfbilgs6-r-dplyr-1.1.4/library
/nix/store/nrw0snnfam540pgsfyibylnqdfzc7hvc-r-R6-2.6.1/library
/nix/store/ny3xdkimbwi6ns3r8ljmyzcsyhhljx7b-r-cli-3.6.4/library
/nix/store/50kiqib4hd380sjc37xm2cpb9pm2n213-r-generics-0.1.3/library
/nix/store/3kbf26f0hzckiy5cr4ic30mjrfyc07s1-r-glue-1.8.0/library
/nix/store/2skckliwndy6n4nia7bjmxbfkxwdk736-r-lifecycle-1.0.4/library
/nix/store/nqry407lyb6bs0maa9y9dw1scjyj7pv4-r-rlang-1.1.5/library
/nix/store/60zyiv58f100zbbniv6ajrf9qlxhigri-r-magrittr-2.0.3/library
/nix/store/l9j1v8i1mjc5f11syi655mw5ai2vhwcl-r-pillar-1.10.1/library
/nix/store/v4dq8b1vhb7xd1ny795a9fxk720s6qrv-r-utf8-1.2.4/library
/nix/store/4dkyxic0zylznl2bnd832m8hpki7ycqh-r-vctrs-0.6.5/library
/nix/store/1f40dhjy5v83qrkq9cyalm4jh3f419dl-r-tibble-3.2.1/library
/nix/store/y941zibwff89a6njls97q9hszcbs2z03-r-fansi-1.0.6/library
/nix/store/hq9r1gz9j7mf6jllgy194cg1bd9hnrsf-r-pkgconfig-2.0.3/library
/nix/store/lvn94a86ssygv25lsm40nlyq0pg3zqvf-r-tidyselect-1.2.1/library
/nix/store/5gjmrl4wqvq8fyzrvpb4nmrn8ngvpvsz-r-withr-3.0.2/library
/nix/store/2x7xy0dvxiabgbfvg2whay42pn6iq75v-r-purrr-1.0.4/library
/nix/store/zkx8j4vx5gdjw1jj3h1wn4cm39cfsi2j-r-stringr-1.5.1/library
/nix/store/6ay3r9fg9h0ihg4wih1vmya9l53gkza0-r-stringi-1.8.4/library
/nix/store/065yp1ysi2qnzy08wm4a4qix41wbjkgp-r-tidyr-1.3.1/library
/nix/store/inqrjz6fn2bmyk6ds1dk7di39jl7yagg-r-cpp11-0.5.1/library
/nix/store/9y1kwjahd6rydwhjvh5q2wmfli5xrxcx-r-conflicted-1.2.0/library
/nix/store/yqsi752br6c80j0x0x34h42j1hjlcqjn-r-memoise-2.0.1/library
/nix/store/w97jv8iq48rpkdinssi5pni4k6bxv4di-r-cachem-1.1.0/library
/nix/store/lvliap3520sim4xlp9ziawzi9rmd4wby-r-fastmap-1.2.0/library
/nix/store/b38jza7p6c99nda4yr2ir38lrn426jlk-r-dbplyr-2.5.0/library
/nix/store/8qdd1al7agqhwxvkff4a7nwc9qzmv7q8-r-DBI-1.2.3/library
/nix/store/5ghd25svdwlycik1akg8hja205cvc7x2-r-blob-1.2.4/library
/nix/store/r3an9z2qhx1lydahnh3lm6f3hi770bfm-r-dtplyr-1.3.1/library
/nix/store/zy15gv0qyjgfqs92g33fmvmkwp0bgx1i-r-data.table-1.17.0/library
/nix/store/6cipkah68gvbxj6mnxcf87jqzdl0xgyl-r-forcats-1.0.0/library
/nix/store/bv7ikv02m36m6ccnl5y4ib08xry345rc-r-ggplot2-3.5.1/library
/nix/store/fwsb872hn7myppbb5n3s7fdm23zzqw8v-r-MASS-7.3-65/library
/nix/store/fn7ysqcnjm16rs56wrb1fd6aqd467n44-r-gtable-0.3.6/library
/nix/store/628yprgwg0n8v8gv99bbaq74zvv1vn53-r-isoband-0.2.7/library
/nix/store/dhb4q9nd5xaq0mdz92jr5mcckrz25f2h-r-mgcv-1.9-1/library
/nix/store/7m8hzxcsgmngg1gpqzgcmmhvg2laixy5-r-Matrix-1.7-2/library
/nix/store/yyya9r5iv4yxyb2h7w47bbvyi9b2z38m-r-lattice-0.22-6/library
/nix/store/ph83n8vl86g25x3bw6yrkc0ldk8iwiq3-r-nlme-3.1-167/library
/nix/store/jdhjphlhdyrpidx961lx4s61b9ycln4g-r-scales-1.3.0/library
/nix/store/v68mck3wwlvx7lavqj1sm7wp6n5djc05-r-RColorBrewer-1.1-3/library
/nix/store/3ic2j8r17dchh4lf3r4v7nssj53y6di9-r-farver-2.1.2/library
/nix/store/s0y9dvyb1p3gxi1w27z13n7am4p18nj0-r-labeling-0.4.3/library
/nix/store/b07lpi9mjvapv68hwcvc2a4kgimvsrsq-r-munsell-0.5.1/library
/nix/store/84p68v5z4fmp3ils3pvf3bphcb5dr1yh-r-colorspace-2.1-1/library
/nix/store/3mwccmhily3ajp666aab0yab12rnb2cr-r-viridisLite-0.4.2/library
/nix/store/s8vmvby3liazmgaj8c4spvhgq59xf5k9-r-googledrive-2.1.1/library
/nix/store/faqdzbppy53mfj9b4ivgp4mz9b0i7jc3-r-gargle-1.5.2/library
/nix/store/vgmq5r5arnl4q3clvji7m5xa98mimr0a-r-fs-1.6.5/library
/nix/store/hinkd17wimr8ciifi1gaap3b9gcvabzp-r-httr-1.4.7/library
/nix/store/w6p363z48225b4rx2pp16aqnnpckcgy2-r-curl-6.2.1/library
/nix/store/j5cabzs2hdy4fh92pn294pgri03qvg88-r-jsonlite-1.9.0/library
/nix/store/9l1fd4h5j1xa1f2968fdpj97cqks99k6-r-mime-0.12/library
/nix/store/0m02456c2ipysyc5s2z2pzgpv8631kv7-r-openssl-2.3.2/library
/nix/store/xy4rkay4dh0hvvh0c8l1gyb7brrlq28h-r-askpass-1.2.1/library
/nix/store/rzd32xb1dfw8ablndv12n5iw069wdzyv-r-sys-3.4.3/library
/nix/store/wy955h8jk2radslh2lq5871yk64q7hcx-r-rappdirs-0.3.3/library
/nix/store/62zzccwyyh5gcfgjd03zkfjw1avaykc0-r-uuid-1.2-1/library
/nix/store/cvh9zkhx3n6z6xs2m4z7zwih21ydwsn5-r-googlesheets4-1.1.1/library
/nix/store/3ki339pbl84f6ssh0s3maid307xravg2-r-cellranger-1.1.0/library
/nix/store/6nw976av9fbs8f7cjqa7i3pw598a7v9a-r-rematch-2.0.0/library
/nix/store/nsca70h74v6b8w0wvvbnzpp7qw14hp1f-r-ids-1.0.1/library
/nix/store/k7ia4gjcq33gaxsmsqw2l1zqrlg8qrcz-r-rematch2-2.1.2/library
/nix/store/03s1xc0wdannhnfnizpbilsljs7rbrjl-r-haven-2.5.4/library
/nix/store/qn1ysdsaccs0nvvd2q8ng736k08yrmmn-r-hms-1.1.3/library
/nix/store/q5lbqv192gy4851xd31cc1v9jp74ifp7-r-readr-2.1.5/library
/nix/store/knx305fkw15ldvksbwhr9n9nni81czm4-r-clipr-0.8.0/library
/nix/store/9081k6gn9qxz3flz6bplwyrinhqynazp-r-crayon-1.5.3/library
/nix/store/p22ayq3s04qm74z4szspbgg0lsv5d69a-r-tzdb-0.4.0/library
/nix/store/dz4x1wc01b0w40pg3j6fc8yxf20wkih3-r-vroom-1.6.5/library
/nix/store/va5ry3c65w5nb6d8k2579yj7sxf8lfbg-r-bit64-4.6.0-1/library
/nix/store/6rvwzvliwjyf1valkxfcandqlbr0jc1j-r-bit-4.5.0.1/library
/nix/store/661g3ja81844wr2li68mw6g50m69zpzc-r-progress-1.2.3/library
/nix/store/mp9a5dm18bgaag30cxqjrrnfgr7qlz5c-r-prettyunits-1.2.0/library
/nix/store/ajdqk5v7injci90blk5bh1858sxnfm5x-r-lubridate-1.9.4/library
/nix/store/nskab72362jspg81ln97hxhj6bqqcfg1-r-timechange-0.3.0/library
/nix/store/fyrl556wh8crwa01f2vqp3ijlpr1xg47-r-modelr-0.1.11/library
/nix/store/av5aryl2asfkxvqkpm9ya9y3pldn5hf2-r-ragg-1.3.3/library
/nix/store/rhyr1xcaz7h5763kbk8wwpyr0yvrfxsj-r-systemfonts-1.2.1/library
/nix/store/36lwm9866day85swzv63iws4q1l3k7dl-r-textshaping-1.0.0/library
/nix/store/dwl9ls1jzz633avgcngcr897sz704p4j-r-readxl-1.4.4/library
/nix/store/bgbp6sizy436vwb0lywxikacsqj29sw8-r-reprex-2.1.1/library
/nix/store/0y6ngvwpd1vvqi9rr6i1hmcx2rd2xsvr-r-callr-3.7.6/library
/nix/store/w1y2nvl5x9h9vcdfgbpzxh81wyhmdk4p-r-processx-3.8.6/library
/nix/store/jxl01k7385qzp239ndv8h99crsd4f9gk-r-ps-1.9.0/library
/nix/store/683qp6nz1r8d31pgr9pa7718z46pf4iy-r-knitr-1.49/library
/nix/store/6lrz83gcq0r68dlrakii235m5yysp280-r-evaluate-1.0.3/library
/nix/store/qizlxnbp27rfsby8rqkv8vlaiqwf9r1b-r-highr-0.11/library
/nix/store/ay2anxj2ayamzff296bq9vd322885hi0-r-xfun-0.51/library
/nix/store/yr4sf5vn8ndvy3bscf1kdbrmsahxrzip-r-yaml-2.3.10/library
/nix/store/9fxv1zzhkfs128g4hnrn9afcmmhbr4nn-r-rmarkdown-2.29/library
/nix/store/9qfl5zjg2jzb3g596804fza20s2x0nnx-r-bslib-0.9.0/library
/nix/store/pkcpaf17gfcmdhhb7q0irlyj1j84ji8i-r-base64enc-0.1-3/library
/nix/store/7ni3sryhqcx7hjd6afshvbbimfzrq2ih-r-htmltools-0.5.8.1/library
/nix/store/b6i2w8ms1c34ah3ri9cbvldkmmli0d92-r-digest-0.6.37/library
/nix/store/ymcjpdkccs9zrnp05wfzcirck5k6c2nf-r-jquerylib-0.1.4/library
/nix/store/fl107l3n8z189wqjpwphf1bk26bgwab5-r-sass-0.4.9/library
/nix/store/6hp040yyfcsm0smkfkb06nw4h1gxazb0-r-fontawesome-0.5.3/library
/nix/store/7wazivicyn0pnns4av5j6zf5mpml2pc3-r-tinytex-0.56/library
/nix/store/g88znhsmwzkr70k788wlm6j7xy8mvg6h-r-rstudioapi-0.17.1/library
/nix/store/7pf5l459yvp1lqk6bgnc1f9vdgb8jg1b-r-rvest-1.0.4/library
/nix/store/crxhh2bq800rsx0bxc8yznyjzi18z26c-r-selectr-0.4-2/library
/nix/store/lfsvzh5nnbinjgp4i3k6j139jb1w4car-r-xml2-1.3.7/library
/nix/store/5qmwqs4rz6fmwm6axw43p91mr8880828-r-duckplyr-1.0.1/library
/nix/store/nvwysr7snk89m0p536d87vxzc9y41g6n-r-collections-0.3.7/library
/nix/store/q5vhnrs256ixsnakcsz0rr872sgrslks-r-duckdb-1.2.0/library
/nix/store/sm9fyc85l3m2w11vsx6yvar4z7i4135p-r-ggeffects-2.2.0/library
/nix/store/5y71dbfj0q00m9j20iqhciipshhjhpfl-r-datawizard-1.0.0/library
/nix/store/xwngmapjk7if0aj8jd6c1008a3immx6j-r-insight-1.0.2/library
/nix/store/77lca4gwbs906wkmyq3fxfm415nkrrpg-r-gh-1.4.1/library
/nix/store/68chm0m183zj9898fi4gdlnj49f2wydx-r-gitcreds-0.1.2/library
/nix/store/69z4l6vp62bz2g61n1zpj5ifc3lshniq-r-httr2-1.1.0/library
/nix/store/w3czg3v15xkp9cca6cqwsfmqz7w3s7px-r-ini-0.3.1/library
/nix/store/6hvba1k73vw586dgl0555890z1fkbhid-r-gt-0.11.1/library
/nix/store/jbhjwi5nk87xg1lc0jkn83rg2kc4xbln-r-bigD-0.3.0/library
/nix/store/b6zqhlcqjwq637xa4j1w7rv9cahfgvc2-r-bitops-1.0-9/library
/nix/store/siprpym7ic56isvisgybj5sb58x645qr-r-commonmark-1.9.2/library
/nix/store/dx51f8xvrffapsk5hy6xxgpg1rfpzr9g-r-htmlwidgets-1.6.4/library
/nix/store/xmrqp01r0g2qszzi3yy7gw7sz5ad3afq-r-juicyjuice-0.1.0/library
/nix/store/cg8924nvpbp78kxmbv1zcw04x8vjkras-r-V8-6.0.1/library
/nix/store/1w8wz2q8vpml78p254x9m4jci83y4s1p-r-Rcpp-1.0.14/library
/nix/store/fbhg7q2247fnjiqif2ki2il62ccz12nj-r-markdown-1.13/library
/nix/store/rv4mj71wrq49ksbrrspha034sdl24743-r-reactable-0.4.4/library
/nix/store/369skjym1ywqhgmn79ps3490x50gx7z7-r-reactR-0.6.1/library
/nix/store/yvnrn2ik1sm5zra4q0qi2bnzhdsx1gz2-r-gridExtra-2.3/library
/nix/store/r99ak92080w6jvmakrxapbk2xyzjfmq9-r-httpgd-2.0.3/library
/nix/store/nyslz7gnav7m5d7hxg417g3xwasygjx2-r-AsioHeaders-1.22.1-2/library
/nix/store/7dm0nd6kh0bzjkzpsqj8x0n8wwy9xg52-r-unigd-0.1.3/library
/nix/store/iv9dfq3hvndghrrrisws0wfjqplwxqda-r-tikzDevice-0.12.6/library
/nix/store/88yvkhk0y44y1fkrs3f9a19ksf1z7415-r-filehash-2.4-6/library
/nix/store/wq1vizfnpaph3r1qyg4l853xiylrvgdr-r-png-0.1-8/library
/nix/store/hb1ppawsk4nppw0w77irs69n6bdvinrl-r-tinytable-0.7.0/library
/nix/store/c5g2zbn0i452916lmc42z2l17aqwm6qy-r-viridis-0.6.5/library
/nix/store/pl8ffzqvihzqx6qgg13qiv8iyd01x311-r-rix-0.15.5/library
/nix/store/lfsrbba79cs7597cwkl2010w6f5j3n1a-r-codetools-0.2-20/library
/nix/store/7aqd9zws4ia20kddr815rh0dmaid7qng-R-4.4.1/lib/R/library

R Language Server (14277) exited with exit code 10
