2025-07-06 16:06:48.367 [info] [main] Log level: Info
2025-07-06 16:06:48.367 [info] [main] Validating found git in: "git"
2025-07-06 16:06:48.367 [info] [main] Using git "2.49.0" from "git"
2025-07-06 16:06:48.367 [info] [Model][doInitialScan] Initial repository scan started
2025-07-06 16:06:48.367 [info] > git rev-parse --show-toplevel [148ms]
2025-07-06 16:06:48.367 [info] fatal: not a git repository (or any of the parent directories): .git
2025-07-06 16:06:48.367 [info] > git rev-parse --show-toplevel [111ms]
2025-07-06 16:06:48.381 [info] > git rev-parse --show-toplevel [21ms]
2025-07-06 16:06:48.381 [info] fatal: not a git repository (or any of the parent directories): .git
2025-07-06 16:06:48.407 [info] > git rev-parse --show-toplevel [4ms]
2025-07-06 16:06:48.407 [info] fatal: not a git repository (or any of the parent directories): .git
2025-07-06 16:06:48.437 [info] > git rev-parse --show-toplevel [7ms]
2025-07-06 16:06:48.437 [info] fatal: not a git repository (or any of the parent directories): .git
2025-07-06 16:06:48.464 [info] > git rev-parse --show-toplevel [16ms]
2025-07-06 16:06:48.464 [info] fatal: not a git repository (or any of the parent directories): .git
2025-07-06 16:06:48.476 [info] > git rev-parse --show-toplevel [2ms]
2025-07-06 16:06:48.476 [info] fatal: not a git repository (or any of the parent directories): .git
2025-07-06 16:06:48.487 [info] > git rev-parse --show-toplevel [3ms]
2025-07-06 16:06:48.487 [info] fatal: not a git repository (or any of the parent directories): .git
2025-07-06 16:06:48.503 [info] > git rev-parse --show-toplevel [7ms]
2025-07-06 16:06:48.503 [info] fatal: not a git repository (or any of the parent directories): .git
2025-07-06 16:06:48.511 [info] > git rev-parse --show-toplevel [1ms]
2025-07-06 16:06:48.511 [info] fatal: not a git repository (or any of the parent directories): .git
2025-07-06 16:06:48.519 [info] > git rev-parse --show-toplevel [1ms]
2025-07-06 16:06:48.519 [info] fatal: not a git repository (or any of the parent directories): .git
2025-07-06 16:06:48.529 [info] > git rev-parse --show-toplevel [3ms]
2025-07-06 16:06:48.529 [info] fatal: not a git repository (or any of the parent directories): .git
2025-07-06 16:06:48.537 [info] > git rev-parse --show-toplevel [1ms]
2025-07-06 16:06:48.537 [info] fatal: not a git repository (or any of the parent directories): .git
2025-07-06 16:06:48.544 [info] > git rev-parse --show-toplevel [1ms]
2025-07-06 16:06:48.544 [info] fatal: not a git repository (or any of the parent directories): .git
2025-07-06 16:06:48.550 [info] > git rev-parse --show-toplevel [1ms]
2025-07-06 16:06:48.550 [info] fatal: not a git repository (or any of the parent directories): .git
2025-07-06 16:06:48.558 [info] > git rev-parse --show-toplevel [1ms]
2025-07-06 16:06:48.558 [info] fatal: not a git repository (or any of the parent directories): .git
2025-07-06 16:06:48.566 [info] > git rev-parse --show-toplevel [1ms]
2025-07-06 16:06:48.566 [info] fatal: not a git repository (or any of the parent directories): .git
2025-07-06 16:06:48.575 [info] > git rev-parse --show-toplevel [1ms]
2025-07-06 16:06:48.575 [info] fatal: not a git repository (or any of the parent directories): .git
2025-07-06 16:06:48.582 [info] > git rev-parse --show-toplevel [1ms]
2025-07-06 16:06:48.582 [info] fatal: not a git repository (or any of the parent directories): .git
2025-07-06 16:06:48.582 [info] [Model][doInitialScan] Initial repository scan completed - repositories (0), closed repositories (0), parent repositories (1), unsafe repositories (0)
2025-07-06 16:06:48.589 [info] > git rev-parse --show-toplevel [1ms]
2025-07-06 16:06:48.589 [info] fatal: not a git repository (or any of the parent directories): .git
2025-07-06 16:06:48.825 [info] > git rev-parse --show-toplevel [1ms]
2025-07-06 16:06:48.825 [info] fatal: not a git repository (or any of the parent directories): .git
2025-07-06 16:06:49.404 [info] > git rev-parse --show-toplevel [2ms]
2025-07-06 16:06:49.404 [info] fatal: not a git repository (or any of the parent directories): .git
2025-07-06 16:07:30.914 [info] > git rev-parse --show-toplevel [1ms]
2025-07-06 16:07:30.914 [info] fatal: not a git repository (or any of the parent directories): .git
2025-07-06 16:07:33.414 [info] > git rev-parse --show-toplevel [1ms]
2025-07-06 16:07:33.414 [info] fatal: not a git repository (or any of the parent directories): .git
2025-07-06 16:08:20.067 [info] > git rev-parse --show-toplevel [1ms]
2025-07-06 16:08:20.067 [info] fatal: not a git repository (or any of the parent directories): .git
2025-07-06 16:08:23.584 [info] > git rev-parse --show-toplevel [2ms]
2025-07-06 16:08:23.584 [info] fatal: not a git repository (or any of the parent directories): .git
