2025-05-10 15:47:18.110 [info] [main] Log level: Info
2025-05-10 15:47:18.110 [info] [main] Validating found git in: "git"
2025-05-10 15:47:18.110 [info] [main] Using git "2.47.2" from "git"
2025-05-10 15:47:18.110 [info] [Model][doInitialScan] Initial repository scan started
2025-05-10 15:47:18.110 [info] [Model][doInitialScan] Initial repository scan completed - repositories (0), closed repositories (0), parent repositories (0), unsafe repositories (0)
2025-05-10 15:47:47.094 [info] [main] Log level: Info
2025-05-10 15:47:47.094 [info] [main] Validating found git in: "git"
2025-05-10 15:47:47.094 [info] [main] Using git "2.47.2" from "git"
2025-05-10 15:47:47.094 [info] [Model][doInitialScan] Initial repository scan started
2025-05-10 15:47:47.094 [info] > git rev-parse --show-toplevel [23ms]
2025-05-10 15:47:47.094 [info] fatal: not a git repository (or any of the parent directories): .git
2025-05-10 15:47:47.103 [info] > git rev-parse --show-toplevel [1ms]
2025-05-10 15:47:47.103 [info] fatal: not a git repository (or any of the parent directories): .git
2025-05-10 15:47:47.109 [info] > git rev-parse --show-toplevel [1ms]
2025-05-10 15:47:47.109 [info] fatal: not a git repository (or any of the parent directories): .git
2025-05-10 15:47:47.115 [info] > git rev-parse --show-toplevel [1ms]
2025-05-10 15:47:47.115 [info] fatal: not a git repository (or any of the parent directories): .git
2025-05-10 15:47:47.120 [info] > git rev-parse --show-toplevel [1ms]
2025-05-10 15:47:47.120 [info] fatal: not a git repository (or any of the parent directories): .git
2025-05-10 15:47:47.125 [info] > git rev-parse --show-toplevel [1ms]
2025-05-10 15:47:47.125 [info] fatal: not a git repository (or any of the parent directories): .git
2025-05-10 15:47:47.131 [info] > git rev-parse --show-toplevel [1ms]
2025-05-10 15:47:47.131 [info] fatal: not a git repository (or any of the parent directories): .git
2025-05-10 15:47:47.137 [info] > git rev-parse --show-toplevel [0ms]
2025-05-10 15:47:47.137 [info] fatal: not a git repository (or any of the parent directories): .git
2025-05-10 15:47:47.142 [info] > git rev-parse --show-toplevel [1ms]
2025-05-10 15:47:47.142 [info] fatal: not a git repository (or any of the parent directories): .git
2025-05-10 15:47:47.148 [info] > git rev-parse --show-toplevel [1ms]
2025-05-10 15:47:47.148 [info] fatal: not a git repository (or any of the parent directories): .git
2025-05-10 15:47:47.154 [info] > git rev-parse --show-toplevel [1ms]
2025-05-10 15:47:47.154 [info] fatal: not a git repository (or any of the parent directories): .git
2025-05-10 15:47:47.159 [info] > git rev-parse --show-toplevel [1ms]
2025-05-10 15:47:47.159 [info] fatal: not a git repository (or any of the parent directories): .git
2025-05-10 15:47:47.165 [info] > git rev-parse --show-toplevel [1ms]
2025-05-10 15:47:47.165 [info] fatal: not a git repository (or any of the parent directories): .git
2025-05-10 15:47:47.170 [info] > git rev-parse --show-toplevel [1ms]
2025-05-10 15:47:47.170 [info] fatal: not a git repository (or any of the parent directories): .git
2025-05-10 15:47:47.176 [info] > git rev-parse --show-toplevel [1ms]
2025-05-10 15:47:47.176 [info] fatal: not a git repository (or any of the parent directories): .git
2025-05-10 15:47:47.181 [info] > git rev-parse --show-toplevel [1ms]
2025-05-10 15:47:47.181 [info] fatal: not a git repository (or any of the parent directories): .git
2025-05-10 15:47:47.186 [info] > git rev-parse --show-toplevel [1ms]
2025-05-10 15:47:47.186 [info] fatal: not a git repository (or any of the parent directories): .git
2025-05-10 15:47:47.191 [info] > git rev-parse --show-toplevel [1ms]
2025-05-10 15:47:47.191 [info] fatal: not a git repository (or any of the parent directories): .git
2025-05-10 15:47:47.191 [info] [Model][doInitialScan] Initial repository scan completed - repositories (0), closed repositories (0), parent repositories (0), unsafe repositories (0)
2025-05-10 15:47:48.870 [info] > git rev-parse --show-toplevel [1ms]
2025-05-10 15:47:48.870 [info] fatal: not a git repository (or any of the parent directories): .git
2025-05-10 15:47:54.074 [info] [main] Log level: Info
2025-05-10 15:47:54.074 [info] [main] Validating found git in: "git"
2025-05-10 15:47:54.074 [info] [main] Using git "2.47.2" from "git"
2025-05-10 15:47:54.074 [info] [Model][doInitialScan] Initial repository scan started
2025-05-10 15:47:54.074 [info] > git rev-parse --show-toplevel [29ms]
2025-05-10 15:47:54.074 [info] fatal: not a git repository (or any of the parent directories): .git
2025-05-10 15:47:54.083 [info] > git rev-parse --show-toplevel [2ms]
2025-05-10 15:47:54.083 [info] fatal: not a git repository (or any of the parent directories): .git
2025-05-10 15:47:54.088 [info] > git rev-parse --show-toplevel [1ms]
2025-05-10 15:47:54.088 [info] fatal: not a git repository (or any of the parent directories): .git
2025-05-10 15:47:54.093 [info] > git rev-parse --show-toplevel [1ms]
2025-05-10 15:47:54.093 [info] fatal: not a git repository (or any of the parent directories): .git
2025-05-10 15:47:54.098 [info] > git rev-parse --show-toplevel [1ms]
2025-05-10 15:47:54.098 [info] fatal: not a git repository (or any of the parent directories): .git
2025-05-10 15:47:54.103 [info] > git rev-parse --show-toplevel [1ms]
2025-05-10 15:47:54.103 [info] fatal: not a git repository (or any of the parent directories): .git
2025-05-10 15:47:54.109 [info] > git rev-parse --show-toplevel [1ms]
2025-05-10 15:47:54.109 [info] fatal: not a git repository (or any of the parent directories): .git
2025-05-10 15:47:54.113 [info] > git rev-parse --show-toplevel [0ms]
2025-05-10 15:47:54.113 [info] fatal: not a git repository (or any of the parent directories): .git
2025-05-10 15:47:54.118 [info] > git rev-parse --show-toplevel [1ms]
2025-05-10 15:47:54.118 [info] fatal: not a git repository (or any of the parent directories): .git
2025-05-10 15:47:54.124 [info] > git rev-parse --show-toplevel [1ms]
2025-05-10 15:47:54.124 [info] fatal: not a git repository (or any of the parent directories): .git
2025-05-10 15:47:54.130 [info] > git rev-parse --show-toplevel [1ms]
2025-05-10 15:47:54.130 [info] fatal: not a git repository (or any of the parent directories): .git
2025-05-10 15:47:54.136 [info] > git rev-parse --show-toplevel [1ms]
2025-05-10 15:47:54.136 [info] fatal: not a git repository (or any of the parent directories): .git
2025-05-10 15:47:54.141 [info] > git rev-parse --show-toplevel [1ms]
2025-05-10 15:47:54.141 [info] fatal: not a git repository (or any of the parent directories): .git
2025-05-10 15:47:54.146 [info] > git rev-parse --show-toplevel [0ms]
2025-05-10 15:47:54.146 [info] fatal: not a git repository (or any of the parent directories): .git
2025-05-10 15:47:54.151 [info] > git rev-parse --show-toplevel [0ms]
2025-05-10 15:47:54.151 [info] fatal: not a git repository (or any of the parent directories): .git
2025-05-10 15:47:54.156 [info] > git rev-parse --show-toplevel [0ms]
2025-05-10 15:47:54.157 [info] fatal: not a git repository (or any of the parent directories): .git
2025-05-10 15:47:54.162 [info] > git rev-parse --show-toplevel [1ms]
2025-05-10 15:47:54.162 [info] fatal: not a git repository (or any of the parent directories): .git
2025-05-10 15:47:54.168 [info] > git rev-parse --show-toplevel [1ms]
2025-05-10 15:47:54.168 [info] fatal: not a git repository (or any of the parent directories): .git
2025-05-10 15:47:54.169 [info] [Model][doInitialScan] Initial repository scan completed - repositories (0), closed repositories (0), parent repositories (0), unsafe repositories (0)
2025-05-10 15:47:55.840 [info] > git rev-parse --show-toplevel [1ms]
2025-05-10 15:47:55.840 [info] fatal: not a git repository (or any of the parent directories): .git
2025-05-10 15:47:58.288 [info] > git rev-parse --show-toplevel [1ms]
2025-05-10 15:47:58.288 [info] fatal: not a git repository (or any of the parent directories): .git
2025-05-10 15:48:05.199 [info] > git rev-parse --show-toplevel [1ms]
2025-05-10 15:48:05.199 [info] fatal: not a git repository (or any of the parent directories): .git
