2025-05-16 01:55:19.354 [info] [main] Log level: Info
2025-05-16 01:55:19.354 [info] [main] Validating found git in: "git"
2025-05-16 01:55:19.354 [info] [main] Using git "2.49.0" from "git"
2025-05-16 01:55:19.354 [info] [Model][doInitialScan] Initial repository scan started
2025-05-16 01:55:19.354 [info] > git rev-parse --show-toplevel [97ms]
2025-05-16 01:55:19.354 [info] fatal: not a git repository (or any of the parent directories): .git
2025-05-16 01:55:19.354 [info] > git rev-parse --show-toplevel [8ms]
2025-05-16 01:55:19.354 [info] fatal: not a git repository (or any of the parent directories): .git
2025-05-16 01:55:19.364 [info] > git rev-parse --show-toplevel [16ms]
2025-05-16 01:55:19.364 [info] fatal: not a git repository (or any of the parent directories): .git
2025-05-16 01:55:19.364 [info] [Model][doInitialScan] Initial repository scan completed - repositories (0), closed repositories (0), parent repositories (0), unsafe repositories (0)
2025-05-16 01:55:19.371 [info] > git rev-parse --show-toplevel [1ms]
2025-05-16 01:55:19.371 [info] fatal: not a git repository (or any of the parent directories): .git
2025-05-16 01:55:19.377 [info] > git rev-parse --show-toplevel [1ms]
2025-05-16 01:55:19.377 [info] fatal: not a git repository (or any of the parent directories): .git
2025-05-16 01:55:20.088 [info] > git rev-parse --show-toplevel [1ms]
2025-05-16 01:55:20.088 [info] fatal: not a git repository (or any of the parent directories): .git
2025-05-16 01:55:20.658 [info] > git rev-parse --show-toplevel [2ms]
2025-05-16 01:55:20.658 [info] fatal: not a git repository (or any of the parent directories): .git
2025-05-16 02:05:14.292 [info] > git rev-parse --show-toplevel [1ms]
2025-05-16 02:05:14.292 [info] fatal: not a git repository (or any of the parent directories): .git
