[VSC-R] ch11.rmd process started
==> rmarkdown::render('/home/jordi/onedrive/master/m41_dms/ch11/ch11.rmd')


processing file: ch11.rmd

1/9 [unnamed-chunk-1]

Error:
! Failed to fetch row : ERROR:  extension "postgis" is not available
DETAIL:  Could not open extension control file "/nix/store/w1v9vwd2bim8xsqpca1n8pmjl9hkca3w-postgresql-and-plugins-16.9/share/postgresql/extension/postgis.control": No such file or directory.
HINT:  The extension must first be installed on the system where PostgreSQL is running.
Backtrace:
     ▆
  1. ├─DBI::dbExecute(db, "CREATE EXTENSION postgis")
  2. └─DBI::dbExecute(db, "CREATE EXTENSION postgis")
  3.   ├─DBI::dbSendStatement(conn, statement, ...)
  4.   └─DBI::dbSendStatement(conn, statement, ...)
  5.     ├─DBI::dbSendQuery(conn, statement, ...)
  6.     └─RPostgres::dbSendQuery(conn, statement, ...)
  7.       └─RPostgres (local) .local(conn, statement, ...)
  8.         ├─methods::new(...)
  9.         │ ├─methods::initialize(value, ...)
 10.         │ └─methods::initialize(value, ...)
 11.         └─RPostgres:::result_create(conn@ptr, statement, immediate)


Quitting from lines 2-24 [unnamed-chunk-1] (ch11.rmd)

Execution halted

[VSC-R] ch11.rmd process exited with exit code 1
[VSC-R] terminating R process
[VSC-R] terminating R process
