2025-05-18 16:12:37.024 [info] [main] Log level: Info
2025-05-18 16:12:37.024 [info] [main] Validating found git in: "git"
2025-05-18 16:12:37.024 [info] [main] Using git "2.49.0" from "git"
2025-05-18 16:12:37.024 [info] [Model][doInitialScan] Initial repository scan started
2025-05-18 16:12:37.024 [info] > git rev-parse --show-toplevel [43ms]
2025-05-18 16:12:37.024 [info] fatal: not a git repository (or any of the parent directories): .git
2025-05-18 16:12:37.024 [info] > git rev-parse --show-toplevel [3ms]
2025-05-18 16:12:37.024 [info] fatal: not a git repository (or any of the parent directories): .git
2025-05-18 16:12:37.155 [info] > git rev-parse --show-toplevel [126ms]
2025-05-18 16:12:37.155 [info] fatal: not a git repository (or any of the parent directories): .git
2025-05-18 16:12:37.155 [info] [Model][doInitialScan] Initial repository scan completed - repositories (0), closed repositories (0), parent repositories (0), unsafe repositories (0)
2025-05-18 16:12:37.177 [info] > git rev-parse --show-toplevel [4ms]
2025-05-18 16:12:37.177 [info] fatal: not a git repository (or any of the parent directories): .git
2025-05-18 16:12:37.822 [info] > git rev-parse --show-toplevel [1ms]
2025-05-18 16:12:37.822 [info] fatal: not a git repository (or any of the parent directories): .git
2025-05-18 16:12:38.420 [info] > git rev-parse --show-toplevel [1ms]
2025-05-18 16:12:38.420 [info] fatal: not a git repository (or any of the parent directories): .git
2025-05-18 16:13:31.256 [info] > git rev-parse --show-toplevel [2ms]
2025-05-18 16:13:35.422 [info] > git rev-parse --show-toplevel [1ms]
2025-05-18 16:13:35.422 [info] fatal: not a git repository (or any of the parent directories): .git
2025-05-18 16:14:21.459 [info] > git rev-parse --show-toplevel [1ms]
2025-05-18 16:14:21.466 [info] > git rev-parse --show-toplevel [2ms]
2025-05-18 16:14:27.938 [info] > git rev-parse --show-toplevel [1ms]
