2025-07-06 16:31:52.579 [info] [main] Log level: Info
2025-07-06 16:31:52.579 [info] [main] Validating found git in: "git"
2025-07-06 16:31:52.579 [info] [main] Using git "2.49.0" from "git"
2025-07-06 16:31:52.579 [info] [Model][doInitialScan] Initial repository scan started
2025-07-06 16:31:52.579 [info] > git rev-parse --show-toplevel [2ms]
2025-07-06 16:31:52.579 [info] fatal: not a git repository (or any of the parent directories): .git
2025-07-06 16:31:52.579 [info] > git rev-parse --show-toplevel [2ms]
2025-07-06 16:31:52.579 [info] fatal: not a git repository (or any of the parent directories): .git
2025-07-06 16:31:52.589 [info] > git rev-parse --show-toplevel [2ms]
2025-07-06 16:31:52.589 [info] fatal: not a git repository (or any of the parent directories): .git
2025-07-06 16:31:52.619 [info] > git rev-parse --show-toplevel [22ms]
2025-07-06 16:31:52.619 [info] fatal: not a git repository (or any of the parent directories): .git
2025-07-06 16:31:52.631 [info] > git rev-parse --show-toplevel [3ms]
2025-07-06 16:31:52.631 [info] fatal: not a git repository (or any of the parent directories): .git
2025-07-06 16:31:52.641 [info] > git rev-parse --show-toplevel [1ms]
2025-07-06 16:31:52.641 [info] fatal: not a git repository (or any of the parent directories): .git
2025-07-06 16:31:52.650 [info] > git rev-parse --show-toplevel [2ms]
2025-07-06 16:31:52.650 [info] fatal: not a git repository (or any of the parent directories): .git
2025-07-06 16:31:52.658 [info] > git rev-parse --show-toplevel [1ms]
2025-07-06 16:31:52.659 [info] fatal: not a git repository (or any of the parent directories): .git
2025-07-06 16:31:52.668 [info] > git rev-parse --show-toplevel [3ms]
2025-07-06 16:31:52.668 [info] fatal: not a git repository (or any of the parent directories): .git
2025-07-06 16:31:52.676 [info] > git rev-parse --show-toplevel [2ms]
2025-07-06 16:31:52.676 [info] fatal: not a git repository (or any of the parent directories): .git
2025-07-06 16:31:52.685 [info] > git rev-parse --show-toplevel [2ms]
2025-07-06 16:31:52.685 [info] fatal: not a git repository (or any of the parent directories): .git
2025-07-06 16:31:52.693 [info] > git rev-parse --show-toplevel [1ms]
2025-07-06 16:31:52.693 [info] fatal: not a git repository (or any of the parent directories): .git
2025-07-06 16:31:52.700 [info] > git rev-parse --show-toplevel [1ms]
2025-07-06 16:31:52.700 [info] fatal: not a git repository (or any of the parent directories): .git
2025-07-06 16:31:52.709 [info] > git rev-parse --show-toplevel [2ms]
2025-07-06 16:31:52.709 [info] fatal: not a git repository (or any of the parent directories): .git
2025-07-06 16:31:52.716 [info] > git rev-parse --show-toplevel [1ms]
2025-07-06 16:31:52.716 [info] fatal: not a git repository (or any of the parent directories): .git
2025-07-06 16:31:52.723 [info] > git rev-parse --show-toplevel [1ms]
2025-07-06 16:31:52.723 [info] fatal: not a git repository (or any of the parent directories): .git
2025-07-06 16:31:52.733 [info] > git rev-parse --show-toplevel [2ms]
2025-07-06 16:31:52.733 [info] fatal: not a git repository (or any of the parent directories): .git
2025-07-06 16:31:52.741 [info] > git rev-parse --show-toplevel [2ms]
2025-07-06 16:31:52.741 [info] fatal: not a git repository (or any of the parent directories): .git
2025-07-06 16:31:52.741 [info] [Model][doInitialScan] Initial repository scan completed - repositories (0), closed repositories (0), parent repositories (0), unsafe repositories (0)
2025-07-06 16:31:52.874 [info] > git rev-parse --show-toplevel [1ms]
2025-07-06 16:31:52.875 [info] fatal: not a git repository (or any of the parent directories): .git
2025-07-06 16:31:54.114 [info] > git rev-parse --show-toplevel [2ms]
2025-07-06 16:31:54.114 [info] fatal: not a git repository (or any of the parent directories): .git
