  2025-04-23T00:21:49.712707Z  WARN yazi_adapter::emulator: [Adapter] No special environment variables detected
    at yazi-adapter/src/emulator.rs:73

  2025-04-23T00:21:49.712719Z  WARN yazi_adapter::emulator: [Adapter] Unknown TERM_PROGRAM: 
    at yazi-adapter/src/emulator.rs:87

  2025-04-23T10:45:55.577840Z  WARN yazi_adapter::emulator: [Adapter] No special environment variables detected
    at yazi-adapter/src/emulator.rs:73

  2025-04-23T10:45:55.578293Z  WARN yazi_adapter::emulator: [Adapter] Unknown TERM_PROGRAM: 
    at yazi-adapter/src/emulator.rs:87

  2025-04-23T10:45:55.578294Z  WARN yazi_adapter::emulator: [Adapter] Unknown TERM: linux
    at yazi-adapter/src/emulator.rs:95

  2025-04-23T10:45:55.578402Z  WARN yazi_adapter::adapter: [Adapter] Could not identify XDG_SESSION_TYPE
    at yazi-adapter/src/adapter.rs:108

  2025-04-23T10:45:55.578403Z  WARN yazi_adapter::adapter: [Adapter] Falling back to chafa
    at yazi-adapter/src/adapter.rs:120

  2025-04-23T10:45:55.582026Z  WARN yazi_adapter::ueberzug: ueberzugpp spawning failed: No such file or directory (os error 2)
    at yazi-adapter/src/ueberzug.rs:96

  2025-04-23T11:03:15.537385Z  WARN yazi_adapter::emulator: [Adapter] No special environment variables detected
    at yazi-adapter/src/emulator.rs:73

  2025-04-23T11:03:15.537400Z  WARN yazi_adapter::emulator: [Adapter] Unknown TERM_PROGRAM: 
    at yazi-adapter/src/emulator.rs:87

  2025-04-23T11:03:15.537402Z  WARN yazi_adapter::emulator: [Adapter] Unknown TERM: linux
    at yazi-adapter/src/emulator.rs:95

  2025-04-23T11:03:15.537591Z  WARN yazi_adapter::adapter: [Adapter] Could not identify XDG_SESSION_TYPE
    at yazi-adapter/src/adapter.rs:108

  2025-04-23T11:03:15.537595Z  WARN yazi_adapter::adapter: [Adapter] Falling back to chafa
    at yazi-adapter/src/adapter.rs:120

  2025-04-23T11:03:15.538275Z  WARN yazi_adapter::ueberzug: ueberzugpp spawning failed: No such file or directory (os error 2)
    at yazi-adapter/src/ueberzug.rs:96

  2025-04-23T11:23:23.435242Z  WARN yazi_adapter::emulator: [Adapter] No special environment variables detected
    at yazi-adapter/src/emulator.rs:73

  2025-04-23T11:23:23.435257Z  WARN yazi_adapter::emulator: [Adapter] Unknown TERM_PROGRAM: 
    at yazi-adapter/src/emulator.rs:87

  2025-04-23T11:23:23.435259Z  WARN yazi_adapter::emulator: [Adapter] Unknown TERM: linux
    at yazi-adapter/src/emulator.rs:95

  2025-04-23T11:23:23.435466Z  WARN yazi_adapter::adapter: [Adapter] Could not identify XDG_SESSION_TYPE
    at yazi-adapter/src/adapter.rs:108

  2025-04-23T11:23:23.435470Z  WARN yazi_adapter::adapter: [Adapter] Falling back to chafa
    at yazi-adapter/src/adapter.rs:120

  2025-04-23T11:23:23.436146Z  WARN yazi_adapter::ueberzug: ueberzugpp spawning failed: No such file or directory (os error 2)
    at yazi-adapter/src/ueberzug.rs:96

  2025-04-23T11:23:49.157966Z  WARN yazi_adapter::emulator: [Adapter] No special environment variables detected
    at yazi-adapter/src/emulator.rs:73

  2025-04-23T11:23:49.157985Z  WARN yazi_adapter::emulator: [Adapter] Unknown TERM_PROGRAM: 
    at yazi-adapter/src/emulator.rs:87

  2025-04-23T11:23:49.157991Z  WARN yazi_adapter::emulator: [Adapter] Unknown TERM: linux
    at yazi-adapter/src/emulator.rs:95

  2025-04-23T11:23:49.158171Z  WARN yazi_adapter::adapter: [Adapter] Could not identify XDG_SESSION_TYPE
    at yazi-adapter/src/adapter.rs:108

  2025-04-23T11:23:49.158176Z  WARN yazi_adapter::adapter: [Adapter] Falling back to chafa
    at yazi-adapter/src/adapter.rs:120

  2025-04-23T11:23:49.159177Z  WARN yazi_adapter::ueberzug: ueberzugpp spawning failed: No such file or directory (os error 2)
    at yazi-adapter/src/ueberzug.rs:96

  2025-04-23T11:33:54.097419Z  WARN yazi_adapter::emulator: [Adapter] No special environment variables detected
    at yazi-adapter/src/emulator.rs:73

  2025-04-23T11:33:54.097428Z  WARN yazi_adapter::emulator: [Adapter] Unknown TERM_PROGRAM: 
    at yazi-adapter/src/emulator.rs:87

  2025-04-23T11:33:54.097429Z  WARN yazi_adapter::emulator: [Adapter] Unknown TERM: linux
    at yazi-adapter/src/emulator.rs:95

  2025-04-23T11:33:54.097562Z  WARN yazi_adapter::adapter: [Adapter] Could not identify XDG_SESSION_TYPE
    at yazi-adapter/src/adapter.rs:108

  2025-04-23T11:33:54.097564Z  WARN yazi_adapter::adapter: [Adapter] Falling back to chafa
    at yazi-adapter/src/adapter.rs:120

  2025-04-23T11:33:54.098283Z  WARN yazi_adapter::ueberzug: ueberzugpp spawning failed: No such file or directory (os error 2)
    at yazi-adapter/src/ueberzug.rs:96

  2025-04-24T13:47:42.379559Z  WARN yazi_adapter::emulator: [Adapter] No special environment variables detected
    at yazi-adapter/src/emulator.rs:73

  2025-04-24T13:47:42.379960Z  WARN yazi_adapter::emulator: [Adapter] Unknown TERM_PROGRAM: 
    at yazi-adapter/src/emulator.rs:87

  2025-04-24T13:57:07.627422Z  WARN yazi_adapter::emulator: [Adapter] No special environment variables detected
    at yazi-adapter/src/emulator.rs:73

  2025-04-24T13:57:07.627432Z  WARN yazi_adapter::emulator: [Adapter] Unknown TERM_PROGRAM: 
    at yazi-adapter/src/emulator.rs:87

  2025-04-24T13:57:07.627434Z  WARN yazi_adapter::emulator: [Adapter] Unknown TERM: linux
    at yazi-adapter/src/emulator.rs:95

  2025-04-24T13:57:07.627638Z  WARN yazi_adapter::adapter: [Adapter] Could not identify XDG_SESSION_TYPE
    at yazi-adapter/src/adapter.rs:108

  2025-04-24T13:57:07.627642Z  WARN yazi_adapter::adapter: [Adapter] Falling back to chafa
    at yazi-adapter/src/adapter.rs:120

  2025-04-24T13:57:07.627855Z  WARN yazi_adapter::ueberzug: ueberzugpp spawning failed: No such file or directory (os error 2)
    at yazi-adapter/src/ueberzug.rs:96

  2025-04-24T14:01:27.680378Z  WARN yazi_adapter::emulator: [Adapter] No special environment variables detected
    at yazi-adapter/src/emulator.rs:73

  2025-04-24T14:01:27.685776Z  WARN yazi_adapter::emulator: [Adapter] Unknown TERM_PROGRAM: tmux
    at yazi-adapter/src/emulator.rs:87

  2025-04-24T14:01:27.685780Z  WARN yazi_adapter::emulator: [Adapter] Unknown TERM: screen
    at yazi-adapter/src/emulator.rs:95

  2025-04-24T14:03:00.265206Z  WARN yazi_adapter::emulator: [Adapter] No special environment variables detected
    at yazi-adapter/src/emulator.rs:73

  2025-04-24T14:03:00.265215Z  WARN yazi_adapter::emulator: [Adapter] Unknown TERM_PROGRAM: 
    at yazi-adapter/src/emulator.rs:87

  2025-04-24T14:03:00.265218Z  WARN yazi_adapter::emulator: [Adapter] Unknown TERM: xterm-256color
    at yazi-adapter/src/emulator.rs:95

  2025-04-24T14:06:01.319253Z  WARN yazi_adapter::emulator: [Adapter] No special environment variables detected
    at yazi-adapter/src/emulator.rs:73

  2025-04-24T14:06:01.319263Z  WARN yazi_adapter::emulator: [Adapter] Unknown TERM_PROGRAM: 
    at yazi-adapter/src/emulator.rs:87

  2025-04-24T14:06:01.319265Z  WARN yazi_adapter::emulator: [Adapter] Unknown TERM: xterm-256color
    at yazi-adapter/src/emulator.rs:95

  2025-04-24T14:13:53.310808Z  WARN yazi_adapter::emulator: [Adapter] No special environment variables detected
    at yazi-adapter/src/emulator.rs:73

  2025-04-24T14:13:53.316030Z  WARN yazi_adapter::emulator: [Adapter] Unknown TERM_PROGRAM: tmux
    at yazi-adapter/src/emulator.rs:87

  2025-04-24T14:13:53.316038Z  WARN yazi_adapter::emulator: [Adapter] Unknown TERM: screen
    at yazi-adapter/src/emulator.rs:95

  2025-04-24T14:14:47.386688Z  WARN yazi_adapter::emulator: [Adapter] No special environment variables detected
    at yazi-adapter/src/emulator.rs:73

  2025-04-24T14:14:47.391938Z  WARN yazi_adapter::emulator: [Adapter] Unknown TERM_PROGRAM: tmux
    at yazi-adapter/src/emulator.rs:87

  2025-04-24T14:14:47.391942Z  WARN yazi_adapter::emulator: [Adapter] Unknown TERM: screen
    at yazi-adapter/src/emulator.rs:95

  2025-04-24T14:19:23.036468Z  WARN yazi_adapter::emulator: [Adapter] No special environment variables detected
    at yazi-adapter/src/emulator.rs:73

  2025-04-24T14:19:23.041790Z  WARN yazi_adapter::emulator: [Adapter] Unknown TERM_PROGRAM: tmux
    at yazi-adapter/src/emulator.rs:87

  2025-04-24T14:19:23.041794Z  WARN yazi_adapter::emulator: [Adapter] Unknown TERM: screen
    at yazi-adapter/src/emulator.rs:95

  2025-04-24T14:20:27.150366Z  WARN yazi_adapter::emulator: [Adapter] No special environment variables detected
    at yazi-adapter/src/emulator.rs:73

  2025-04-24T14:20:27.155885Z  WARN yazi_adapter::emulator: [Adapter] Unknown TERM_PROGRAM: tmux
    at yazi-adapter/src/emulator.rs:87

  2025-04-24T14:20:27.155889Z  WARN yazi_adapter::emulator: [Adapter] Unknown TERM: screen
    at yazi-adapter/src/emulator.rs:95

  2025-04-24T14:30:48.734898Z  WARN yazi_adapter::emulator: [Adapter] No special environment variables detected
    at yazi-adapter/src/emulator.rs:73

  2025-04-24T14:30:48.740212Z  WARN yazi_adapter::emulator: [Adapter] Unknown TERM_PROGRAM: tmux
    at yazi-adapter/src/emulator.rs:87

  2025-04-24T14:30:48.740221Z  WARN yazi_adapter::emulator: [Adapter] Unknown TERM: screen
    at yazi-adapter/src/emulator.rs:95

  2025-04-24T14:44:28.140065Z  WARN yazi_adapter::emulator: [Adapter] No special environment variables detected
    at yazi-adapter/src/emulator.rs:73

  2025-04-24T14:44:28.140468Z  WARN yazi_adapter::emulator: [Adapter] Unknown TERM_PROGRAM: 
    at yazi-adapter/src/emulator.rs:87

  2025-04-24T14:44:28.140470Z  WARN yazi_adapter::emulator: [Adapter] Unknown TERM: xterm-256color
    at yazi-adapter/src/emulator.rs:95

  2025-04-24T14:50:42.822662Z  WARN yazi_adapter::emulator: [Adapter] No special environment variables detected
    at yazi-adapter/src/emulator.rs:73

  2025-04-24T14:50:42.822673Z  WARN yazi_adapter::emulator: [Adapter] Unknown TERM_PROGRAM: 
    at yazi-adapter/src/emulator.rs:87

  2025-04-24T14:50:42.822677Z  WARN yazi_adapter::emulator: [Adapter] Unknown TERM: xterm-256color
    at yazi-adapter/src/emulator.rs:95

  2025-04-24T14:56:52.026730Z  WARN yazi_adapter::emulator: [Adapter] No special environment variables detected
    at yazi-adapter/src/emulator.rs:73

  2025-04-24T14:56:52.026747Z  WARN yazi_adapter::emulator: [Adapter] Unknown TERM_PROGRAM: 
    at yazi-adapter/src/emulator.rs:87

  2025-04-24T14:56:52.026749Z  WARN yazi_adapter::emulator: [Adapter] Unknown TERM: xterm-256color
    at yazi-adapter/src/emulator.rs:95

  2025-04-24T15:07:42.950315Z  WARN yazi_adapter::emulator: [Adapter] No special environment variables detected
    at yazi-adapter/src/emulator.rs:73

  2025-04-24T15:07:42.950325Z  WARN yazi_adapter::emulator: [Adapter] Unknown TERM_PROGRAM: 
    at yazi-adapter/src/emulator.rs:87

  2025-04-24T15:07:42.950326Z  WARN yazi_adapter::emulator: [Adapter] Unknown TERM: xterm-256color
    at yazi-adapter/src/emulator.rs:95

  2025-04-24T15:09:45.684548Z  WARN yazi_adapter::emulator: [Adapter] No special environment variables detected
    at yazi-adapter/src/emulator.rs:73

  2025-04-24T15:09:45.684560Z  WARN yazi_adapter::emulator: [Adapter] Unknown TERM_PROGRAM: 
    at yazi-adapter/src/emulator.rs:87

  2025-04-24T15:09:45.684562Z  WARN yazi_adapter::emulator: [Adapter] Unknown TERM: xterm-256color
    at yazi-adapter/src/emulator.rs:95

  2025-04-24T15:11:27.552221Z  WARN yazi_adapter::emulator: [Adapter] No special environment variables detected
    at yazi-adapter/src/emulator.rs:73

  2025-04-24T15:11:27.552231Z  WARN yazi_adapter::emulator: [Adapter] Unknown TERM_PROGRAM: 
    at yazi-adapter/src/emulator.rs:87

  2025-04-24T15:11:27.552232Z  WARN yazi_adapter::emulator: [Adapter] Unknown TERM: xterm-256color
    at yazi-adapter/src/emulator.rs:95

  2025-04-24T15:21:05.493812Z  WARN yazi_adapter::emulator: [Adapter] No special environment variables detected
    at yazi-adapter/src/emulator.rs:73

  2025-04-24T15:21:05.493822Z  WARN yazi_adapter::emulator: [Adapter] Unknown TERM_PROGRAM: 
    at yazi-adapter/src/emulator.rs:87

  2025-04-24T15:21:05.493823Z  WARN yazi_adapter::emulator: [Adapter] Unknown TERM: xterm-256color
    at yazi-adapter/src/emulator.rs:95

  2025-04-24T15:22:16.182749Z  WARN yazi_adapter::emulator: [Adapter] No special environment variables detected
    at yazi-adapter/src/emulator.rs:73

  2025-04-24T15:22:16.182763Z  WARN yazi_adapter::emulator: [Adapter] Unknown TERM_PROGRAM: 
    at yazi-adapter/src/emulator.rs:87

  2025-04-24T15:22:16.182764Z  WARN yazi_adapter::emulator: [Adapter] Unknown TERM: xterm-256color
    at yazi-adapter/src/emulator.rs:95

  2025-04-24T15:23:31.473796Z  WARN yazi_adapter::emulator: [Adapter] No special environment variables detected
    at yazi-adapter/src/emulator.rs:73

  2025-04-24T15:23:31.473806Z  WARN yazi_adapter::emulator: [Adapter] Unknown TERM_PROGRAM: 
    at yazi-adapter/src/emulator.rs:87

  2025-04-24T15:23:31.473807Z  WARN yazi_adapter::emulator: [Adapter] Unknown TERM: xterm-256color
    at yazi-adapter/src/emulator.rs:95

  2025-04-24T15:25:22.729022Z  WARN yazi_adapter::emulator: [Adapter] No special environment variables detected
    at yazi-adapter/src/emulator.rs:73

  2025-04-24T15:25:22.729034Z  WARN yazi_adapter::emulator: [Adapter] Unknown TERM_PROGRAM: 
    at yazi-adapter/src/emulator.rs:87

  2025-04-24T15:25:22.729036Z  WARN yazi_adapter::emulator: [Adapter] Unknown TERM: xterm-256color
    at yazi-adapter/src/emulator.rs:95

  2025-04-24T15:26:35.457942Z  WARN yazi_adapter::emulator: [Adapter] No special environment variables detected
    at yazi-adapter/src/emulator.rs:73

  2025-04-24T15:26:35.457952Z  WARN yazi_adapter::emulator: [Adapter] Unknown TERM_PROGRAM: 
    at yazi-adapter/src/emulator.rs:87

  2025-04-24T15:26:35.457953Z  WARN yazi_adapter::emulator: [Adapter] Unknown TERM: xterm-256color
    at yazi-adapter/src/emulator.rs:95

  2025-04-24T15:29:52.657446Z  WARN yazi_adapter::emulator: [Adapter] No special environment variables detected
    at yazi-adapter/src/emulator.rs:73

  2025-04-24T15:29:52.657459Z  WARN yazi_adapter::emulator: [Adapter] Unknown TERM_PROGRAM: 
    at yazi-adapter/src/emulator.rs:87

  2025-04-24T15:29:52.657460Z  WARN yazi_adapter::emulator: [Adapter] Unknown TERM: xterm-256color
    at yazi-adapter/src/emulator.rs:95

  2025-04-24T15:32:05.931339Z  WARN yazi_adapter::emulator: [Adapter] No special environment variables detected
    at yazi-adapter/src/emulator.rs:73

  2025-04-24T15:32:05.931742Z  WARN yazi_adapter::emulator: [Adapter] Unknown TERM_PROGRAM: 
    at yazi-adapter/src/emulator.rs:87

  2025-04-24T15:32:05.931744Z  WARN yazi_adapter::emulator: [Adapter] Unknown TERM: xterm-256color
    at yazi-adapter/src/emulator.rs:95

  2025-04-24T15:35:58.056477Z  WARN yazi_adapter::emulator: [Adapter] No special environment variables detected
    at yazi-adapter/src/emulator.rs:73

  2025-04-24T15:35:58.056487Z  WARN yazi_adapter::emulator: [Adapter] Unknown TERM_PROGRAM: 
    at yazi-adapter/src/emulator.rs:87

  2025-04-24T15:35:58.056489Z  WARN yazi_adapter::emulator: [Adapter] Unknown TERM: xterm-256color
    at yazi-adapter/src/emulator.rs:95

  2025-04-24T15:36:23.897417Z  WARN yazi_adapter::emulator: [Adapter] No special environment variables detected
    at yazi-adapter/src/emulator.rs:73

  2025-04-24T15:36:23.897426Z  WARN yazi_adapter::emulator: [Adapter] Unknown TERM_PROGRAM: 
    at yazi-adapter/src/emulator.rs:87

  2025-04-24T15:36:23.897428Z  WARN yazi_adapter::emulator: [Adapter] Unknown TERM: xterm-256color
    at yazi-adapter/src/emulator.rs:95

  2025-04-24T15:36:52.978337Z  WARN yazi_adapter::emulator: [Adapter] No special environment variables detected
    at yazi-adapter/src/emulator.rs:73

  2025-04-24T15:36:52.978346Z  WARN yazi_adapter::emulator: [Adapter] Unknown TERM_PROGRAM: 
    at yazi-adapter/src/emulator.rs:87

  2025-04-24T15:36:52.978350Z  WARN yazi_adapter::emulator: [Adapter] Unknown TERM: xterm-256color
    at yazi-adapter/src/emulator.rs:95

  2025-04-24T15:39:53.978844Z  WARN yazi_adapter::emulator: [Adapter] No special environment variables detected
    at yazi-adapter/src/emulator.rs:73

  2025-04-24T15:39:53.978853Z  WARN yazi_adapter::emulator: [Adapter] Unknown TERM_PROGRAM: 
    at yazi-adapter/src/emulator.rs:87

  2025-04-24T15:39:53.978855Z  WARN yazi_adapter::emulator: [Adapter] Unknown TERM: xterm-256color
    at yazi-adapter/src/emulator.rs:95

  2025-04-24T15:40:44.615008Z  WARN yazi_adapter::emulator: [Adapter] No special environment variables detected
    at yazi-adapter/src/emulator.rs:73

  2025-04-24T15:40:44.615021Z  WARN yazi_adapter::emulator: [Adapter] Unknown TERM_PROGRAM: 
    at yazi-adapter/src/emulator.rs:87

  2025-04-24T15:40:44.615026Z  WARN yazi_adapter::emulator: [Adapter] Unknown TERM: xterm-256color
    at yazi-adapter/src/emulator.rs:95

  2025-04-24T15:40:56.669320Z  WARN yazi_adapter::emulator: [Adapter] No special environment variables detected
    at yazi-adapter/src/emulator.rs:73

  2025-04-24T15:40:56.669330Z  WARN yazi_adapter::emulator: [Adapter] Unknown TERM_PROGRAM: 
    at yazi-adapter/src/emulator.rs:87

  2025-04-24T15:40:56.669334Z  WARN yazi_adapter::emulator: [Adapter] Unknown TERM: xterm-256color
    at yazi-adapter/src/emulator.rs:95

  2025-04-24T15:42:02.270089Z  WARN yazi_adapter::emulator: [Adapter] No special environment variables detected
    at yazi-adapter/src/emulator.rs:73

  2025-04-24T15:42:02.270102Z  WARN yazi_adapter::emulator: [Adapter] Unknown TERM_PROGRAM: 
    at yazi-adapter/src/emulator.rs:87

  2025-04-24T15:42:02.270106Z  WARN yazi_adapter::emulator: [Adapter] Unknown TERM: xterm-256color
    at yazi-adapter/src/emulator.rs:95

