  2025-04-23T00:21:49.712707Z  WARN yazi_adapter::emulator: [Adapter] No special environment variables detected
    at yazi-adapter/src/emulator.rs:73

  2025-04-23T00:21:49.712719Z  WARN yazi_adapter::emulator: [Adapter] Unknown TERM_PROGRAM: 
    at yazi-adapter/src/emulator.rs:87

  2025-04-23T10:45:55.577840Z  WARN yazi_adapter::emulator: [Adapter] No special environment variables detected
    at yazi-adapter/src/emulator.rs:73

  2025-04-23T10:45:55.578293Z  WARN yazi_adapter::emulator: [Adapter] Unknown TERM_PROGRAM: 
    at yazi-adapter/src/emulator.rs:87

  2025-04-23T10:45:55.578294Z  WARN yazi_adapter::emulator: [Adapter] Unknown TERM: linux
    at yazi-adapter/src/emulator.rs:95

  2025-04-23T10:45:55.578402Z  WARN yazi_adapter::adapter: [Adapter] Could not identify XDG_SESSION_TYPE
    at yazi-adapter/src/adapter.rs:108

  2025-04-23T10:45:55.578403Z  WARN yazi_adapter::adapter: [Adapter] Falling back to chafa
    at yazi-adapter/src/adapter.rs:120

  2025-04-23T10:45:55.582026Z  WARN yazi_adapter::ueberzug: ueberzugpp spawning failed: No such file or directory (os error 2)
    at yazi-adapter/src/ueberzug.rs:96

  2025-04-23T11:03:15.537385Z  WARN yazi_adapter::emulator: [Adapter] No special environment variables detected
    at yazi-adapter/src/emulator.rs:73

  2025-04-23T11:03:15.537400Z  WARN yazi_adapter::emulator: [Adapter] Unknown TERM_PROGRAM: 
    at yazi-adapter/src/emulator.rs:87

  2025-04-23T11:03:15.537402Z  WARN yazi_adapter::emulator: [Adapter] Unknown TERM: linux
    at yazi-adapter/src/emulator.rs:95

  2025-04-23T11:03:15.537591Z  WARN yazi_adapter::adapter: [Adapter] Could not identify XDG_SESSION_TYPE
    at yazi-adapter/src/adapter.rs:108

  2025-04-23T11:03:15.537595Z  WARN yazi_adapter::adapter: [Adapter] Falling back to chafa
    at yazi-adapter/src/adapter.rs:120

  2025-04-23T11:03:15.538275Z  WARN yazi_adapter::ueberzug: ueberzugpp spawning failed: No such file or directory (os error 2)
    at yazi-adapter/src/ueberzug.rs:96

  2025-04-23T11:23:23.435242Z  WARN yazi_adapter::emulator: [Adapter] No special environment variables detected
    at yazi-adapter/src/emulator.rs:73

  2025-04-23T11:23:23.435257Z  WARN yazi_adapter::emulator: [Adapter] Unknown TERM_PROGRAM: 
    at yazi-adapter/src/emulator.rs:87

  2025-04-23T11:23:23.435259Z  WARN yazi_adapter::emulator: [Adapter] Unknown TERM: linux
    at yazi-adapter/src/emulator.rs:95

  2025-04-23T11:23:23.435466Z  WARN yazi_adapter::adapter: [Adapter] Could not identify XDG_SESSION_TYPE
    at yazi-adapter/src/adapter.rs:108

  2025-04-23T11:23:23.435470Z  WARN yazi_adapter::adapter: [Adapter] Falling back to chafa
    at yazi-adapter/src/adapter.rs:120

  2025-04-23T11:23:23.436146Z  WARN yazi_adapter::ueberzug: ueberzugpp spawning failed: No such file or directory (os error 2)
    at yazi-adapter/src/ueberzug.rs:96

  2025-04-23T11:23:49.157966Z  WARN yazi_adapter::emulator: [Adapter] No special environment variables detected
    at yazi-adapter/src/emulator.rs:73

  2025-04-23T11:23:49.157985Z  WARN yazi_adapter::emulator: [Adapter] Unknown TERM_PROGRAM: 
    at yazi-adapter/src/emulator.rs:87

  2025-04-23T11:23:49.157991Z  WARN yazi_adapter::emulator: [Adapter] Unknown TERM: linux
    at yazi-adapter/src/emulator.rs:95

  2025-04-23T11:23:49.158171Z  WARN yazi_adapter::adapter: [Adapter] Could not identify XDG_SESSION_TYPE
    at yazi-adapter/src/adapter.rs:108

  2025-04-23T11:23:49.158176Z  WARN yazi_adapter::adapter: [Adapter] Falling back to chafa
    at yazi-adapter/src/adapter.rs:120

  2025-04-23T11:23:49.159177Z  WARN yazi_adapter::ueberzug: ueberzugpp spawning failed: No such file or directory (os error 2)
    at yazi-adapter/src/ueberzug.rs:96

  2025-04-23T11:33:54.097419Z  WARN yazi_adapter::emulator: [Adapter] No special environment variables detected
    at yazi-adapter/src/emulator.rs:73

  2025-04-23T11:33:54.097428Z  WARN yazi_adapter::emulator: [Adapter] Unknown TERM_PROGRAM: 
    at yazi-adapter/src/emulator.rs:87

  2025-04-23T11:33:54.097429Z  WARN yazi_adapter::emulator: [Adapter] Unknown TERM: linux
    at yazi-adapter/src/emulator.rs:95

  2025-04-23T11:33:54.097562Z  WARN yazi_adapter::adapter: [Adapter] Could not identify XDG_SESSION_TYPE
    at yazi-adapter/src/adapter.rs:108

  2025-04-23T11:33:54.097564Z  WARN yazi_adapter::adapter: [Adapter] Falling back to chafa
    at yazi-adapter/src/adapter.rs:120

  2025-04-23T11:33:54.098283Z  WARN yazi_adapter::ueberzug: ueberzugpp spawning failed: No such file or directory (os error 2)
    at yazi-adapter/src/ueberzug.rs:96

  2025-04-24T13:47:42.379559Z  WARN yazi_adapter::emulator: [Adapter] No special environment variables detected
    at yazi-adapter/src/emulator.rs:73

  2025-04-24T13:47:42.379960Z  WARN yazi_adapter::emulator: [Adapter] Unknown TERM_PROGRAM: 
    at yazi-adapter/src/emulator.rs:87

  2025-04-24T13:57:07.627422Z  WARN yazi_adapter::emulator: [Adapter] No special environment variables detected
    at yazi-adapter/src/emulator.rs:73

  2025-04-24T13:57:07.627432Z  WARN yazi_adapter::emulator: [Adapter] Unknown TERM_PROGRAM: 
    at yazi-adapter/src/emulator.rs:87

  2025-04-24T13:57:07.627434Z  WARN yazi_adapter::emulator: [Adapter] Unknown TERM: linux
    at yazi-adapter/src/emulator.rs:95

  2025-04-24T13:57:07.627638Z  WARN yazi_adapter::adapter: [Adapter] Could not identify XDG_SESSION_TYPE
    at yazi-adapter/src/adapter.rs:108

  2025-04-24T13:57:07.627642Z  WARN yazi_adapter::adapter: [Adapter] Falling back to chafa
    at yazi-adapter/src/adapter.rs:120

  2025-04-24T13:57:07.627855Z  WARN yazi_adapter::ueberzug: ueberzugpp spawning failed: No such file or directory (os error 2)
    at yazi-adapter/src/ueberzug.rs:96

  2025-04-24T14:01:27.680378Z  WARN yazi_adapter::emulator: [Adapter] No special environment variables detected
    at yazi-adapter/src/emulator.rs:73

  2025-04-24T14:01:27.685776Z  WARN yazi_adapter::emulator: [Adapter] Unknown TERM_PROGRAM: tmux
    at yazi-adapter/src/emulator.rs:87

  2025-04-24T14:01:27.685780Z  WARN yazi_adapter::emulator: [Adapter] Unknown TERM: screen
    at yazi-adapter/src/emulator.rs:95

  2025-04-24T14:03:00.265206Z  WARN yazi_adapter::emulator: [Adapter] No special environment variables detected
    at yazi-adapter/src/emulator.rs:73

  2025-04-24T14:03:00.265215Z  WARN yazi_adapter::emulator: [Adapter] Unknown TERM_PROGRAM: 
    at yazi-adapter/src/emulator.rs:87

  2025-04-24T14:03:00.265218Z  WARN yazi_adapter::emulator: [Adapter] Unknown TERM: xterm-256color
    at yazi-adapter/src/emulator.rs:95

  2025-04-24T14:06:01.319253Z  WARN yazi_adapter::emulator: [Adapter] No special environment variables detected
    at yazi-adapter/src/emulator.rs:73

  2025-04-24T14:06:01.319263Z  WARN yazi_adapter::emulator: [Adapter] Unknown TERM_PROGRAM: 
    at yazi-adapter/src/emulator.rs:87

  2025-04-24T14:06:01.319265Z  WARN yazi_adapter::emulator: [Adapter] Unknown TERM: xterm-256color
    at yazi-adapter/src/emulator.rs:95

  2025-04-24T14:13:53.310808Z  WARN yazi_adapter::emulator: [Adapter] No special environment variables detected
    at yazi-adapter/src/emulator.rs:73

  2025-04-24T14:13:53.316030Z  WARN yazi_adapter::emulator: [Adapter] Unknown TERM_PROGRAM: tmux
    at yazi-adapter/src/emulator.rs:87

  2025-04-24T14:13:53.316038Z  WARN yazi_adapter::emulator: [Adapter] Unknown TERM: screen
    at yazi-adapter/src/emulator.rs:95

  2025-04-24T14:14:47.386688Z  WARN yazi_adapter::emulator: [Adapter] No special environment variables detected
    at yazi-adapter/src/emulator.rs:73

  2025-04-24T14:14:47.391938Z  WARN yazi_adapter::emulator: [Adapter] Unknown TERM_PROGRAM: tmux
    at yazi-adapter/src/emulator.rs:87

  2025-04-24T14:14:47.391942Z  WARN yazi_adapter::emulator: [Adapter] Unknown TERM: screen
    at yazi-adapter/src/emulator.rs:95

  2025-04-24T14:19:23.036468Z  WARN yazi_adapter::emulator: [Adapter] No special environment variables detected
    at yazi-adapter/src/emulator.rs:73

  2025-04-24T14:19:23.041790Z  WARN yazi_adapter::emulator: [Adapter] Unknown TERM_PROGRAM: tmux
    at yazi-adapter/src/emulator.rs:87

  2025-04-24T14:19:23.041794Z  WARN yazi_adapter::emulator: [Adapter] Unknown TERM: screen
    at yazi-adapter/src/emulator.rs:95

  2025-04-24T14:20:27.150366Z  WARN yazi_adapter::emulator: [Adapter] No special environment variables detected
    at yazi-adapter/src/emulator.rs:73

  2025-04-24T14:20:27.155885Z  WARN yazi_adapter::emulator: [Adapter] Unknown TERM_PROGRAM: tmux
    at yazi-adapter/src/emulator.rs:87

  2025-04-24T14:20:27.155889Z  WARN yazi_adapter::emulator: [Adapter] Unknown TERM: screen
    at yazi-adapter/src/emulator.rs:95

  2025-04-24T14:30:48.734898Z  WARN yazi_adapter::emulator: [Adapter] No special environment variables detected
    at yazi-adapter/src/emulator.rs:73

  2025-04-24T14:30:48.740212Z  WARN yazi_adapter::emulator: [Adapter] Unknown TERM_PROGRAM: tmux
    at yazi-adapter/src/emulator.rs:87

  2025-04-24T14:30:48.740221Z  WARN yazi_adapter::emulator: [Adapter] Unknown TERM: screen
    at yazi-adapter/src/emulator.rs:95

  2025-04-24T14:44:28.140065Z  WARN yazi_adapter::emulator: [Adapter] No special environment variables detected
    at yazi-adapter/src/emulator.rs:73

  2025-04-24T14:44:28.140468Z  WARN yazi_adapter::emulator: [Adapter] Unknown TERM_PROGRAM: 
    at yazi-adapter/src/emulator.rs:87

  2025-04-24T14:44:28.140470Z  WARN yazi_adapter::emulator: [Adapter] Unknown TERM: xterm-256color
    at yazi-adapter/src/emulator.rs:95

  2025-04-24T14:50:42.822662Z  WARN yazi_adapter::emulator: [Adapter] No special environment variables detected
    at yazi-adapter/src/emulator.rs:73

  2025-04-24T14:50:42.822673Z  WARN yazi_adapter::emulator: [Adapter] Unknown TERM_PROGRAM: 
    at yazi-adapter/src/emulator.rs:87

  2025-04-24T14:50:42.822677Z  WARN yazi_adapter::emulator: [Adapter] Unknown TERM: xterm-256color
    at yazi-adapter/src/emulator.rs:95

  2025-04-24T14:56:52.026730Z  WARN yazi_adapter::emulator: [Adapter] No special environment variables detected
    at yazi-adapter/src/emulator.rs:73

  2025-04-24T14:56:52.026747Z  WARN yazi_adapter::emulator: [Adapter] Unknown TERM_PROGRAM: 
    at yazi-adapter/src/emulator.rs:87

  2025-04-24T14:56:52.026749Z  WARN yazi_adapter::emulator: [Adapter] Unknown TERM: xterm-256color
    at yazi-adapter/src/emulator.rs:95

  2025-04-24T15:07:42.950315Z  WARN yazi_adapter::emulator: [Adapter] No special environment variables detected
    at yazi-adapter/src/emulator.rs:73

  2025-04-24T15:07:42.950325Z  WARN yazi_adapter::emulator: [Adapter] Unknown TERM_PROGRAM: 
    at yazi-adapter/src/emulator.rs:87

  2025-04-24T15:07:42.950326Z  WARN yazi_adapter::emulator: [Adapter] Unknown TERM: xterm-256color
    at yazi-adapter/src/emulator.rs:95

  2025-04-24T15:09:45.684548Z  WARN yazi_adapter::emulator: [Adapter] No special environment variables detected
    at yazi-adapter/src/emulator.rs:73

  2025-04-24T15:09:45.684560Z  WARN yazi_adapter::emulator: [Adapter] Unknown TERM_PROGRAM: 
    at yazi-adapter/src/emulator.rs:87

  2025-04-24T15:09:45.684562Z  WARN yazi_adapter::emulator: [Adapter] Unknown TERM: xterm-256color
    at yazi-adapter/src/emulator.rs:95

  2025-04-24T15:11:27.552221Z  WARN yazi_adapter::emulator: [Adapter] No special environment variables detected
    at yazi-adapter/src/emulator.rs:73

  2025-04-24T15:11:27.552231Z  WARN yazi_adapter::emulator: [Adapter] Unknown TERM_PROGRAM: 
    at yazi-adapter/src/emulator.rs:87

  2025-04-24T15:11:27.552232Z  WARN yazi_adapter::emulator: [Adapter] Unknown TERM: xterm-256color
    at yazi-adapter/src/emulator.rs:95

  2025-04-24T15:21:05.493812Z  WARN yazi_adapter::emulator: [Adapter] No special environment variables detected
    at yazi-adapter/src/emulator.rs:73

  2025-04-24T15:21:05.493822Z  WARN yazi_adapter::emulator: [Adapter] Unknown TERM_PROGRAM: 
    at yazi-adapter/src/emulator.rs:87

  2025-04-24T15:21:05.493823Z  WARN yazi_adapter::emulator: [Adapter] Unknown TERM: xterm-256color
    at yazi-adapter/src/emulator.rs:95

  2025-04-24T15:22:16.182749Z  WARN yazi_adapter::emulator: [Adapter] No special environment variables detected
    at yazi-adapter/src/emulator.rs:73

  2025-04-24T15:22:16.182763Z  WARN yazi_adapter::emulator: [Adapter] Unknown TERM_PROGRAM: 
    at yazi-adapter/src/emulator.rs:87

  2025-04-24T15:22:16.182764Z  WARN yazi_adapter::emulator: [Adapter] Unknown TERM: xterm-256color
    at yazi-adapter/src/emulator.rs:95

  2025-04-24T15:23:31.473796Z  WARN yazi_adapter::emulator: [Adapter] No special environment variables detected
    at yazi-adapter/src/emulator.rs:73

  2025-04-24T15:23:31.473806Z  WARN yazi_adapter::emulator: [Adapter] Unknown TERM_PROGRAM: 
    at yazi-adapter/src/emulator.rs:87

  2025-04-24T15:23:31.473807Z  WARN yazi_adapter::emulator: [Adapter] Unknown TERM: xterm-256color
    at yazi-adapter/src/emulator.rs:95

  2025-04-24T15:25:22.729022Z  WARN yazi_adapter::emulator: [Adapter] No special environment variables detected
    at yazi-adapter/src/emulator.rs:73

  2025-04-24T15:25:22.729034Z  WARN yazi_adapter::emulator: [Adapter] Unknown TERM_PROGRAM: 
    at yazi-adapter/src/emulator.rs:87

  2025-04-24T15:25:22.729036Z  WARN yazi_adapter::emulator: [Adapter] Unknown TERM: xterm-256color
    at yazi-adapter/src/emulator.rs:95

  2025-04-24T15:26:35.457942Z  WARN yazi_adapter::emulator: [Adapter] No special environment variables detected
    at yazi-adapter/src/emulator.rs:73

  2025-04-24T15:26:35.457952Z  WARN yazi_adapter::emulator: [Adapter] Unknown TERM_PROGRAM: 
    at yazi-adapter/src/emulator.rs:87

  2025-04-24T15:26:35.457953Z  WARN yazi_adapter::emulator: [Adapter] Unknown TERM: xterm-256color
    at yazi-adapter/src/emulator.rs:95

  2025-04-24T15:29:52.657446Z  WARN yazi_adapter::emulator: [Adapter] No special environment variables detected
    at yazi-adapter/src/emulator.rs:73

  2025-04-24T15:29:52.657459Z  WARN yazi_adapter::emulator: [Adapter] Unknown TERM_PROGRAM: 
    at yazi-adapter/src/emulator.rs:87

  2025-04-24T15:29:52.657460Z  WARN yazi_adapter::emulator: [Adapter] Unknown TERM: xterm-256color
    at yazi-adapter/src/emulator.rs:95

  2025-04-24T15:32:05.931339Z  WARN yazi_adapter::emulator: [Adapter] No special environment variables detected
    at yazi-adapter/src/emulator.rs:73

  2025-04-24T15:32:05.931742Z  WARN yazi_adapter::emulator: [Adapter] Unknown TERM_PROGRAM: 
    at yazi-adapter/src/emulator.rs:87

  2025-04-24T15:32:05.931744Z  WARN yazi_adapter::emulator: [Adapter] Unknown TERM: xterm-256color
    at yazi-adapter/src/emulator.rs:95

  2025-04-24T15:35:58.056477Z  WARN yazi_adapter::emulator: [Adapter] No special environment variables detected
    at yazi-adapter/src/emulator.rs:73

  2025-04-24T15:35:58.056487Z  WARN yazi_adapter::emulator: [Adapter] Unknown TERM_PROGRAM: 
    at yazi-adapter/src/emulator.rs:87

  2025-04-24T15:35:58.056489Z  WARN yazi_adapter::emulator: [Adapter] Unknown TERM: xterm-256color
    at yazi-adapter/src/emulator.rs:95

  2025-04-24T15:36:23.897417Z  WARN yazi_adapter::emulator: [Adapter] No special environment variables detected
    at yazi-adapter/src/emulator.rs:73

  2025-04-24T15:36:23.897426Z  WARN yazi_adapter::emulator: [Adapter] Unknown TERM_PROGRAM: 
    at yazi-adapter/src/emulator.rs:87

  2025-04-24T15:36:23.897428Z  WARN yazi_adapter::emulator: [Adapter] Unknown TERM: xterm-256color
    at yazi-adapter/src/emulator.rs:95

  2025-04-24T15:36:52.978337Z  WARN yazi_adapter::emulator: [Adapter] No special environment variables detected
    at yazi-adapter/src/emulator.rs:73

  2025-04-24T15:36:52.978346Z  WARN yazi_adapter::emulator: [Adapter] Unknown TERM_PROGRAM: 
    at yazi-adapter/src/emulator.rs:87

  2025-04-24T15:36:52.978350Z  WARN yazi_adapter::emulator: [Adapter] Unknown TERM: xterm-256color
    at yazi-adapter/src/emulator.rs:95

  2025-04-24T15:39:53.978844Z  WARN yazi_adapter::emulator: [Adapter] No special environment variables detected
    at yazi-adapter/src/emulator.rs:73

  2025-04-24T15:39:53.978853Z  WARN yazi_adapter::emulator: [Adapter] Unknown TERM_PROGRAM: 
    at yazi-adapter/src/emulator.rs:87

  2025-04-24T15:39:53.978855Z  WARN yazi_adapter::emulator: [Adapter] Unknown TERM: xterm-256color
    at yazi-adapter/src/emulator.rs:95

  2025-04-24T16:03:08.908856Z  WARN yazi_adapter::emulator: [Adapter] No special environment variables detected
    at yazi-adapter/src/emulator.rs:73

  2025-04-24T16:03:08.908867Z  WARN yazi_adapter::emulator: [Adapter] Unknown TERM_PROGRAM: 
    at yazi-adapter/src/emulator.rs:87

  2025-04-24T16:03:08.908868Z  WARN yazi_adapter::emulator: [Adapter] Unknown TERM: xterm-256color
    at yazi-adapter/src/emulator.rs:95

  2025-04-24T16:36:32.445793Z  WARN yazi_adapter::emulator: [Adapter] No special environment variables detected
    at yazi-adapter/src/emulator.rs:73

  2025-04-24T16:36:32.445809Z  WARN yazi_adapter::emulator: [Adapter] Unknown TERM_PROGRAM: 
    at yazi-adapter/src/emulator.rs:87

  2025-04-24T16:36:32.445811Z  WARN yazi_adapter::emulator: [Adapter] Unknown TERM: xterm-256color
    at yazi-adapter/src/emulator.rs:95

  2025-04-24T16:40:04.235243Z  WARN yazi_adapter::emulator: [Adapter] No special environment variables detected
    at yazi-adapter/src/emulator.rs:73

  2025-04-24T16:40:04.235253Z  WARN yazi_adapter::emulator: [Adapter] Unknown TERM_PROGRAM: 
    at yazi-adapter/src/emulator.rs:87

  2025-04-24T16:40:04.235255Z  WARN yazi_adapter::emulator: [Adapter] Unknown TERM: xterm-256color
    at yazi-adapter/src/emulator.rs:95

  2025-04-24T16:59:39.272256Z  WARN yazi_adapter::emulator: [Adapter] No special environment variables detected
    at yazi-adapter/src/emulator.rs:73

  2025-04-24T16:59:39.272266Z  WARN yazi_adapter::emulator: [Adapter] Unknown TERM_PROGRAM: 
    at yazi-adapter/src/emulator.rs:87

  2025-04-24T16:59:39.272267Z  WARN yazi_adapter::emulator: [Adapter] Unknown TERM: xterm-256color
    at yazi-adapter/src/emulator.rs:95

  2025-04-24T17:10:38.053635Z  WARN yazi_adapter::emulator: [Adapter] No special environment variables detected
    at yazi-adapter/src/emulator.rs:73

  2025-04-24T17:10:38.053649Z  WARN yazi_adapter::emulator: [Adapter] Unknown TERM_PROGRAM: 
    at yazi-adapter/src/emulator.rs:87

  2025-04-24T17:10:38.053653Z  WARN yazi_adapter::emulator: [Adapter] Unknown TERM: xterm-256color
    at yazi-adapter/src/emulator.rs:95

  2025-04-24T17:12:19.928839Z  WARN yazi_adapter::emulator: [Adapter] No special environment variables detected
    at yazi-adapter/src/emulator.rs:73

  2025-04-24T17:12:19.928850Z  WARN yazi_adapter::emulator: [Adapter] Unknown TERM_PROGRAM: 
    at yazi-adapter/src/emulator.rs:87

  2025-04-24T17:12:19.928851Z  WARN yazi_adapter::emulator: [Adapter] Unknown TERM: xterm-256color
    at yazi-adapter/src/emulator.rs:95

  2025-04-24T21:12:52.446800Z  WARN yazi_adapter::emulator: [Adapter] No special environment variables detected
    at yazi-adapter/src/emulator.rs:73

  2025-04-24T21:12:52.446815Z  WARN yazi_adapter::emulator: [Adapter] Unknown TERM_PROGRAM: 
    at yazi-adapter/src/emulator.rs:87

  2025-04-24T21:12:52.446817Z  WARN yazi_adapter::emulator: [Adapter] Unknown TERM: xterm-256color
    at yazi-adapter/src/emulator.rs:95

  2025-04-24T21:27:57.814950Z  WARN yazi_adapter::emulator: [Adapter] No special environment variables detected
    at yazi-adapter/src/emulator.rs:73

  2025-04-24T21:27:57.814959Z  WARN yazi_adapter::emulator: [Adapter] Unknown TERM_PROGRAM: 
    at yazi-adapter/src/emulator.rs:87

  2025-04-24T21:27:57.814960Z  WARN yazi_adapter::emulator: [Adapter] Unknown TERM: xterm-256color
    at yazi-adapter/src/emulator.rs:95

  2025-04-24T21:34:28.604219Z  WARN yazi_adapter::emulator: [Adapter] No special environment variables detected
    at yazi-adapter/src/emulator.rs:73

  2025-04-24T21:34:28.604232Z  WARN yazi_adapter::emulator: [Adapter] Unknown TERM_PROGRAM: 
    at yazi-adapter/src/emulator.rs:87

  2025-04-24T21:34:28.604236Z  WARN yazi_adapter::emulator: [Adapter] Unknown TERM: xterm-256color
    at yazi-adapter/src/emulator.rs:95

  2025-04-24T21:40:29.380836Z  WARN yazi_adapter::emulator: [Adapter] No special environment variables detected
    at yazi-adapter/src/emulator.rs:73

  2025-04-24T21:40:29.380845Z  WARN yazi_adapter::emulator: [Adapter] Unknown TERM_PROGRAM: 
    at yazi-adapter/src/emulator.rs:87

  2025-04-24T21:40:29.380847Z  WARN yazi_adapter::emulator: [Adapter] Unknown TERM: xterm-256color
    at yazi-adapter/src/emulator.rs:95

  2025-04-24T21:41:02.014279Z  WARN yazi_adapter::emulator: [Adapter] No special environment variables detected
    at yazi-adapter/src/emulator.rs:73

  2025-04-24T21:41:02.014288Z  WARN yazi_adapter::emulator: [Adapter] Unknown TERM_PROGRAM: 
    at yazi-adapter/src/emulator.rs:87

  2025-04-24T21:41:02.014290Z  WARN yazi_adapter::emulator: [Adapter] Unknown TERM: xterm-256color
    at yazi-adapter/src/emulator.rs:95

  2025-04-24T21:45:05.754642Z  WARN yazi_adapter::emulator: [Adapter] No special environment variables detected
    at yazi-adapter/src/emulator.rs:73

  2025-04-24T21:45:05.754651Z  WARN yazi_adapter::emulator: [Adapter] Unknown TERM_PROGRAM: 
    at yazi-adapter/src/emulator.rs:87

  2025-04-24T21:45:05.754655Z  WARN yazi_adapter::emulator: [Adapter] Unknown TERM: xterm-256color
    at yazi-adapter/src/emulator.rs:95

  2025-04-24T21:47:54.826377Z  WARN yazi_adapter::emulator: [Adapter] No special environment variables detected
    at yazi-adapter/src/emulator.rs:73

  2025-04-24T21:47:54.826398Z  WARN yazi_adapter::emulator: [Adapter] Unknown TERM_PROGRAM: 
    at yazi-adapter/src/emulator.rs:87

  2025-04-24T21:47:54.826400Z  WARN yazi_adapter::emulator: [Adapter] Unknown TERM: xterm-256color
    at yazi-adapter/src/emulator.rs:95

  2025-04-25T01:25:42.142087Z  WARN yazi_adapter::emulator: [Adapter] No special environment variables detected
    at yazi-adapter/src/emulator.rs:73

  2025-04-25T01:25:42.142098Z  WARN yazi_adapter::emulator: [Adapter] Unknown TERM_PROGRAM: 
    at yazi-adapter/src/emulator.rs:87

  2025-04-25T01:25:42.142099Z  WARN yazi_adapter::emulator: [Adapter] Unknown TERM: xterm-256color
    at yazi-adapter/src/emulator.rs:95

  2025-04-25T01:28:07.184734Z  WARN yazi_adapter::emulator: [Adapter] No special environment variables detected
    at yazi-adapter/src/emulator.rs:73

  2025-04-25T01:28:07.184743Z  WARN yazi_adapter::emulator: [Adapter] Unknown TERM_PROGRAM: 
    at yazi-adapter/src/emulator.rs:87

  2025-04-25T01:28:07.184745Z  WARN yazi_adapter::emulator: [Adapter] Unknown TERM: xterm-256color
    at yazi-adapter/src/emulator.rs:95

  2025-04-25T01:30:42.806677Z  WARN yazi_adapter::emulator: [Adapter] No special environment variables detected
    at yazi-adapter/src/emulator.rs:73

  2025-04-25T01:30:42.806687Z  WARN yazi_adapter::emulator: [Adapter] Unknown TERM_PROGRAM: 
    at yazi-adapter/src/emulator.rs:87

  2025-04-25T01:30:42.806689Z  WARN yazi_adapter::emulator: [Adapter] Unknown TERM: xterm-256color
    at yazi-adapter/src/emulator.rs:95

  2025-04-25T01:36:43.530668Z  WARN yazi_adapter::emulator: [Adapter] No special environment variables detected
    at yazi-adapter/src/emulator.rs:73

  2025-04-25T01:36:43.530678Z  WARN yazi_adapter::emulator: [Adapter] Unknown TERM_PROGRAM: 
    at yazi-adapter/src/emulator.rs:87

  2025-04-25T01:36:43.530679Z  WARN yazi_adapter::emulator: [Adapter] Unknown TERM: xterm-256color
    at yazi-adapter/src/emulator.rs:95

  2025-04-25T01:38:44.306638Z ERROR yazi_scheduler::prework::prework: Returned 2 when running fetcher `mime` with:
/home/jordi/onedrive/.xdg-volume-info
    at yazi-scheduler/src/prework/prework.rs:49

  2025-04-25T01:38:48.331474Z ERROR yazi_scheduler::prework::prework: Returned 2 when running fetcher `mime` with:
/home/jordi/onedrive/.xdg-volume-info
    at yazi-scheduler/src/prework/prework.rs:49

  2025-04-25T01:53:29.445701Z  WARN yazi_adapter::emulator: [Adapter] No special environment variables detected
    at yazi-adapter/src/emulator.rs:73

  2025-04-25T01:53:29.445712Z  WARN yazi_adapter::emulator: [Adapter] Unknown TERM_PROGRAM: 
    at yazi-adapter/src/emulator.rs:87

  2025-04-25T01:53:29.445716Z  WARN yazi_adapter::emulator: [Adapter] Unknown TERM: xterm-256color
    at yazi-adapter/src/emulator.rs:95

  2025-04-25T01:53:35.251530Z ERROR yazi_scheduler::prework::prework: Returned 2 when running fetcher `mime` with:
/home/jordi/onedrive/.xdg-volume-info
    at yazi-scheduler/src/prework/prework.rs:49

  2025-04-25T01:54:31.741278Z ERROR yazi_scheduler::prework::prework: Returned 2 when running fetcher `mime` with:
/home/jordi/onedrive/.xdg-volume-info
    at yazi-scheduler/src/prework/prework.rs:49

  2025-04-25T01:55:02.102868Z ERROR yazi_scheduler::prework::prework: Returned 2 when running fetcher `mime` with:
/home/jordi/onedrive/.xdg-volume-info
    at yazi-scheduler/src/prework/prework.rs:49

  2025-04-25T01:55:34.725756Z  WARN yazi_adapter::emulator: [Adapter] No special environment variables detected
    at yazi-adapter/src/emulator.rs:73

  2025-04-25T01:55:34.725766Z  WARN yazi_adapter::emulator: [Adapter] Unknown TERM_PROGRAM: 
    at yazi-adapter/src/emulator.rs:87

  2025-04-25T01:55:34.725767Z  WARN yazi_adapter::emulator: [Adapter] Unknown TERM: xterm-256color
    at yazi-adapter/src/emulator.rs:95

  2025-04-25T12:03:07.875403Z  WARN yazi_adapter::emulator: [Adapter] No special environment variables detected
    at yazi-adapter/src/emulator.rs:73

  2025-04-25T12:03:07.875726Z  WARN yazi_adapter::emulator: [Adapter] Unknown TERM_PROGRAM: 
    at yazi-adapter/src/emulator.rs:87

  2025-04-25T12:03:07.875728Z  WARN yazi_adapter::emulator: [Adapter] Unknown TERM: xterm-256color
    at yazi-adapter/src/emulator.rs:95

  2025-04-25T12:08:41.159892Z  WARN yazi_adapter::emulator: [Adapter] No special environment variables detected
    at yazi-adapter/src/emulator.rs:73

  2025-04-25T12:08:41.159903Z  WARN yazi_adapter::emulator: [Adapter] Unknown TERM_PROGRAM: 
    at yazi-adapter/src/emulator.rs:87

  2025-04-25T12:08:41.159905Z  WARN yazi_adapter::emulator: [Adapter] Unknown TERM: xterm-256color
    at yazi-adapter/src/emulator.rs:95

  2025-04-25T12:25:32.880948Z  WARN yazi_adapter::emulator: [Adapter] No special environment variables detected
    at yazi-adapter/src/emulator.rs:73

  2025-04-25T12:25:32.880963Z  WARN yazi_adapter::emulator: [Adapter] Unknown TERM_PROGRAM: 
    at yazi-adapter/src/emulator.rs:87

  2025-04-25T12:25:32.880968Z  WARN yazi_adapter::emulator: [Adapter] Unknown TERM: xterm-256color
    at yazi-adapter/src/emulator.rs:95

  2025-04-25T12:27:12.568564Z ERROR yazi_scheduler::prework::prework: Returned 0 when running preloader `pdf` with `/home/jordi/onedrive/master/m11_ipo/IP_alt/IP_alt.pdf`
    at yazi-scheduler/src/prework/prework.rs:76

  2025-04-25T12:32:05.169062Z  WARN yazi_adapter::emulator: [Adapter] No special environment variables detected
    at yazi-adapter/src/emulator.rs:73

  2025-04-25T12:32:05.169074Z  WARN yazi_adapter::emulator: [Adapter] Unknown TERM_PROGRAM: 
    at yazi-adapter/src/emulator.rs:87

  2025-04-25T12:32:05.169076Z  WARN yazi_adapter::emulator: [Adapter] Unknown TERM: xterm-256color
    at yazi-adapter/src/emulator.rs:95

  2025-04-25T12:51:05.661537Z  WARN yazi_adapter::emulator: [Adapter] No special environment variables detected
    at yazi-adapter/src/emulator.rs:73

  2025-04-25T12:51:05.661552Z  WARN yazi_adapter::emulator: [Adapter] Unknown TERM_PROGRAM: 
    at yazi-adapter/src/emulator.rs:87

  2025-04-25T12:51:05.661557Z  WARN yazi_adapter::emulator: [Adapter] Unknown TERM: xterm-256color
    at yazi-adapter/src/emulator.rs:95

  2025-04-25T12:54:27.603272Z  WARN yazi_adapter::emulator: [Adapter] No special environment variables detected
    at yazi-adapter/src/emulator.rs:73

  2025-04-25T12:54:27.603282Z  WARN yazi_adapter::emulator: [Adapter] Unknown TERM_PROGRAM: 
    at yazi-adapter/src/emulator.rs:87

  2025-04-25T12:54:27.603284Z  WARN yazi_adapter::emulator: [Adapter] Unknown TERM: xterm-256color
    at yazi-adapter/src/emulator.rs:95

  2025-04-25T13:17:13.226203Z  WARN yazi_adapter::emulator: [Adapter] No special environment variables detected
    at yazi-adapter/src/emulator.rs:73

  2025-04-25T13:17:13.226531Z  WARN yazi_adapter::emulator: [Adapter] Unknown TERM_PROGRAM: 
    at yazi-adapter/src/emulator.rs:87

  2025-04-25T13:17:13.226533Z  WARN yazi_adapter::emulator: [Adapter] Unknown TERM: xterm-256color
    at yazi-adapter/src/emulator.rs:95

  2025-04-25T13:17:13.276122Z ERROR yazi_scheduler::prework::prework: Returned 2 when running fetcher `mime` with:
/home/jordi/.bash_history
/home/jordi/.gitconfig
/home/jordi/.histfile
/home/jordi/.nix-profile
/home/jordi/.p10k.zsh
/home/jordi/.viminfo
/home/jordi/.wget-hsts
/home/jordi/.zcompdump
/home/jordi/.zshhist
/home/jordi/.zshrc
/home/jordi/.zsh_history
    at yazi-scheduler/src/prework/prework.rs:49

  2025-04-25T13:17:48.620631Z ERROR yazi_scheduler::prework::prework: Returned 2 when running fetcher `mime` with:
/home/jordi/.nix-profile
    at yazi-scheduler/src/prework/prework.rs:49

  2025-04-25T14:28:55.412648Z  WARN yazi_adapter::emulator: [Adapter] No special environment variables detected
    at yazi-adapter/src/emulator.rs:73

  2025-04-25T14:28:55.412659Z  WARN yazi_adapter::emulator: [Adapter] Unknown TERM_PROGRAM: 
    at yazi-adapter/src/emulator.rs:87

  2025-04-25T14:28:55.412660Z  WARN yazi_adapter::emulator: [Adapter] Unknown TERM: xterm-256color
    at yazi-adapter/src/emulator.rs:95

  2025-04-25T14:28:55.432702Z ERROR yazi_scheduler::prework::prework: Returned 2 when running fetcher `mime` with:
/home/jordi/.bash_history
/home/jordi/.gitconfig
/home/jordi/.histfile
/home/jordi/.nix-profile
/home/jordi/.p10k.zsh
/home/jordi/.viminfo
/home/jordi/.wget-hsts
/home/jordi/.zcompdump
/home/jordi/.zshhist
/home/jordi/.zshrc
/home/jordi/.zsh_history
    at yazi-scheduler/src/prework/prework.rs:49

  2025-04-25T14:29:27.055778Z ERROR yazi_scheduler::prework::prework: Returned 2 when running fetcher `mime` with:
/home/jordi/.nix-profile
    at yazi-scheduler/src/prework/prework.rs:49

  2025-04-25T15:44:16.810407Z  WARN yazi_adapter::emulator: [Adapter] No special environment variables detected
    at yazi-adapter/src/emulator.rs:73

  2025-04-25T15:44:16.810418Z  WARN yazi_adapter::emulator: [Adapter] Unknown TERM_PROGRAM: 
    at yazi-adapter/src/emulator.rs:87

  2025-04-25T15:44:16.810420Z  WARN yazi_adapter::emulator: [Adapter] Unknown TERM: xterm-256color
    at yazi-adapter/src/emulator.rs:95

  2025-04-25T15:44:16.830817Z ERROR yazi_scheduler::prework::prework: Returned 2 when running fetcher `mime` with:
/home/jordi/.bash_history
/home/jordi/.gitconfig
/home/jordi/.histfile
/home/jordi/.nix-profile
/home/jordi/.p10k.zsh
/home/jordi/.viminfo
/home/jordi/.wget-hsts
/home/jordi/.zcompdump
/home/jordi/.zshhist
/home/jordi/.zshrc
/home/jordi/.zsh_history
    at yazi-scheduler/src/prework/prework.rs:49

  2025-04-25T15:44:21.202740Z ERROR yazi_scheduler::prework::prework: Returned 2 when running fetcher `mime` with:
/home/jordi/.nix-profile
    at yazi-scheduler/src/prework/prework.rs:49

  2025-04-25T15:44:44.173725Z ERROR yazi_scheduler::prework::prework: Returned 2 when running fetcher `mime` with:
/home/jordi/.nix-profile
    at yazi-scheduler/src/prework/prework.rs:49

  2025-04-25T15:45:02.181726Z  WARN yazi_adapter::emulator: [Adapter] No special environment variables detected
    at yazi-adapter/src/emulator.rs:73

  2025-04-25T15:45:02.181737Z  WARN yazi_adapter::emulator: [Adapter] Unknown TERM_PROGRAM: 
    at yazi-adapter/src/emulator.rs:87

  2025-04-25T15:45:02.181738Z  WARN yazi_adapter::emulator: [Adapter] Unknown TERM: xterm-256color
    at yazi-adapter/src/emulator.rs:95

  2025-04-25T15:45:02.203159Z ERROR yazi_scheduler::prework::prework: Returned 2 when running fetcher `mime` with:
/home/jordi/.bash_history
/home/jordi/.gitconfig
/home/jordi/.histfile
/home/jordi/.nix-profile
/home/jordi/.p10k.zsh
/home/jordi/.viminfo
/home/jordi/.wget-hsts
/home/jordi/.zcompdump
/home/jordi/.zshhist
/home/jordi/.zshrc
/home/jordi/.zsh_history
    at yazi-scheduler/src/prework/prework.rs:49

  2025-04-25T15:45:18.232974Z  WARN yazi_adapter::emulator: [Adapter] No special environment variables detected
    at yazi-adapter/src/emulator.rs:73

  2025-04-25T15:45:18.232992Z  WARN yazi_adapter::emulator: [Adapter] Unknown TERM_PROGRAM: 
    at yazi-adapter/src/emulator.rs:87

  2025-04-25T15:45:18.232994Z  WARN yazi_adapter::emulator: [Adapter] Unknown TERM: xterm-256color
    at yazi-adapter/src/emulator.rs:95

  2025-04-25T16:20:52.075395Z  WARN yazi_adapter::emulator: [Adapter] No special environment variables detected
    at yazi-adapter/src/emulator.rs:73

  2025-04-25T16:20:52.075723Z  WARN yazi_adapter::emulator: [Adapter] Unknown TERM_PROGRAM: 
    at yazi-adapter/src/emulator.rs:87

  2025-04-25T16:20:52.075724Z  WARN yazi_adapter::emulator: [Adapter] Unknown TERM: xterm-256color
    at yazi-adapter/src/emulator.rs:95

  2025-04-25T16:20:52.124978Z ERROR yazi_scheduler::prework::prework: Returned 2 when running fetcher `mime` with:
/home/jordi/.bash_history
/home/jordi/.gitconfig
/home/jordi/.histfile
/home/jordi/.nix-profile
/home/jordi/.p10k.zsh
/home/jordi/.viminfo
/home/jordi/.wget-hsts
/home/jordi/.zcompdump
/home/jordi/.zshhist
/home/jordi/.zshrc
/home/jordi/.zsh_history
    at yazi-scheduler/src/prework/prework.rs:49

  2025-04-25T16:20:53.913895Z ERROR yazi_scheduler::prework::prework: Returned 2 when running fetcher `mime` with:
/home/jordi/.nix-profile
    at yazi-scheduler/src/prework/prework.rs:49

  2025-04-25T16:20:53.929107Z ERROR yazi_scheduler::prework::prework: Returned 2 when running fetcher `mime` with:
/home/jordi/.nix-profile
    at yazi-scheduler/src/prework/prework.rs:49

  2025-04-25T16:20:53.945251Z ERROR yazi_scheduler::prework::prework: Returned 2 when running fetcher `mime` with:
/home/jordi/.nix-profile
    at yazi-scheduler/src/prework/prework.rs:49

  2025-04-25T16:20:53.961124Z ERROR yazi_scheduler::prework::prework: Returned 2 when running fetcher `mime` with:
/home/jordi/.nix-profile
    at yazi-scheduler/src/prework/prework.rs:49

  2025-04-25T16:20:53.977122Z ERROR yazi_scheduler::prework::prework: Returned 2 when running fetcher `mime` with:
/home/jordi/.nix-profile
    at yazi-scheduler/src/prework/prework.rs:49

  2025-04-25T16:20:53.993167Z ERROR yazi_scheduler::prework::prework: Returned 2 when running fetcher `mime` with:
/home/jordi/.nix-profile
    at yazi-scheduler/src/prework/prework.rs:49

  2025-04-25T16:20:54.009190Z ERROR yazi_scheduler::prework::prework: Returned 2 when running fetcher `mime` with:
/home/jordi/.nix-profile
    at yazi-scheduler/src/prework/prework.rs:49

  2025-04-25T16:20:54.025275Z ERROR yazi_scheduler::prework::prework: Returned 2 when running fetcher `mime` with:
/home/jordi/.nix-profile
    at yazi-scheduler/src/prework/prework.rs:49

  2025-04-25T16:20:54.041537Z ERROR yazi_scheduler::prework::prework: Returned 2 when running fetcher `mime` with:
/home/jordi/.nix-profile
    at yazi-scheduler/src/prework/prework.rs:49

  2025-04-25T16:20:54.058656Z ERROR yazi_scheduler::prework::prework: Returned 2 when running fetcher `mime` with:
/home/jordi/.nix-profile
    at yazi-scheduler/src/prework/prework.rs:49

  2025-04-25T16:20:54.075262Z ERROR yazi_scheduler::prework::prework: Returned 2 when running fetcher `mime` with:
/home/jordi/.nix-profile
    at yazi-scheduler/src/prework/prework.rs:49

  2025-04-25T16:20:54.092710Z ERROR yazi_scheduler::prework::prework: Returned 2 when running fetcher `mime` with:
/home/jordi/.nix-profile
    at yazi-scheduler/src/prework/prework.rs:49

  2025-04-25T16:20:54.109514Z ERROR yazi_scheduler::prework::prework: Returned 2 when running fetcher `mime` with:
/home/jordi/.nix-profile
    at yazi-scheduler/src/prework/prework.rs:49

  2025-04-25T16:20:54.126106Z ERROR yazi_scheduler::prework::prework: Returned 2 when running fetcher `mime` with:
/home/jordi/.nix-profile
    at yazi-scheduler/src/prework/prework.rs:49

  2025-04-25T16:20:54.136696Z ERROR yazi_scheduler::prework::prework: Returned 2 when running fetcher `mime` with:
/home/jordi/.nix-profile
    at yazi-scheduler/src/prework/prework.rs:49

  2025-04-25T16:20:54.152764Z ERROR yazi_scheduler::prework::prework: Returned 2 when running fetcher `mime` with:
/home/jordi/.nix-profile
    at yazi-scheduler/src/prework/prework.rs:49

  2025-04-25T16:20:54.168486Z ERROR yazi_scheduler::prework::prework: Returned 2 when running fetcher `mime` with:
/home/jordi/.nix-profile
    at yazi-scheduler/src/prework/prework.rs:49

  2025-04-25T16:20:54.184578Z ERROR yazi_scheduler::prework::prework: Returned 2 when running fetcher `mime` with:
/home/jordi/.nix-profile
    at yazi-scheduler/src/prework/prework.rs:49

  2025-04-25T16:20:54.200658Z ERROR yazi_scheduler::prework::prework: Returned 2 when running fetcher `mime` with:
/home/jordi/.nix-profile
    at yazi-scheduler/src/prework/prework.rs:49

  2025-04-25T16:20:54.216600Z ERROR yazi_scheduler::prework::prework: Returned 2 when running fetcher `mime` with:
/home/jordi/.nix-profile
    at yazi-scheduler/src/prework/prework.rs:49

  2025-04-25T16:20:54.232478Z ERROR yazi_scheduler::prework::prework: Returned 2 when running fetcher `mime` with:
/home/jordi/.nix-profile
    at yazi-scheduler/src/prework/prework.rs:49

  2025-04-25T16:20:54.249493Z ERROR yazi_scheduler::prework::prework: Returned 2 when running fetcher `mime` with:
/home/jordi/.nix-profile
    at yazi-scheduler/src/prework/prework.rs:49

  2025-04-25T16:20:54.282821Z ERROR yazi_scheduler::prework::prework: Returned 2 when running fetcher `mime` with:
/home/jordi/.nix-profile
    at yazi-scheduler/src/prework/prework.rs:49

  2025-04-25T16:21:02.506253Z ERROR yazi_scheduler::prework::prework: Returned 2 when running fetcher `mime` with:
/home/jordi/.nix-profile
    at yazi-scheduler/src/prework/prework.rs:49

  2025-04-25T16:35:10.749557Z  WARN yazi_adapter::emulator: [Adapter] No special environment variables detected
    at yazi-adapter/src/emulator.rs:73

  2025-04-25T16:35:10.749571Z  WARN yazi_adapter::emulator: [Adapter] Unknown TERM_PROGRAM: 
    at yazi-adapter/src/emulator.rs:87

  2025-04-25T16:35:10.749575Z  WARN yazi_adapter::emulator: [Adapter] Unknown TERM: xterm-256color
    at yazi-adapter/src/emulator.rs:95

  2025-04-25T16:35:10.772009Z ERROR yazi_scheduler::prework::prework: Returned 2 when running fetcher `mime` with:
/home/jordi/.bash_history
/home/jordi/.gitconfig
/home/jordi/.histfile
/home/jordi/.nix-profile
/home/jordi/.p10k.zsh
/home/jordi/.viminfo
/home/jordi/.wget-hsts
/home/jordi/.zcompdump
/home/jordi/.zshhist
/home/jordi/.zshrc
/home/jordi/.zsh_history
    at yazi-scheduler/src/prework/prework.rs:49

  2025-04-25T16:35:15.122894Z ERROR yazi_scheduler::prework::prework: Returned 2 when running fetcher `mime` with:
/home/jordi/.nix-profile
    at yazi-scheduler/src/prework/prework.rs:49

  2025-04-25T16:35:22.941753Z ERROR yazi_scheduler::prework::prework: Returned 2 when running fetcher `mime` with:
/home/jordi/.nix-profile
    at yazi-scheduler/src/prework/prework.rs:49

  2025-04-25T17:30:08.140713Z ERROR yazi_scheduler::prework::prework: Returned 2 when running fetcher `mime` with:
/home/jordi/.nix-profile
    at yazi-scheduler/src/prework/prework.rs:49

  2025-04-27T21:10:21.513189Z  WARN yazi_adapter::emulator: [Adapter] No special environment variables detected
    at yazi-adapter/src/emulator.rs:73

  2025-04-27T21:10:21.513595Z  WARN yazi_adapter::emulator: [Adapter] Unknown TERM_PROGRAM: 
    at yazi-adapter/src/emulator.rs:87

  2025-04-27T21:10:21.513597Z  WARN yazi_adapter::emulator: [Adapter] Unknown TERM: xterm-256color
    at yazi-adapter/src/emulator.rs:95

  2025-04-27T21:10:21.561950Z ERROR yazi_scheduler::prework::prework: Returned 2 when running fetcher `mime` with:
/home/jordi/.bash_history
/home/jordi/.gitconfig
/home/jordi/.histfile
/home/jordi/.nix-profile
/home/jordi/.p10k.zsh
/home/jordi/.viminfo
/home/jordi/.wget-hsts
/home/jordi/.zcompdump
/home/jordi/.zshhist
/home/jordi/.zshrc
/home/jordi/.zsh_history
    at yazi-scheduler/src/prework/prework.rs:49

  2025-04-27T21:10:30.278458Z ERROR yazi_scheduler::prework::prework: Returned 2 when running fetcher `mime` with:
/home/jordi/.nix-profile
    at yazi-scheduler/src/prework/prework.rs:49

  2025-04-27T21:18:42.130489Z  WARN yazi_adapter::emulator: [Adapter] No special environment variables detected
    at yazi-adapter/src/emulator.rs:73

  2025-04-27T21:18:42.135944Z  WARN yazi_adapter::emulator: [Adapter] Unknown TERM_PROGRAM: tmux
    at yazi-adapter/src/emulator.rs:87

  2025-04-27T21:18:42.135953Z  WARN yazi_adapter::emulator: [Adapter] Unknown TERM: screen
    at yazi-adapter/src/emulator.rs:95

  2025-04-27T21:18:42.156836Z ERROR yazi_scheduler::prework::prework: Returned 2 when running fetcher `mime` with:
/home/jordi/.bash_history
/home/jordi/.gitconfig
/home/jordi/.histfile
/home/jordi/.nix-profile
/home/jordi/.p10k.zsh
/home/jordi/.viminfo
/home/jordi/.wget-hsts
/home/jordi/.zcompdump
/home/jordi/.zshhist
/home/jordi/.zshrc
/home/jordi/.zsh_history
    at yazi-scheduler/src/prework/prework.rs:49

  2025-04-27T21:39:14.935734Z  WARN yazi_adapter::emulator: [Adapter] No special environment variables detected
    at yazi-adapter/src/emulator.rs:73

  2025-04-27T21:39:14.935749Z  WARN yazi_adapter::emulator: [Adapter] Unknown TERM_PROGRAM: 
    at yazi-adapter/src/emulator.rs:87

  2025-04-27T21:39:14.935750Z  WARN yazi_adapter::emulator: [Adapter] Unknown TERM: xterm-256color
    at yazi-adapter/src/emulator.rs:95

  2025-04-27T21:39:14.956522Z ERROR yazi_scheduler::prework::prework: Returned 2 when running fetcher `mime` with:
/home/jordi/.bash_history
/home/jordi/.gitconfig
/home/jordi/.histfile
/home/jordi/.nix-profile
/home/jordi/.p10k.zsh
/home/jordi/.viminfo
/home/jordi/.wget-hsts
/home/jordi/.zcompdump
/home/jordi/.zshhist
/home/jordi/.zshrc
/home/jordi/.zsh_history
    at yazi-scheduler/src/prework/prework.rs:49

  2025-04-27T21:39:26.224736Z ERROR yazi_scheduler::prework::prework: Returned 2 when running fetcher `mime` with:
/home/jordi/.nix-profile
    at yazi-scheduler/src/prework/prework.rs:49

  2025-04-27T21:39:27.049133Z ERROR yazi_scheduler::prework::prework: Returned 2 when running fetcher `mime` with:
/home/jordi/.nix-profile
    at yazi-scheduler/src/prework/prework.rs:49

  2025-04-28T01:15:47.672342Z  WARN yazi_adapter::emulator: [Adapter] No special environment variables detected
    at yazi-adapter/src/emulator.rs:73

  2025-04-28T01:15:47.672700Z  WARN yazi_adapter::emulator: [Adapter] Unknown TERM_PROGRAM: 
    at yazi-adapter/src/emulator.rs:87

  2025-04-28T01:15:47.672702Z  WARN yazi_adapter::emulator: [Adapter] Unknown TERM: xterm-256color
    at yazi-adapter/src/emulator.rs:95

  2025-04-28T01:15:50.341016Z ERROR yazi_scheduler::prework::prework: Returned 2 when running fetcher `mime` with:
/home/jordi/.bash_history
/home/jordi/.gitconfig
/home/jordi/.histfile
/home/jordi/.nix-profile
/home/jordi/.p10k.zsh
/home/jordi/.viminfo
/home/jordi/.wget-hsts
/home/jordi/.zcompdump
/home/jordi/.zshhist
/home/jordi/.zshrc
/home/jordi/.zsh_history
    at yazi-scheduler/src/prework/prework.rs:49

  2025-04-28T01:35:07.790788Z  WARN yazi_adapter::emulator: [Adapter] No special environment variables detected
    at yazi-adapter/src/emulator.rs:73

  2025-04-28T01:35:07.790800Z  WARN yazi_adapter::emulator: [Adapter] Unknown TERM_PROGRAM: 
    at yazi-adapter/src/emulator.rs:87

  2025-04-28T01:35:07.790802Z  WARN yazi_adapter::emulator: [Adapter] Unknown TERM: xterm-256color
    at yazi-adapter/src/emulator.rs:95

  2025-04-28T01:35:09.454137Z ERROR yazi_scheduler::prework::prework: Returned 2 when running fetcher `mime` with:
/home/jordi/.bash_history
/home/jordi/.gitconfig
/home/jordi/.histfile
/home/jordi/.nix-profile
/home/jordi/.p10k.zsh
/home/jordi/.viminfo
/home/jordi/.wget-hsts
/home/jordi/.zcompdump
/home/jordi/.zshhist
/home/jordi/.zshrc
/home/jordi/.zsh_history
    at yazi-scheduler/src/prework/prework.rs:49

  2025-04-28T02:06:17.884721Z  WARN yazi_adapter::emulator: [Adapter] No special environment variables detected
    at yazi-adapter/src/emulator.rs:73

  2025-04-28T02:06:17.885079Z  WARN yazi_adapter::emulator: [Adapter] Unknown TERM_PROGRAM: 
    at yazi-adapter/src/emulator.rs:87

  2025-04-28T02:06:17.885080Z  WARN yazi_adapter::emulator: [Adapter] Unknown TERM: xterm-256color
    at yazi-adapter/src/emulator.rs:95

  2025-04-28T02:06:17.935764Z ERROR yazi_scheduler::prework::prework: Returned 2 when running fetcher `mime` with:
/home/jordi/.bash_history
/home/jordi/.gitconfig
/home/jordi/.histfile
/home/jordi/.nix-profile
/home/jordi/.p10k.zsh
/home/jordi/.viminfo
/home/jordi/.wget-hsts
/home/jordi/.zcompdump
/home/jordi/.zshhist
/home/jordi/.zshrc
/home/jordi/.zsh_history
    at yazi-scheduler/src/prework/prework.rs:49

  2025-04-28T02:11:54.067282Z  WARN yazi_adapter::emulator: [Adapter] No special environment variables detected
    at yazi-adapter/src/emulator.rs:73

  2025-04-28T02:11:54.067293Z  WARN yazi_adapter::emulator: [Adapter] Unknown TERM_PROGRAM: 
    at yazi-adapter/src/emulator.rs:87

  2025-04-28T02:11:54.067294Z  WARN yazi_adapter::emulator: [Adapter] Unknown TERM: xterm-256color
    at yazi-adapter/src/emulator.rs:95

  2025-04-28T02:11:54.088764Z ERROR yazi_scheduler::prework::prework: Returned 2 when running fetcher `mime` with:
/home/jordi/.bash_history
/home/jordi/.gitconfig
/home/jordi/.histfile
/home/jordi/.nix-profile
/home/jordi/.p10k.zsh
/home/jordi/.viminfo
/home/jordi/.wget-hsts
/home/jordi/.zcompdump
/home/jordi/.zshhist
/home/jordi/.zshrc
/home/jordi/.zsh_history
    at yazi-scheduler/src/prework/prework.rs:49

  2025-04-28T02:11:56.135950Z ERROR yazi_scheduler::prework::prework: Returned 2 when running fetcher `mime` with:
/home/jordi/.nix-profile
    at yazi-scheduler/src/prework/prework.rs:49

  2025-04-28T02:11:56.734564Z ERROR yazi_scheduler::prework::prework: Returned 2 when running fetcher `mime` with:
/home/jordi/.nix-profile
    at yazi-scheduler/src/prework/prework.rs:49

  2025-04-30T00:42:06.905095Z  WARN yazi_adapter::emulator: [Adapter] No special environment variables detected
    at yazi-adapter/src/emulator.rs:73

  2025-04-30T00:42:06.905454Z  WARN yazi_adapter::emulator: [Adapter] Unknown TERM_PROGRAM: 
    at yazi-adapter/src/emulator.rs:87

  2025-04-30T00:42:06.905455Z  WARN yazi_adapter::emulator: [Adapter] Unknown TERM: xterm-256color
    at yazi-adapter/src/emulator.rs:95

  2025-04-30T00:42:30.813214Z ERROR yazi_scheduler::prework::prework: Returned 2 when running fetcher `mime` with:
/home/jordi/.bash_history
/home/jordi/.gitconfig
/home/jordi/.histfile
/home/jordi/.nix-profile
/home/jordi/.p10k.zsh
/home/jordi/.viminfo
/home/jordi/.wget-hsts
/home/jordi/.zcompdump
/home/jordi/.zshhist
/home/jordi/.zshrc
/home/jordi/.zsh_history
    at yazi-scheduler/src/prework/prework.rs:49

  2025-04-30T00:42:33.506665Z ERROR yazi_scheduler::prework::prework: Returned 2 when running fetcher `mime` with:
/home/jordi/.nix-profile
    at yazi-scheduler/src/prework/prework.rs:49

  2025-04-30T00:42:37.854985Z ERROR yazi_scheduler::prework::prework: Returned 2 when running fetcher `mime` with:
/home/jordi/.nix-profile
    at yazi-scheduler/src/prework/prework.rs:49

  2025-04-30T00:42:40.583877Z ERROR yazi_scheduler::prework::prework: Returned 2 when running fetcher `mime` with:
/home/jordi/.nix-profile
    at yazi-scheduler/src/prework/prework.rs:49

  2025-04-30T00:42:47.646896Z ERROR yazi_scheduler::prework::prework: Returned 2 when running fetcher `mime` with:
/home/jordi/.nix-profile
    at yazi-scheduler/src/prework/prework.rs:49

  2025-04-30T00:42:49.977874Z ERROR yazi_scheduler::prework::prework: Returned 2 when running fetcher `mime` with:
/home/jordi/.nix-profile
    at yazi-scheduler/src/prework/prework.rs:49

  2025-04-30T00:43:24.411859Z ERROR yazi_scheduler::prework::prework: Returned 2 when running fetcher `mime` with:
/home/jordi/.nix-profile
    at yazi-scheduler/src/prework/prework.rs:49

  2025-04-30T00:43:28.633175Z ERROR yazi_scheduler::prework::prework: Returned 2 when running fetcher `mime` with:
/home/jordi/.nix-profile
    at yazi-scheduler/src/prework/prework.rs:49

  2025-04-30T00:43:41.287805Z ERROR yazi_scheduler::prework::prework: Returned 2 when running fetcher `mime` with:
/home/jordi/.nix-profile
    at yazi-scheduler/src/prework/prework.rs:49

  2025-04-30T00:43:49.269506Z ERROR yazi_scheduler::prework::prework: Returned 2 when running fetcher `mime` with:
/home/jordi/.nix-profile
    at yazi-scheduler/src/prework/prework.rs:49

  2025-04-30T00:44:48.797840Z ERROR yazi_scheduler::prework::prework: Returned 2 when running fetcher `mime` with:
/home/jordi/.nix-profile
    at yazi-scheduler/src/prework/prework.rs:49

  2025-04-30T00:45:03.792139Z ERROR yazi_scheduler::prework::prework: Returned 2 when running fetcher `mime` with:
/home/jordi/.nix-profile
    at yazi-scheduler/src/prework/prework.rs:49

  2025-04-30T00:46:34.140403Z  WARN yazi_adapter::emulator: [Adapter] No special environment variables detected
    at yazi-adapter/src/emulator.rs:73

  2025-04-30T00:46:34.140414Z  WARN yazi_adapter::emulator: [Adapter] Unknown TERM_PROGRAM: 
    at yazi-adapter/src/emulator.rs:87

  2025-04-30T00:46:34.140419Z  WARN yazi_adapter::emulator: [Adapter] Unknown TERM: xterm-256color
    at yazi-adapter/src/emulator.rs:95

  2025-04-30T00:46:34.162014Z ERROR yazi_scheduler::prework::prework: Returned 2 when running fetcher `mime` with:
/home/jordi/.bash_history
/home/jordi/.gitconfig
/home/jordi/.histfile
/home/jordi/.nix-profile
/home/jordi/.p10k.zsh
/home/jordi/.viminfo
/home/jordi/.wget-hsts
/home/jordi/.zcompdump
/home/jordi/.zshhist
/home/jordi/.zshrc
/home/jordi/.zsh_history
    at yazi-scheduler/src/prework/prework.rs:49

  2025-04-30T00:46:37.724418Z ERROR yazi_scheduler::prework::prework: Returned 2 when running fetcher `mime` with:
/home/jordi/.nix-profile
    at yazi-scheduler/src/prework/prework.rs:49

  2025-04-30T00:46:37.739870Z ERROR yazi_scheduler::prework::prework: Returned 2 when running fetcher `mime` with:
/home/jordi/.nix-profile
    at yazi-scheduler/src/prework/prework.rs:49

  2025-04-30T00:46:37.755816Z ERROR yazi_scheduler::prework::prework: Returned 2 when running fetcher `mime` with:
/home/jordi/.nix-profile
    at yazi-scheduler/src/prework/prework.rs:49

  2025-04-30T00:46:37.771977Z ERROR yazi_scheduler::prework::prework: Returned 2 when running fetcher `mime` with:
/home/jordi/.nix-profile
    at yazi-scheduler/src/prework/prework.rs:49

  2025-04-30T00:46:37.787883Z ERROR yazi_scheduler::prework::prework: Returned 2 when running fetcher `mime` with:
/home/jordi/.nix-profile
    at yazi-scheduler/src/prework/prework.rs:49

  2025-04-30T00:46:37.803849Z ERROR yazi_scheduler::prework::prework: Returned 2 when running fetcher `mime` with:
/home/jordi/.nix-profile
    at yazi-scheduler/src/prework/prework.rs:49

  2025-04-30T00:46:37.819906Z ERROR yazi_scheduler::prework::prework: Returned 2 when running fetcher `mime` with:
/home/jordi/.nix-profile
    at yazi-scheduler/src/prework/prework.rs:49

  2025-04-30T00:46:37.836119Z ERROR yazi_scheduler::prework::prework: Returned 2 when running fetcher `mime` with:
/home/jordi/.nix-profile
    at yazi-scheduler/src/prework/prework.rs:49

  2025-04-30T00:46:37.851962Z ERROR yazi_scheduler::prework::prework: Returned 2 when running fetcher `mime` with:
/home/jordi/.nix-profile
    at yazi-scheduler/src/prework/prework.rs:49

  2025-04-30T00:46:37.867946Z ERROR yazi_scheduler::prework::prework: Returned 2 when running fetcher `mime` with:
/home/jordi/.nix-profile
    at yazi-scheduler/src/prework/prework.rs:49

  2025-04-30T00:46:37.884037Z ERROR yazi_scheduler::prework::prework: Returned 2 when running fetcher `mime` with:
/home/jordi/.nix-profile
    at yazi-scheduler/src/prework/prework.rs:49

  2025-04-30T00:46:37.900141Z ERROR yazi_scheduler::prework::prework: Returned 2 when running fetcher `mime` with:
/home/jordi/.nix-profile
    at yazi-scheduler/src/prework/prework.rs:49

  2025-04-30T00:46:37.915989Z ERROR yazi_scheduler::prework::prework: Returned 2 when running fetcher `mime` with:
/home/jordi/.nix-profile
    at yazi-scheduler/src/prework/prework.rs:49

  2025-04-30T00:46:37.931950Z ERROR yazi_scheduler::prework::prework: Returned 2 when running fetcher `mime` with:
/home/jordi/.nix-profile
    at yazi-scheduler/src/prework/prework.rs:49

  2025-04-30T00:46:37.949934Z ERROR yazi_scheduler::prework::prework: Returned 2 when running fetcher `mime` with:
/home/jordi/.nix-profile
    at yazi-scheduler/src/prework/prework.rs:49

  2025-04-30T00:46:37.965558Z ERROR yazi_scheduler::prework::prework: Returned 2 when running fetcher `mime` with:
/home/jordi/.nix-profile
    at yazi-scheduler/src/prework/prework.rs:49

  2025-04-30T00:46:37.982572Z ERROR yazi_scheduler::prework::prework: Returned 2 when running fetcher `mime` with:
/home/jordi/.nix-profile
    at yazi-scheduler/src/prework/prework.rs:49

  2025-04-30T00:46:38.000443Z ERROR yazi_scheduler::prework::prework: Returned 2 when running fetcher `mime` with:
/home/jordi/.nix-profile
    at yazi-scheduler/src/prework/prework.rs:49

  2025-04-30T00:46:38.016537Z ERROR yazi_scheduler::prework::prework: Returned 2 when running fetcher `mime` with:
/home/jordi/.nix-profile
    at yazi-scheduler/src/prework/prework.rs:49

  2025-04-30T00:46:38.033185Z ERROR yazi_scheduler::prework::prework: Returned 2 when running fetcher `mime` with:
/home/jordi/.nix-profile
    at yazi-scheduler/src/prework/prework.rs:49

  2025-04-30T00:46:38.051283Z ERROR yazi_scheduler::prework::prework: Returned 2 when running fetcher `mime` with:
/home/jordi/.nix-profile
    at yazi-scheduler/src/prework/prework.rs:49

  2025-04-30T00:46:38.075995Z ERROR yazi_scheduler::prework::prework: Returned 2 when running fetcher `mime` with:
/home/jordi/.nix-profile
    at yazi-scheduler/src/prework/prework.rs:49

  2025-04-30T00:46:38.124505Z ERROR yazi_scheduler::prework::prework: Returned 2 when running fetcher `mime` with:
/home/jordi/.nix-profile
    at yazi-scheduler/src/prework/prework.rs:49

  2025-04-30T00:46:38.156625Z ERROR yazi_scheduler::prework::prework: Returned 2 when running fetcher `mime` with:
/home/jordi/.nix-profile
    at yazi-scheduler/src/prework/prework.rs:49

  2025-04-30T00:46:38.172403Z ERROR yazi_scheduler::prework::prework: Returned 2 when running fetcher `mime` with:
/home/jordi/.nix-profile
    at yazi-scheduler/src/prework/prework.rs:49

  2025-04-30T00:46:38.206399Z ERROR yazi_scheduler::prework::prework: Returned 2 when running fetcher `mime` with:
/home/jordi/.nix-profile
    at yazi-scheduler/src/prework/prework.rs:49

  2025-04-30T00:46:38.244033Z ERROR yazi_scheduler::prework::prework: Returned 2 when running fetcher `mime` with:
/home/jordi/.nix-profile
    at yazi-scheduler/src/prework/prework.rs:49

  2025-04-30T00:46:45.383544Z ERROR yazi_scheduler::prework::prework: Returned 2 when running fetcher `mime` with:
/home/jordi/.nix-profile
    at yazi-scheduler/src/prework/prework.rs:49

  2025-04-30T00:50:51.591734Z ERROR yazi_scheduler::prework::prework: Returned 2 when running fetcher `mime` with:
/home/jordi/.nix-profile
    at yazi-scheduler/src/prework/prework.rs:49

  2025-04-30T00:50:52.691675Z ERROR yazi_scheduler::prework::prework: Returned 2 when running fetcher `mime` with:
/home/jordi/.nix-profile
/home/jordi/.zcompdump.nixos.6982
    at yazi-scheduler/src/prework/prework.rs:49

  2025-04-30T00:50:52.751991Z ERROR yazi_scheduler::prework::prework: Returned 2 when running fetcher `mime` with:
/home/jordi/.nix-profile
    at yazi-scheduler/src/prework/prework.rs:49

  2025-04-30T00:50:52.811668Z ERROR yazi_scheduler::prework::prework: Returned 2 when running fetcher `mime` with:
/home/jordi/.nix-profile
    at yazi-scheduler/src/prework/prework.rs:49

  2025-04-30T00:50:52.842740Z ERROR yazi_scheduler::prework::prework: Returned 2 when running fetcher `mime` with:
/home/jordi/.nix-profile
    at yazi-scheduler/src/prework/prework.rs:49

  2025-04-30T00:50:52.952010Z ERROR yazi_scheduler::prework::prework: Returned 2 when running fetcher `mime` with:
/home/jordi/.nix-profile
    at yazi-scheduler/src/prework/prework.rs:49

  2025-04-30T00:50:53.376850Z ERROR yazi_scheduler::prework::prework: Returned 2 when running fetcher `mime` with:
/home/jordi/.nix-profile
    at yazi-scheduler/src/prework/prework.rs:49

  2025-04-30T00:50:53.386187Z ERROR yazi_scheduler::prework::prework: Returned 2 when running fetcher `mime` with:
/home/jordi/.nix-profile
    at yazi-scheduler/src/prework/prework.rs:49

  2025-04-30T00:50:53.494710Z ERROR yazi_scheduler::prework::prework: Returned 2 when running fetcher `mime` with:
/home/jordi/.nix-profile
    at yazi-scheduler/src/prework/prework.rs:49

  2025-04-30T00:50:53.561290Z ERROR yazi_scheduler::prework::prework: Returned 2 when running fetcher `mime` with:
/home/jordi/.nix-profile
    at yazi-scheduler/src/prework/prework.rs:49

  2025-04-30T00:50:53.604816Z ERROR yazi_scheduler::prework::prework: Returned 2 when running fetcher `mime` with:
/home/jordi/.nix-profile
    at yazi-scheduler/src/prework/prework.rs:49

  2025-04-30T00:50:53.713097Z ERROR yazi_scheduler::prework::prework: Returned 2 when running fetcher `mime` with:
/home/jordi/.nix-profile
    at yazi-scheduler/src/prework/prework.rs:49

  2025-04-30T12:34:10.743219Z ERROR yazi_scheduler::prework::prework: Returned 2 when running fetcher `mime` with:
/home/jordi/.bash_history
/home/jordi/.gitconfig
/home/jordi/.histfile
/home/jordi/.nix-profile
/home/jordi/.p10k.zsh
/home/jordi/.viminfo
/home/jordi/.wget-hsts
/home/jordi/.zcompdump
/home/jordi/.zshhist
/home/jordi/.zshrc
/home/jordi/.zsh_history
    at yazi-scheduler/src/prework/prework.rs:49

  2025-04-30T12:34:39.842005Z ERROR yazi_scheduler::prework::prework: Returned 2 when running fetcher `mime` with:
/home/jordi/.bash_history
/home/jordi/.gitconfig
/home/jordi/.histfile
/home/jordi/.nix-profile
/home/jordi/.p10k.zsh
/home/jordi/.viminfo
/home/jordi/.wget-hsts
/home/jordi/.zcompdump
/home/jordi/.zshhist
/home/jordi/.zshrc
/home/jordi/.zsh_history
    at yazi-scheduler/src/prework/prework.rs:49

  2025-04-30T12:35:17.676883Z ERROR yazi_scheduler::prework::prework: Returned 2 when running fetcher `mime` with:
/home/jordi/.nix-profile
    at yazi-scheduler/src/prework/prework.rs:49

  2025-04-30T13:21:50.182396Z ERROR yazi_scheduler::prework::prework: Returned 2 when running fetcher `mime` with:
/home/jordi/.bash_history
/home/jordi/.gitconfig
/home/jordi/.histfile
/home/jordi/.nix-profile
/home/jordi/.p10k.zsh
/home/jordi/.viminfo
/home/jordi/.wget-hsts
/home/jordi/.zcompdump
/home/jordi/.zshhist
/home/jordi/.zshrc
/home/jordi/.zsh_history
    at yazi-scheduler/src/prework/prework.rs:49

  2025-04-30T13:39:19.726181Z  WARN yazi_adapter::emulator: [Adapter] No special environment variables detected
    at yazi-adapter/src/emulator.rs:73

  2025-04-30T13:39:19.726194Z  WARN yazi_adapter::emulator: [Adapter] Unknown TERM_PROGRAM: 
    at yazi-adapter/src/emulator.rs:87

  2025-04-30T13:39:19.726195Z  WARN yazi_adapter::emulator: [Adapter] Unknown TERM: xterm-256color
    at yazi-adapter/src/emulator.rs:95

  2025-04-30T13:39:19.747871Z ERROR yazi_scheduler::prework::prework: Returned 2 when running fetcher `mime` with:
/home/jordi/.bash_history
/home/jordi/.gitconfig
/home/jordi/.histfile
/home/jordi/.nix-profile
/home/jordi/.p10k.zsh
/home/jordi/.viminfo
/home/jordi/.wget-hsts
/home/jordi/.zcompdump
/home/jordi/.zshhist
/home/jordi/.zshrc
/home/jordi/.zsh_history
    at yazi-scheduler/src/prework/prework.rs:49

  2025-04-30T20:44:46.504495Z  WARN yazi_adapter::emulator: [Adapter] No special environment variables detected
    at yazi-adapter/src/emulator.rs:73

  2025-04-30T20:44:46.510387Z  WARN yazi_adapter::emulator: [Adapter] Unknown TERM_PROGRAM: tmux
    at yazi-adapter/src/emulator.rs:87

  2025-04-30T20:44:46.510392Z  WARN yazi_adapter::emulator: [Adapter] Unknown TERM: screen-256color
    at yazi-adapter/src/emulator.rs:95

  2025-04-30T20:44:46.560476Z ERROR yazi_scheduler::prework::prework: Returned 2 when running fetcher `mime` with:
/home/jordi/.bash_history
/home/jordi/.gitconfig
/home/jordi/.histfile
/home/jordi/.nix-profile
/home/jordi/.p10k.zsh
/home/jordi/.viminfo
/home/jordi/.wget-hsts
/home/jordi/.zcompdump
/home/jordi/.zshhist
/home/jordi/.zshrc
/home/jordi/.zsh_history
    at yazi-scheduler/src/prework/prework.rs:49

  2025-04-30T20:45:44.104067Z ERROR yazi_scheduler::prework::prework: Returned 2 when running fetcher `mime` with:
/home/jordi/.nix-profile
    at yazi-scheduler/src/prework/prework.rs:49

  2025-04-30T20:56:54.411234Z  WARN yazi_adapter::emulator: [Adapter] No special environment variables detected
    at yazi-adapter/src/emulator.rs:73

  2025-04-30T20:56:54.416739Z  WARN yazi_adapter::emulator: [Adapter] Unknown TERM_PROGRAM: tmux
    at yazi-adapter/src/emulator.rs:87

  2025-04-30T20:56:54.416744Z  WARN yazi_adapter::emulator: [Adapter] Unknown TERM: screen-256color
    at yazi-adapter/src/emulator.rs:95

  2025-04-30T20:58:29.720631Z  WARN yazi_adapter::emulator: [Adapter] No special environment variables detected
    at yazi-adapter/src/emulator.rs:73

  2025-04-30T20:58:29.726176Z  WARN yazi_adapter::emulator: [Adapter] Unknown TERM_PROGRAM: tmux
    at yazi-adapter/src/emulator.rs:87

  2025-04-30T20:58:29.726189Z  WARN yazi_adapter::emulator: [Adapter] Unknown TERM: screen-256color
    at yazi-adapter/src/emulator.rs:95

  2025-04-30T20:58:29.747794Z ERROR yazi_scheduler::prework::prework: Returned 2 when running fetcher `mime` with:
/home/jordi/.bash_history
/home/jordi/.gitconfig
/home/jordi/.histfile
/home/jordi/.lesshst
/home/jordi/.nix-profile
/home/jordi/.p10k.zsh
/home/jordi/.viminfo
/home/jordi/.wget-hsts
/home/jordi/.zcompdump
/home/jordi/.zshhist
/home/jordi/.zshrc
/home/jordi/.zsh_history
    at yazi-scheduler/src/prework/prework.rs:49

  2025-04-30T20:58:32.982922Z ERROR yazi_scheduler::prework::prework: Returned 2 when running fetcher `mime` with:
/etc/.clean
/etc/.pwd.lock
/etc/.updated
/etc/adjtime
/etc/bashrc
/etc/fstab
/etc/fuse.conf
/etc/gitconfig
/etc/group
/etc/host.conf
/etc/hostname
/etc/hosts
/etc/inputrc
/etc/ipsec.secrets
/etc/issue
/etc/locale.conf
/etc/localtime
/etc/login.defs
/etc/lsb-release
/etc/machine-id
/etc/man_db.conf
/etc/mtab
/etc/nanorc
/etc/netgroup
/etc/NIXOS
/etc/nscd.conf
/etc/nsswitch.conf
/etc/os-release
/etc/passwd
/etc/profile
/etc/protocols
/etc/reader.conf
/etc/resolv.conf
/etc/resolv.conf.bak
/etc/resolvconf.conf
/etc/rpc
/etc/services
/etc/set-environment
/etc/shadow
/etc/shells
/etc/subgid
/etc/subuid
/etc/sudoers
/etc/tmux.conf
/etc/vconsole.conf
/etc/zinputrc
/etc/zprofile
/etc/zshenv
/etc/zshrc
    at yazi-scheduler/src/prework/prework.rs:49

  2025-04-30T20:58:35.849334Z ERROR yazi_scheduler::prework::prework: Returned 2 when running fetcher `mime` with:
/etc/nixos/cachix.nix
/etc/nixos/configuration.nix
/etc/nixos/configuration.nix.bak
/etc/nixos/hardware-configuration.nix
    at yazi-scheduler/src/prework/prework.rs:49

  2025-04-30T20:58:48.377206Z ERROR yazi_scheduler::prework::prework: Returned 2 when running fetcher `mime` with:
/etc/shadow
/etc/sudoers
    at yazi-scheduler/src/prework/prework.rs:49

  2025-04-30T20:58:50.724473Z ERROR yazi_scheduler::prework::prework: Returned 2 when running fetcher `mime` with:
/home/jordi/.nix-profile
    at yazi-scheduler/src/prework/prework.rs:49

  2025-04-30T20:58:55.087510Z ERROR yazi_scheduler::prework::prework: Returned 2 when running fetcher `mime` with:
/home/jordi/.nix-profile
    at yazi-scheduler/src/prework/prework.rs:49

  2025-04-30T20:59:05.988274Z ERROR yazi_scheduler::prework::prework: Returned 2 when running fetcher `mime` with:
/etc/shadow
/etc/sudoers
    at yazi-scheduler/src/prework/prework.rs:49

