2025-05-10 15:47:17.032 [warning] Via 'product.json#extensionEnabledApiProposals' extension 'ms-vscode.vscode-selfhost-test-provider' wants API proposal 'attributableCoverage' but that proposal DOES NOT EXIST. Likely, the proposal has been finalized (check 'vscode.d.ts') or was abandoned.
2025-05-10 15:47:17.033 [warning] Via 'product.json#extensionEnabledApiProposals' extension 'ms-python.python' wants API proposal 'contribIssueReporter' but that proposal DOES NOT EXIST. Likely, the proposal has been finalized (check 'vscode.d.ts') or was abandoned.
2025-05-10 15:47:17.033 [warning] Via 'product.json#extensionEnabledApiProposals' extension 'ms-python.debugpy' wants API proposal 'contribIssueReporter' but that proposal DOES NOT EXIST. Likely, the proposal has been finalized (check 'vscode.d.ts') or was abandoned.
2025-05-10 15:47:17.033 [warning] Via 'product.json#extensionEnabledApiProposals' extension 'redhat.java' wants API proposal 'documentPaste' but that proposal DOES NOT EXIST. Likely, the proposal has been finalized (check 'vscode.d.ts') or was abandoned.
2025-05-10 15:47:17.282 [info] Started local extension host with pid 21192.
2025-05-10 15:47:19.992 [info] [perf] Render performance baseline is 19ms
2025-05-10 15:47:46.244 [warning] Via 'product.json#extensionEnabledApiProposals' extension 'ms-vscode.vscode-selfhost-test-provider' wants API proposal 'attributableCoverage' but that proposal DOES NOT EXIST. Likely, the proposal has been finalized (check 'vscode.d.ts') or was abandoned.
2025-05-10 15:47:46.244 [warning] Via 'product.json#extensionEnabledApiProposals' extension 'ms-python.python' wants API proposal 'contribIssueReporter' but that proposal DOES NOT EXIST. Likely, the proposal has been finalized (check 'vscode.d.ts') or was abandoned.
2025-05-10 15:47:46.244 [warning] Via 'product.json#extensionEnabledApiProposals' extension 'ms-python.debugpy' wants API proposal 'contribIssueReporter' but that proposal DOES NOT EXIST. Likely, the proposal has been finalized (check 'vscode.d.ts') or was abandoned.
2025-05-10 15:47:46.245 [warning] Via 'product.json#extensionEnabledApiProposals' extension 'redhat.java' wants API proposal 'documentPaste' but that proposal DOES NOT EXIST. Likely, the proposal has been finalized (check 'vscode.d.ts') or was abandoned.
2025-05-10 15:47:46.382 [info] Started local extension host with pid 21325.
2025-05-10 15:47:48.983 [info] [perf] Render performance baseline is 19ms
2025-05-10 15:47:49.422 [error] An unknown error occurred. Please consult the log for more details.
2025-05-10 15:47:53.212 [warning] Via 'product.json#extensionEnabledApiProposals' extension 'ms-vscode.vscode-selfhost-test-provider' wants API proposal 'attributableCoverage' but that proposal DOES NOT EXIST. Likely, the proposal has been finalized (check 'vscode.d.ts') or was abandoned.
2025-05-10 15:47:53.212 [warning] Via 'product.json#extensionEnabledApiProposals' extension 'ms-python.python' wants API proposal 'contribIssueReporter' but that proposal DOES NOT EXIST. Likely, the proposal has been finalized (check 'vscode.d.ts') or was abandoned.
2025-05-10 15:47:53.212 [warning] Via 'product.json#extensionEnabledApiProposals' extension 'ms-python.debugpy' wants API proposal 'contribIssueReporter' but that proposal DOES NOT EXIST. Likely, the proposal has been finalized (check 'vscode.d.ts') or was abandoned.
2025-05-10 15:47:53.213 [warning] Via 'product.json#extensionEnabledApiProposals' extension 'redhat.java' wants API proposal 'documentPaste' but that proposal DOES NOT EXIST. Likely, the proposal has been finalized (check 'vscode.d.ts') or was abandoned.
2025-05-10 15:47:53.349 [info] Started local extension host with pid 21465.
2025-05-10 15:47:55.966 [info] [perf] Render performance baseline is 19ms
2025-05-10 15:48:02.622 [error] An unknown error occurred. Please consult the log for more details.
2025-05-10 15:49:31.318 [warning] [backup tracker] suspended, ignoring unregister event file:///home/jordi/onedrive/master/m41_dss/renv/library/windows/R-4.4/x86_64-w64-mingw32/bslib/lib/bs5/package.json 
2025-05-10 15:49:31.318 [warning] [backup tracker] suspended, ignoring unregister event file:///home/jordi/onedrive/master/m41_dss/renv/library/windows/R-4.4/x86_64-w64-mingw32/bslib/lib/bs-a11y-p/package.json 
2025-05-10 15:49:31.318 [warning] [backup tracker] suspended, ignoring unregister event file:///home/jordi/onedrive/master/m41_dss/renv/library/windows/R-4.4/x86_64-w64-mingw32/bslib/lib/bsw4/package.json 
2025-05-10 15:49:31.318 [warning] [backup tracker] suspended, ignoring unregister event file:///home/jordi/onedrive/master/m41_dss/renv/library/windows/R-4.4/x86_64-w64-mingw32/bslib/lib/bs3/package.json 
2025-05-10 15:49:31.319 [warning] [backup tracker] suspended, ignoring unregister event file:///home/jordi/onedrive/master/m41_dss/renv/library/windows/R-4.4/x86_64-w64-mingw32/bslib/lib/bsw3/package.json 
