0 verbose cli /nix/store/50lhzpd68v47x6jy0b8b3p91n2zv3lv4-nodejs-22.14.0/bin/node /run/current-system/sw/bin/npm
1 info using npm@10.9.2
2 info using node@v22.14.0
3 silly config load:file:/nix/store/50lhzpd68v47x6jy0b8b3p91n2zv3lv4-nodejs-22.14.0/lib/node_modules/npm/npmrc
4 silly config load:file:/home/jordi/.local/share/zed/prettier/.npmrc
5 silly config load:file:/home/jordi/.npmrc
6 silly config load:file:/home/jordi/.local/share/zed/prettier/etc/npmrc
7 verbose title npm install prettier@3.5.3
8 verbose argv "install" "--cache" "/home/jordi/.local/share/zed/node/cache" "prettier@3.5.3" "--save-exact" "--fetch-retry-mintimeout" "2000" "--fetch-retry-maxtimeout" "5000" "--fetch-timeout" "5000" "--prefix" "/home/jordi/.local/share/zed/prettier"
9 verbose logfile logs-max:10 dir:/home/jordi/.local/share/zed/node/cache/_logs/2025-05-26T13_09_43_097Z-
10 verbose logfile /home/jordi/.local/share/zed/node/cache/_logs/2025-05-26T13_09_43_097Z-debug-0.log
11 silly logfile done cleaning log files
12 silly packumentCache heap:4345298944 maxSize:1086324736 maxEntrySize:543162368
13 silly idealTree buildDeps
14 silly fetch manifest prettier@3.5.3
15 silly packumentCache full:https://registry.npmjs.org/prettier cache-miss
16 http cache https://registry.npmjs.org/prettier 9ms (cache hit)
17 silly packumentCache full:https://registry.npmjs.org/prettier set size:587815 disposed:false
18 silly placeDep ROOT prettier@3.5.3 OK for:  want: 3.5.3
19 silly reify moves {}
20 http cache prettier@https://registry.npmjs.org/prettier/-/prettier-3.5.3.tgz 0ms (cache hit)
21 silly tarball no local data for prettier@https://registry.npmjs.org/prettier/-/prettier-3.5.3.tgz. Extracting by manifest.
22 http fetch GET 200 https://registry.npmjs.org/prettier/-/prettier-3.5.3.tgz 310ms (cache miss)
23 silly ADD node_modules/prettier
24 verbose cwd /home/jordi/dotfiles/.local/share/zed/prettier
25 verbose os Linux 6.14.6
26 verbose node v22.14.0
27 verbose npm  v10.9.2
28 verbose exit 0
29 info ok
