2025-05-13 20:14:49.638 [info] [main] Log level: Info
2025-05-13 20:14:49.638 [info] [main] Validating found git in: "git"
2025-05-13 20:14:49.638 [info] [main] Using git "2.47.2" from "git"
2025-05-13 20:14:49.638 [info] [Model][doInitialScan] Initial repository scan started
2025-05-13 20:14:49.638 [info] > git rev-parse --show-toplevel [20ms]
2025-05-13 20:14:49.638 [info] fatal: not a git repository (or any of the parent directories): .git
2025-05-13 20:14:49.638 [info] > git rev-parse --show-toplevel [2ms]
2025-05-13 20:14:49.638 [info] fatal: not a git repository (or any of the parent directories): .git
2025-05-13 20:14:49.638 [info] [Model][doInitialScan] Initial repository scan completed - repositories (0), closed repositories (0), parent repositories (0), unsafe repositories (0)
2025-05-13 20:14:50.561 [info] > git rev-parse --show-toplevel [1ms]
2025-05-13 20:14:50.561 [info] fatal: not a git repository (or any of the parent directories): .git
2025-05-13 20:14:51.655 [info] > git rev-parse --show-toplevel [3ms]
2025-05-13 20:14:51.655 [info] fatal: not a git repository (or any of the parent directories): .git
2025-05-13 20:14:51.661 [info] > git rev-parse --show-toplevel [1ms]
2025-05-13 20:14:51.661 [info] fatal: not a git repository (or any of the parent directories): .git
2025-05-13 20:14:51.733 [info] > git rev-parse --show-toplevel [1ms]
2025-05-13 20:14:51.733 [info] fatal: not a git repository (or any of the parent directories): .git
2025-05-13 20:15:15.336 [info] > git rev-parse --show-toplevel [1ms]
2025-05-13 20:15:15.336 [info] fatal: not a git repository (or any of the parent directories): .git
2025-05-13 20:15:16.416 [info] > git rev-parse --show-toplevel [1ms]
2025-05-13 20:15:16.416 [info] fatal: not a git repository (or any of the parent directories): .git
2025-05-13 20:15:28.641 [info] > git rev-parse --show-toplevel [1ms]
2025-05-13 20:15:28.641 [info] fatal: not a git repository (or any of the parent directories): .git
2025-05-13 20:17:53.714 [info] > git rev-parse --show-toplevel [1ms]
2025-05-13 20:17:53.714 [info] fatal: not a git repository (or any of the parent directories): .git
2025-05-13 20:18:08.687 [info] > git rev-parse --show-toplevel [1ms]
2025-05-13 20:18:08.687 [info] fatal: not a git repository (or any of the parent directories): .git
