2025-05-20 01:26:56.390 [info] Extension host with pid 9435 started
2025-05-20 01:26:56.390 [info] Skipping acquiring lock for /home/jordi/.config/VSCodium/User/workspaceStorage/e723760bd62d6c90507ab1e039c5355f.
2025-05-20 01:26:56.545 [info] ExtensionService#_doActivateExtension vscode.emmet, startup: false, activationEvent: 'onLanguage'
2025-05-20 01:26:56.566 [info] ExtensionService#_doActivateExtension vscode.typescript-language-features, startup: false, activationEvent: 'onLanguage:typescriptreact'
2025-05-20 01:26:56.762 [info] ExtensionService#_doActivateExtension vscode.git-base, startup: true, activationEvent: '*', root cause: vscode.git
2025-05-20 01:26:56.817 [info] ExtensionService#_doActivateExtension vscode.git, startup: true, activationEvent: '*'
2025-05-20 01:26:56.857 [info] ExtensionService#_doActivateExtension vscode.github, startup: true, activationEvent: '*'
2025-05-20 01:26:56.937 [info] ExtensionService#_doActivateExtension REditorSupport.r, startup: true, activationEvent: 'workspaceContains:**/*.{rproj,Rproj,r,R,rd,Rd,rmd,Rmd}'
2025-05-20 01:26:57.086 [info] ExtensionService#_doActivateExtension vscode.configuration-editing, startup: false, activationEvent: 'onLanguage:jsonc'
2025-05-20 01:26:57.093 [info] ExtensionService#_doActivateExtension vscode.json-language-features, startup: false, activationEvent: 'onLanguage:jsonc'
2025-05-20 01:26:57.182 [info] Eager extensions activated
2025-05-20 01:26:57.240 [info] ExtensionService#_doActivateExtension vscode.debug-auto-launch, startup: false, activationEvent: 'onStartupFinished'
2025-05-20 01:26:57.245 [info] ExtensionService#_doActivateExtension vscode.merge-conflict, startup: false, activationEvent: 'onStartupFinished'
2025-05-20 01:26:58.432 [error] Error: Client is not running and can't be stopped. It's current state is: starting
	at v.shutdown (/nix/store/x77i4vl2ny33h7719z90m1awf283mmiy-vscode-extension-reditorsupport-r-2.8.5/share/vscode/extensions/reditorsupport.r/dist/extension.js:2:538273)
	at v.stop (/nix/store/x77i4vl2ny33h7719z90m1awf283mmiy-vscode-extension-reditorsupport-r-2.8.5/share/vscode/extensions/reditorsupport.r/dist/extension.js:2:537854)
	at v.stop (/nix/store/x77i4vl2ny33h7719z90m1awf283mmiy-vscode-extension-reditorsupport-r-2.8.5/share/vscode/extensions/reditorsupport.r/dist/extension.js:2:704241)
	at ChildProcess.<anonymous> (/nix/store/x77i4vl2ny33h7719z90m1awf283mmiy-vscode-extension-reditorsupport-r-2.8.5/share/vscode/extensions/reditorsupport.r/dist/extension.js:2:345288)
	at ChildProcess.emit (node:events:530:35)
	at ChildProcess._handle.onexit (node:internal/child_process:293:12)
2025-05-20 01:28:04.897 [info] Extension host terminating: renderer closed the MessagePort
2025-05-20 01:28:04.905 [info] Extension host with pid 9435 exiting with code 0
