2025-05-13 20:14:48.988 [info] Extension host with pid 12927 started
2025-05-13 20:14:48.988 [info] Skipping acquiring lock for /home/jordi/.config/VSCodium/User/workspaceStorage/e723760bd62d6c90507ab1e039c5355f.
2025-05-13 20:14:49.340 [info] ExtensionService#_doActivateExtension vscode.git-base, startup: true, activationEvent: '*', root cause: vscode.git
2025-05-13 20:14:49.359 [info] ExtensionService#_doActivateExtension vscode.git, startup: true, activationEvent: '*'
2025-05-13 20:14:49.411 [info] ExtensionService#_doActivateExtension vscode.github, startup: true, activationEvent: '*'
2025-05-13 20:14:49.429 [info] ExtensionService#_doActivateExtension REditorSupport.r, startup: true, activationEvent: 'workspaceContains:**/*.{rproj,Rproj,r,R,rd,Rd,rmd,Rmd}'
2025-05-13 20:14:49.596 [info] Eager extensions activated
2025-05-13 20:14:49.610 [info] ExtensionService#_doActivateExtension vscode.debug-auto-launch, startup: false, activationEvent: 'onStartupFinished'
2025-05-13 20:14:49.612 [info] ExtensionService#_doActivateExtension vscode.merge-conflict, startup: false, activationEvent: 'onStartupFinished'
2025-05-13 20:14:50.712 [error] Error: Client is not running and can't be stopped. It's current state is: starting
	at v.shutdown (/nix/store/bkgwf2x3kjx97d6ll79gscnlhjydx9xb-vscode-extension-reditorsupport-r-2.8.5/share/vscode/extensions/reditorsupport.r/dist/extension.js:2:538273)
	at v.stop (/nix/store/bkgwf2x3kjx97d6ll79gscnlhjydx9xb-vscode-extension-reditorsupport-r-2.8.5/share/vscode/extensions/reditorsupport.r/dist/extension.js:2:537854)
	at v.stop (/nix/store/bkgwf2x3kjx97d6ll79gscnlhjydx9xb-vscode-extension-reditorsupport-r-2.8.5/share/vscode/extensions/reditorsupport.r/dist/extension.js:2:704241)
	at ChildProcess.<anonymous> (/nix/store/bkgwf2x3kjx97d6ll79gscnlhjydx9xb-vscode-extension-reditorsupport-r-2.8.5/share/vscode/extensions/reditorsupport.r/dist/extension.js:2:345288)
	at ChildProcess.emit (node:events:530:35)
	at ChildProcess._handle.onexit (node:internal/child_process:293:12)
2025-05-13 20:14:55.913 [info] ExtensionService#_doActivateExtension vscode.npm, startup: false, activationEvent: 'onTerminalQuickFixRequest:ms-vscode.npm-command'
2025-05-13 20:15:15.378 [info] ExtensionService#_doActivateExtension vscode.emmet, startup: false, activationEvent: 'onLanguage'
2025-05-13 20:17:49.021 [error] Error: ENOENT: no such file or directory, open '/tmp/RtmpIhr5Jr/vscode-R/workspace.lock'
2025-05-13 20:17:49.021 [error] Error: ENOENT: no such file or directory, open '/tmp/RtmpIhr5Jr/vscode-R/workspace.lock'
2025-05-13 20:17:49.021 [error] Error: ENOENT: no such file or directory, open '/tmp/RtmpIhr5Jr/vscode-R/workspace.lock'
2025-05-13 20:17:49.021 [error] Error: ENOENT: no such file or directory, open '/tmp/RtmpIhr5Jr/vscode-R/plot.lock'
2025-05-13 20:17:49.021 [error] Error: ENOENT: no such file or directory, open '/tmp/RtmpIhr5Jr/vscode-R/plot.lock'
2025-05-13 20:17:49.022 [error] Error: ENOENT: no such file or directory, open '/tmp/RtmpIhr5Jr/vscode-R/plot.lock'
2025-05-13 20:18:11.505 [info] Extension host terminating: renderer closed the MessagePort
2025-05-13 20:18:11.509 [info] Extension host with pid 12927 exiting with code 0
